#
# There is insufficient memory for the Java Runtime Environment to continue.
# Native memory allocation (mmap) failed to map 25165824 bytes for Failed to commit area from 0x0000000083d00000 to 0x0000000085500000 of length 25165824.
# Possible reasons:
#   The system is out of physical RAM or swap space
#   The process is running with CompressedOops enabled, and the Java Heap may be blocking the growth of the native heap
# Possible solutions:
#   Reduce memory load on the system
#   Increase physical memory or swap space
#   Check if swap backing store is full
#   Decrease Java heap size (-Xmx/-Xms)
#   Decrease number of Java threads
#   Decrease Java thread stack sizes (-Xss)
#   Set larger code cache with -XX:ReservedCodeCacheSize=
#   JVM is running with Unscaled Compressed Oops mode in which the Java heap is
#     placed in the first 4GB address space. The Java Heap base address is the
#     maximum limit for the native heap growth. Please use -XX:HeapBaseMinAddress
#     to set the Java Heap base and to place the Java Heap above 4GB virtual address.
# This output file may be truncated or incomplete.
#
#  Out of Memory Error (t:/workspace/open/src/hotspot/os/windows/os_windows.cpp:3301), pid=16864, tid=8444
#
# JRE version: Java(TM) SE Runtime Environment (13.0.1+9) (build 13.0.1+9)
# Java VM: Java HotSpot(TM) 64-Bit Server VM (13.0.1+9, mixed mode, sharing, tiered, compressed oops, g1 gc, windows-amd64)
# No core dump will be written. Minidumps are not enabled by default on client versions of Windows
#

---------------  S U M M A R Y ------------

Command Line: -Dapplication.home=C:\Program Files\Java\jdk-13.0.1 --add-modules=ALL-DEFAULT -Xms8m -Djdk.module.main=jdk.compiler jdk.compiler/com.sun.tools.javac.Main -d D:\JavaNetBeansProjects\Hotel Management System\build\classes -classpath D:\JavaNetBeansProjects\Hotel Management System\build\classes;C:\Program Files\NetBeans-12.0\netbeans\ide\modules\ext\postgresql-42.2.10.jar;C:\Users\Goutam\Downloads\jar_files.zip;C:\Users\Goutam\Downloads\mysql-connector-java-8.0.25.jar;C:\Users\Goutam\OneDrive\Desktop\mysql-connector-java-8.0.25.zip;D:\JavaNetBeansProjects\Hotel Management System\jar\rs2xml.jar -sourcepath D:\JavaNetBeansProjects\Hotel Management System\src -target 13 -encoding UTF-8 -g -processorpath C:\Program Files\NetBeans-12.0\netbeans\ide\modules\ext\postgresql-42.2.10.jar;C:\Users\Goutam\Downloads\jar_files.zip;C:\Users\Goutam\Downloads\mysql-connector-java-8.0.25.jar;C:\Users\Goutam\OneDrive\Desktop\mysql-connector-java-8.0.25.zip;D:\JavaNetBeansProjects\Hotel Management System\jar\rs2xml.jar;D:\JavaNetBeansProjects\Hotel Management System\build\empty -s D:\JavaNetBeansProjects\Hotel Management System\build\generated-sources\ap-source-output -source 13 D:\JavaNetBeansProjects\Hotel Management System\src\hotel\management\system\PickUp.java

Host: Intel(R) Core(TM) i5-8300H CPU @ 2.30GHz, 8 cores, 7G,  Windows 10 , 64 bit Build 19041 (10.0.19041.928)
Time: Fri Jun 18 11:16:41 2021 India Standard Time elapsed time: 0 seconds (0d 0h 0m 0s)

---------------  T H R E A D  ---------------

Current thread (0x000001d64cdc0800):  VMThread "VM Thread" [stack: 0x000000d519300000,0x000000d519400000] [id=8444]

Stack: [0x000000d519300000,0x000000d519400000]
[error occurred during error reporting (printing stack bounds), id 0xc0000005, EXCEPTION_ACCESS_VIOLATION (0xc0000005) at pc=0x000001d635da10ad]

Native frames: (J=compiled Java code, j=interpreted, Vv=VM code, C=native code)
V  [jvm.dll+0x626eca]
V  [jvm.dll+0x772c6a]
V  [jvm.dll+0x77441f]
V  [jvm.dll+0x774985]
V  [jvm.dll+0x77493b]
V  [jvm.dll+0x6266ff]
C  [ntdll.dll+0x78a4c]
C  [ntdll.dll+0x51276]
C  [ntdll.dll+0xa0cae]
C  0x000001d635da10ad

VM_Operation (0x000000d518dfbd00): G1CollectForAllocation, mode: safepoint, requested by thread 0x000001d62d88a800


---------------  P R O C E S S  ---------------

Threads class SMR info:
_java_thread_list=0x000001d64de6d910, length=12, elements={
0x000001d62d88a800, 0x000001d64cdc6000, 0x000001d64cdcb000, 0x000001d64cde1000,
0x000001d64cde3800, 0x000001d64cde5800, 0x000001d64cdeb800, 0x000001d64cdef000,
0x000001d64d807800, 0x000001d64d89f800, 0x000001d64dcf0000, 0x000001d64df8e000
}

Java Threads: ( => current thread )
  0x000001d62d88a800 JavaThread "main" [_thread_blocked, id=7084, stack(0x000000d518d00000,0x000000d518e00000)]
  0x000001d64cdc6000 JavaThread "Reference Handler" daemon [_thread_blocked, id=20328, stack(0x000000d519400000,0x000000d519500000)]
  0x000001d64cdcb000 JavaThread "Finalizer" daemon [_thread_blocked, id=10560, stack(0x000000d519500000,0x000000d519600000)]
  0x000001d64cde1000 JavaThread "Signal Dispatcher" daemon [_thread_blocked, id=6900, stack(0x000000d519600000,0x000000d519700000)]
  0x000001d64cde3800 JavaThread "Attach Listener" daemon [_thread_blocked, id=15508, stack(0x000000d519700000,0x000000d519800000)]
  0x000001d64cde5800 JavaThread "C2 CompilerThread0" daemon [_thread_blocked, id=19152, stack(0x000000d519800000,0x000000d519900000)]
  0x000001d64cdeb800 JavaThread "C1 CompilerThread0" daemon [_thread_blocked, id=5796, stack(0x000000d519900000,0x000000d519a00000)]
  0x000001d64cdef000 JavaThread "Sweeper thread" daemon [_thread_blocked, id=4516, stack(0x000000d519a00000,0x000000d519b00000)]
  0x000001d64d807800 JavaThread "Common-Cleaner" daemon [_thread_blocked, id=20036, stack(0x000000d519b00000,0x000000d519c00000)]
  0x000001d64d89f800 JavaThread "Service Thread" daemon [_thread_blocked, id=21264, stack(0x000000d519c00000,0x000000d519d00000)]
  0x000001d64dcf0000 JavaThread "C2 CompilerThread1" daemon [_thread_blocked, id=17888, stack(0x000000d519f00000,0x000000d51a000000)]
  0x000001d64df8e000 JavaThread "C2 CompilerThread2" daemon [_thread_blocked, id=11212, stack(0x000000d51a100000,0x000000d51a200000)]

Other Threads:
=>0x000001d64cdc0800 VMThread "VM Thread" [stack: 0x000000d519300000,0x000000d519400000] [id=8444]
  0x000001d64d84b000 WatcherThread [stack: 0x000000d519d00000,0x000000d519e00000] [id=3508]
  0x000001d62d8cf800 GCTaskThread "GC Thread#0" [stack: 0x000000d518e00000,0x000000d518f00000] [id=7736]
  0x000001d64d89d800 GCTaskThread "GC Thread#1" [stack: 0x000000d519e00000,0x000000d519f00000] [id=21016]
  0x000001d62d8e1000 ConcurrentGCThread "G1 Main Marker" [stack: 0x000000d518f00000,0x000000d519000000] [id=2792]
  0x000001d62d8e3000 ConcurrentGCThread "G1 Conc#0" [stack: 0x000000d519000000,0x000000d519100000] [id=7372]
  0x000001d64deb9000 ConcurrentGCThread "G1 Conc#1" [stack: 0x000000d51a000000,0x000000d51a100000] [id=7952]
  0x000001d62d938800 ConcurrentGCThread "G1 Refine#0" [stack: 0x000000d519100000,0x000000d519200000] [id=516]
  0x000001d62d93c800 ConcurrentGCThread "G1 Young RemSet Sampling" [stack: 0x000000d519200000,0x000000d519300000] [id=14632]

Threads with active compile tasks:
C2 CompilerThread0      694 1592       4       jdk.internal.jrtfs.JrtPath::resolve (125 bytes)
C1 CompilerThread0      694 1661       3       jdk.internal.org.objectweb.asm.MethodWriter::putMethodInfo (1431 bytes)
C2 CompilerThread1      694 1505       4       com.sun.tools.javac.jvm.PoolReader::resolve (341 bytes)
C2 CompilerThread2      694 1555       4       com.sun.tools.javac.jvm.ClassReader::sigToType (893 bytes)

VM state:at safepoint (normal execution)

VM Mutex/Monitor currently owned by a thread:  ([mutex/lock_event])
[0x000001d62d887e00] Threads_lock - owner thread: 0x000001d64cdc0800
[0x000001d62d886ae0] Heap_lock - owner thread: 0x000001d62d88a800

Heap address: 0x0000000082600000, size: 2010 MB, Compressed Oops mode: 32-bit
Narrow klass base: 0x0000000800000000, Narrow klass shift: 3
Compressed class space size: 1073741824 Address: 0x0000000800b40000

Heap:
 garbage-first heap   total 48128K, used 11613K [0x0000000082600000, 0x0000000100000000)
  region size 1024K, 1 young (1024K), 1 survivors (1024K)
 Metaspace       used 9689K, capacity 12266K, committed 12544K, reserved 1060864K
  class space    used 1140K, capacity 1458K, committed 1536K, reserved 1048576K
Heap Regions: E=young(eden), S=young(survivor), O=old, HS=humongous(starts), HC=humongous(continues), CS=collection set, F=free, A=archive, TAMS=top-at-mark-start (previous, next)
|   0|0x0000000082600000, 0x0000000082700000, 0x0000000082700000|100%| O|  |TAMS 0x0000000082700000, 0x0000000082600000| Untracked 
|   1|0x0000000082700000, 0x0000000082800000, 0x0000000082800000|100%| O|  |TAMS 0x0000000082800000, 0x0000000082700000| Untracked 
|   2|0x0000000082800000, 0x0000000082900000, 0x0000000082900000|100%| O|  |TAMS 0x0000000082900000, 0x0000000082800000| Untracked 
|   3|0x0000000082900000, 0x0000000082a00000, 0x0000000082a00000|100%| O|  |TAMS 0x0000000082a00000, 0x0000000082900000| Untracked 
|   4|0x0000000082a00000, 0x0000000082b00000, 0x0000000082b00000|100%| O|  |TAMS 0x0000000082a84600, 0x0000000082a00000| Untracked 
|   5|0x0000000082b00000, 0x0000000082c00000, 0x0000000082c00000|100%| O|  |TAMS 0x0000000082b00000, 0x0000000082b00000| Untracked 
|   6|0x0000000082c00000, 0x0000000082d00000, 0x0000000082d00000|100%| O|  |TAMS 0x0000000082c00000, 0x0000000082c00000| Untracked 
|   7|0x0000000082d00000, 0x0000000082e00000, 0x0000000082e00000|100%| O|  |TAMS 0x0000000082d00000, 0x0000000082d00000| Untracked 
|   8|0x0000000082e00000, 0x0000000082f00000, 0x0000000082f00000|100%| O|  |TAMS 0x0000000082e00000, 0x0000000082e00000| Untracked 
|   9|0x0000000082f00000, 0x0000000083000000, 0x0000000083000000|100%|HS|  |TAMS 0x0000000082f00000, 0x0000000082f00000| Complete 
|  10|0x0000000083000000, 0x000000008307c800, 0x0000000083100000| 48%| O|  |TAMS 0x0000000083000000, 0x0000000083000000| Untracked 
|  11|0x0000000083100000, 0x0000000083100000, 0x0000000083200000|  0%| F|  |TAMS 0x0000000083100000, 0x0000000083100000| Untracked 
|  12|0x0000000083200000, 0x0000000083200000, 0x0000000083300000|  0%| F|  |TAMS 0x0000000083200000, 0x0000000083200000| Untracked 
|  13|0x0000000083300000, 0x0000000083300000, 0x0000000083400000|  0%| F|  |TAMS 0x0000000083300000, 0x0000000083300000| Untracked 
|  14|0x0000000083400000, 0x0000000083400000, 0x0000000083500000|  0%| F|  |TAMS 0x0000000083400000, 0x0000000083400000| Untracked 
|  15|0x0000000083500000, 0x0000000083500000, 0x0000000083600000|  0%| F|  |TAMS 0x0000000083500000, 0x0000000083500000| Untracked 
|  16|0x0000000083600000, 0x0000000083600000, 0x0000000083700000|  0%| F|  |TAMS 0x0000000083600000, 0x0000000083600000| Untracked 
|  17|0x0000000083700000, 0x0000000083700000, 0x0000000083800000|  0%| F|  |TAMS 0x0000000083700000, 0x0000000083700000| Untracked 
|  18|0x0000000083800000, 0x00000000838daed0, 0x0000000083900000| 85%| S|CS|TAMS 0x0000000083800000, 0x0000000083800000| Complete 
|  19|0x0000000083900000, 0x0000000083900000, 0x0000000083a00000|  0%| F|  |TAMS 0x0000000083900000, 0x0000000083900000| Untracked 
|  20|0x0000000083a00000, 0x0000000083a00000, 0x0000000083b00000|  0%| F|  |TAMS 0x0000000083a00000, 0x0000000083a00000| Untracked 
|  21|0x0000000083b00000, 0x0000000083b00000, 0x0000000083c00000|  0%| F|  |TAMS 0x0000000083b00000, 0x0000000083b00000| Untracked 
|  22|0x0000000083c00000, 0x0000000083c00000, 0x0000000083d00000|  0%| F|  |TAMS 0x0000000083c00000, 0x0000000083c00000| Untracked 

Card table byte_map: [0x000001d645d30000,0x000001d646120000] _byte_map_base: 0x000001d64591d000

Marking Bits (Prev, Next): (CMBitMap*) 0x000001d62d8d06b8, (CMBitMap*) 0x000001d62d8d0678
 Prev Bits: [0x000001d648480000, 0x000001d64a3e8000)
 Next Bits: [0x000001d646510000, 0x000001d648478000)

Polling page: 0x000001d62bff0000

Metaspace:

Usage:
  Non-class:     10.55 MB capacity,     8.35 MB ( 79%) used,     2.17 MB ( 21%) free+waste,    32.75 KB ( <1%) overhead. 
      Class:      1.42 MB capacity,     1.11 MB ( 78%) used,   300.73 KB ( 21%) free+waste,    16.31 KB (  1%) overhead. 
       Both:     11.98 MB capacity,     9.46 MB ( 79%) used,     2.47 MB ( 21%) free+waste,    49.06 KB ( <1%) overhead. 

Virtual space:
  Non-class space:       12.00 MB reserved,      10.75 MB ( 90%) committed 
      Class space:        1.00 GB reserved,       1.50 MB ( <1%) committed 
             Both:        1.01 GB reserved,      12.25 MB (  1%) committed 

Chunk freelists:
   Non-Class:  8.00 KB
       Class:  0 bytes
        Both:  8.00 KB

MaxMetaspaceSize: 17179869184.00 GB
CompressedClassSpaceSize: 1.00 GB

CodeHeap 'non-profiled nmethods': size=120000Kb used=589Kb max_used=589Kb free=119410Kb
 bounds [0x000001d63d870000, 0x000001d63dae0000, 0x000001d644da0000]
CodeHeap 'profiled nmethods': size=120000Kb used=3310Kb max_used=3310Kb free=116689Kb
 bounds [0x000001d636340000, 0x000001d636680000, 0x000001d63d870000]
CodeHeap 'non-nmethods': size=5760Kb used=1182Kb max_used=1211Kb free=4577Kb
 bounds [0x000001d635da0000, 0x000001d636010000, 0x000001d636340000]
 total_blobs=2788 nmethods=1647 adapters=343
 compilation: enabled
              stopped_count=0, restarted_count=0
 full_count=0

Compilation events (20 events):
Event: 0.624 Thread 0x000001d64cdeb800 nmethod 1645 0x000001d636672310 code [0x000001d6366724e0, 0x000001d6366728d0]
Event: 0.624 Thread 0x000001d64cdeb800 1646       1       com.sun.tools.javac.code.Type$ForAll::getTypeArguments (5 bytes)
Event: 0.624 Thread 0x000001d64cdeb800 nmethod 1646 0x000001d63d902b90 code [0x000001d63d902d20, 0x000001d63d902e58]
Event: 0.624 Thread 0x000001d64cdeb800 1647       1       com.sun.tools.javac.comp.Attr$MethodAttrInfo::needsArgumentAttr (2 bytes)
Event: 0.625 Thread 0x000001d64cdeb800 nmethod 1647 0x000001d63d902f10 code [0x000001d63d9030a0, 0x000001d63d9031d8]
Event: 0.625 Thread 0x000001d64cdeb800 1650       3       java.io.InputStream::<init> (5 bytes)
Event: 0.625 Thread 0x000001d64cdeb800 nmethod 1650 0x000001d636672a10 code [0x000001d636672bc0, 0x000001d636672d98]
Event: 0.625 Thread 0x000001d64cdeb800 1651       3       com.sun.tools.javac.code.Symbol$VarSymbol::setData (22 bytes)
Event: 0.625 Thread 0x000001d64cdeb800 nmethod 1651 0x000001d636672e90 code [0x000001d6366730c0, 0x000001d636673af0]
Event: 0.625 Thread 0x000001d64cdeb800 1654       3       com.sun.tools.javac.code.Scope$ScopeImpl::dble (147 bytes)
Event: 0.626 Thread 0x000001d64cdeb800 nmethod 1654 0x000001d636673d90 code [0x000001d636673fe0, 0x000001d636674c30]
Event: 0.626 Thread 0x000001d64cdeb800 1656   !   3       com.sun.tools.javac.code.Types$MembersClosureCache::visitClassType (216 bytes)
Event: 0.628 Thread 0x000001d64cdeb800 nmethod 1656 0x000001d636675010 code [0x000001d6366754a0, 0x000001d636678220]
Event: 0.628 Thread 0x000001d64cdeb800 1658       3       jdk.internal.org.objectweb.asm.MethodWriter::visitEnd (1 bytes)
Event: 0.628 Thread 0x000001d64cdeb800 nmethod 1658 0x000001d636679210 code [0x000001d6366793a0, 0x000001d636679518]
Event: 0.628 Thread 0x000001d64cdeb800 1659       3       jdk.internal.org.objectweb.asm.MethodWriter::computeMethodInfoSize (704 bytes)
Event: 0.630 Thread 0x000001d64cdeb800 nmethod 1659 0x000001d636679590 code [0x000001d636679940, 0x000001d63667ace0]
Event: 0.630 Thread 0x000001d64cdeb800 1660       3       jdk.internal.org.objectweb.asm.MethodWriter::hasFrames (13 bytes)
Event: 0.630 Thread 0x000001d64cdeb800 nmethod 1660 0x000001d63667b490 code [0x000001d63667b640, 0x000001d63667b818]
Event: 0.630 Thread 0x000001d64cdeb800 1661       3       jdk.internal.org.objectweb.asm.MethodWriter::putMethodInfo (1431 bytes)

GC Heap History (20 events):
Event: 0.385 GC heap after
{Heap after GC invocations=7 (full 0):
 garbage-first heap   total 10240K, used 4643K [0x0000000082600000, 0x0000000100000000)
  region size 1024K, 1 young (1024K), 1 survivors (1024K)
 Metaspace       used 8396K, capacity 11266K, committed 11392K, reserved 1058816K
  class space    used 1007K, capacity 1319K, committed 1408K, reserved 1048576K
}
Event: 0.401 GC heap before
{Heap before GC invocations=7 (full 0):
 garbage-first heap   total 10240K, used 5667K [0x0000000082600000, 0x0000000100000000)
  region size 1024K, 2 young (2048K), 1 survivors (1024K)
 Metaspace       used 8474K, capacity 11338K, committed 11648K, reserved 1058816K
  class space    used 1010K, capacity 1322K, committed 1408K, reserved 1048576K
}
Event: 0.403 GC heap after
{Heap after GC invocations=8 (full 0):
 garbage-first heap   total 10240K, used 5065K [0x0000000082600000, 0x0000000100000000)
  region size 1024K, 1 young (1024K), 1 survivors (1024K)
 Metaspace       used 8474K, capacity 11338K, committed 11648K, reserved 1058816K
  class space    used 1010K, capacity 1322K, committed 1408K, reserved 1048576K
}
Event: 0.413 GC heap before
{Heap before GC invocations=8 (full 0):
 garbage-first heap   total 10240K, used 6089K [0x0000000082600000, 0x0000000100000000)
  region size 1024K, 2 young (2048K), 1 survivors (1024K)
 Metaspace       used 8583K, capacity 11372K, committed 11648K, reserved 1058816K
  class space    used 1026K, capacity 1334K, committed 1408K, reserved 1048576K
}
Event: 0.415 GC heap after
{Heap after GC invocations=9 (full 0):
 garbage-first heap   total 15360K, used 5102K [0x0000000082600000, 0x0000000100000000)
  region size 1024K, 1 young (1024K), 1 survivors (1024K)
 Metaspace       used 8583K, capacity 11372K, committed 11648K, reserved 1058816K
  class space    used 1026K, capacity 1334K, committed 1408K, reserved 1048576K
}
Event: 0.431 GC heap before
{Heap before GC invocations=10 (full 0):
 garbage-first heap   total 15360K, used 7150K [0x0000000082600000, 0x0000000100000000)
  region size 1024K, 3 young (3072K), 1 survivors (1024K)
 Metaspace       used 8636K, capacity 11372K, committed 11648K, reserved 1058816K
  class space    used 1026K, capacity 1334K, committed 1408K, reserved 1048576K
}
Event: 0.432 GC heap after
{Heap after GC invocations=11 (full 0):
 garbage-first heap   total 15360K, used 5297K [0x0000000082600000, 0x0000000100000000)
  region size 1024K, 1 young (1024K), 1 survivors (1024K)
 Metaspace       used 8636K, capacity 11372K, committed 11648K, reserved 1058816K
  class space    used 1026K, capacity 1334K, committed 1408K, reserved 1048576K
}
Event: 0.447 GC heap before
{Heap before GC invocations=11 (full 0):
 garbage-first heap   total 15360K, used 7345K [0x0000000082600000, 0x0000000100000000)
  region size 1024K, 3 young (3072K), 1 survivors (1024K)
 Metaspace       used 8714K, capacity 11391K, committed 11648K, reserved 1058816K
  class space    used 1032K, capacity 1339K, committed 1408K, reserved 1048576K
}
Event: 0.448 GC heap after
{Heap after GC invocations=12 (full 0):
 garbage-first heap   total 15360K, used 5583K [0x0000000082600000, 0x0000000100000000)
  region size 1024K, 1 young (1024K), 1 survivors (1024K)
 Metaspace       used 8714K, capacity 11391K, committed 11648K, reserved 1058816K
  class space    used 1032K, capacity 1339K, committed 1408K, reserved 1048576K
}
Event: 0.463 GC heap before
{Heap before GC invocations=12 (full 0):
 garbage-first heap   total 15360K, used 8655K [0x0000000082600000, 0x0000000100000000)
  region size 1024K, 4 young (4096K), 1 survivors (1024K)
 Metaspace       used 8748K, capacity 11456K, committed 11648K, reserved 1058816K
  class space    used 1032K, capacity 1339K, committed 1408K, reserved 1048576K
}
Event: 0.465 GC heap after
{Heap after GC invocations=13 (full 0):
 garbage-first heap   total 15360K, used 5960K [0x0000000082600000, 0x0000000100000000)
  region size 1024K, 1 young (1024K), 1 survivors (1024K)
 Metaspace       used 8748K, capacity 11456K, committed 11648K, reserved 1058816K
  class space    used 1032K, capacity 1339K, committed 1408K, reserved 1048576K
}
Event: 0.473 GC heap before
{Heap before GC invocations=13 (full 0):
 garbage-first heap   total 15360K, used 9032K [0x0000000082600000, 0x0000000100000000)
  region size 1024K, 4 young (4096K), 1 survivors (1024K)
 Metaspace       used 8752K, capacity 11456K, committed 11648K, reserved 1058816K
  class space    used 1032K, capacity 1339K, committed 1408K, reserved 1048576K
}
Event: 0.475 GC heap after
{Heap after GC invocations=14 (full 0):
 garbage-first heap   total 23552K, used 6432K [0x0000000082600000, 0x0000000100000000)
  region size 1024K, 1 young (1024K), 1 survivors (1024K)
 Metaspace       used 8752K, capacity 11456K, committed 11648K, reserved 1058816K
  class space    used 1032K, capacity 1339K, committed 1408K, reserved 1048576K
}
Event: 0.488 GC heap before
{Heap before GC invocations=14 (full 0):
 garbage-first heap   total 23552K, used 11552K [0x0000000082600000, 0x0000000100000000)
  region size 1024K, 6 young (6144K), 1 survivors (1024K)
 Metaspace       used 8758K, capacity 11456K, committed 11648K, reserved 1058816K
  class space    used 1032K, capacity 1339K, committed 1408K, reserved 1048576K
}
Event: 0.490 GC heap after
{Heap after GC invocations=15 (full 0):
 garbage-first heap   total 23552K, used 7037K [0x0000000082600000, 0x0000000100000000)
  region size 1024K, 1 young (1024K), 1 survivors (1024K)
 Metaspace       used 8758K, capacity 11456K, committed 11648K, reserved 1058816K
  class space    used 1032K, capacity 1339K, committed 1408K, reserved 1048576K
}
Event: 0.523 GC heap before
{Heap before GC invocations=15 (full 0):
 garbage-first heap   total 23552K, used 12157K [0x0000000082600000, 0x0000000100000000)
  region size 1024K, 6 young (6144K), 1 survivors (1024K)
 Metaspace       used 8949K, capacity 11653K, committed 11904K, reserved 1060864K
  class space    used 1052K, capacity 1383K, committed 1408K, reserved 1048576K
}
Event: 0.527 GC heap after
{Heap after GC invocations=16 (full 0):
 garbage-first heap   total 23552K, used 8235K [0x0000000082600000, 0x0000000100000000)
  region size 1024K, 1 young (1024K), 1 survivors (1024K)
 Metaspace       used 8949K, capacity 11653K, committed 11904K, reserved 1060864K
  class space    used 1052K, capacity 1383K, committed 1408K, reserved 1048576K
}
Event: 0.557 GC heap before
{Heap before GC invocations=16 (full 0):
 garbage-first heap   total 23552K, used 12331K [0x0000000082600000, 0x0000000100000000)
  region size 1024K, 6 young (6144K), 1 survivors (1024K)
 Metaspace       used 9074K, capacity 11750K, committed 11904K, reserved 1060864K
  class space    used 1067K, capacity 1394K, committed 1408K, reserved 1048576K
}
Event: 0.560 GC heap after
{Heap after GC invocations=17 (full 0):
 garbage-first heap   total 23552K, used 9596K [0x0000000082600000, 0x0000000100000000)
  region size 1024K, 1 young (1024K), 1 survivors (1024K)
 Metaspace       used 9074K, capacity 11750K, committed 11904K, reserved 1060864K
  class space    used 1067K, capacity 1394K, committed 1408K, reserved 1048576K
}
Event: 0.632 GC heap before
{Heap before GC invocations=17 (full 0):
 garbage-first heap   total 23552K, used 14716K [0x0000000082600000, 0x0000000100000000)
  region size 1024K, 5 young (5120K), 1 survivors (1024K)
 Metaspace       used 9689K, capacity 12266K, committed 12544K, reserved 1060864K
  class space    used 1140K, capacity 1458K, committed 1536K, reserved 1048576K
}

Deoptimization events (20 events):
Event: 0.512 Thread 0x000001d62d88a800 Uncommon trap: trap_request=0xffffffde fr.pc=0x000001d63d8d9528 relative=0x0000000000000f68
Event: 0.512 Thread 0x000001d62d88a800 Uncommon trap: reason=class_check action=maybe_recompile pc=0x000001d63d8d9528 method=java.util.regex.Pattern$Start.<init>(Ljava/util/regex/Pattern$Node;)V @ 22 c2
Event: 0.512 Thread 0x000001d62d88a800 DEOPT PACKING pc=0x000001d63d8d9528 sp=0x000000d518dfd8e0
Event: 0.512 Thread 0x000001d62d88a800 DEOPT UNPACKING pc=0x000001d635de912f sp=0x000000d518dfd810 mode 2
Event: 0.514 Thread 0x000001d62d88a800 Uncommon trap: trap_request=0xffffffde fr.pc=0x000001d63d8d9528 relative=0x0000000000000f68
Event: 0.514 Thread 0x000001d62d88a800 Uncommon trap: reason=class_check action=maybe_recompile pc=0x000001d63d8d9528 method=java.util.regex.Pattern$Start.<init>(Ljava/util/regex/Pattern$Node;)V @ 22 c2
Event: 0.514 Thread 0x000001d62d88a800 DEOPT PACKING pc=0x000001d63d8d9528 sp=0x000000d518dfe060
Event: 0.514 Thread 0x000001d62d88a800 DEOPT UNPACKING pc=0x000001d635de912f sp=0x000000d518dfdf90 mode 2
Event: 0.515 Thread 0x000001d62d88a800 Uncommon trap: trap_request=0xffffffde fr.pc=0x000001d63d8d9528 relative=0x0000000000000f68
Event: 0.515 Thread 0x000001d62d88a800 Uncommon trap: reason=class_check action=maybe_recompile pc=0x000001d63d8d9528 method=java.util.regex.Pattern$Start.<init>(Ljava/util/regex/Pattern$Node;)V @ 22 c2
Event: 0.515 Thread 0x000001d62d88a800 DEOPT PACKING pc=0x000001d63d8d9528 sp=0x000000d518dfdf50
Event: 0.515 Thread 0x000001d62d88a800 DEOPT UNPACKING pc=0x000001d635de912f sp=0x000000d518dfde80 mode 2
Event: 0.534 Thread 0x000001d62d88a800 Uncommon trap: trap_request=0xffffff45 fr.pc=0x000001d63d8e3748 relative=0x0000000000000128
Event: 0.534 Thread 0x000001d62d88a800 Uncommon trap: reason=unstable_if action=reinterpret pc=0x000001d63d8e3748 method=com.sun.tools.javac.code.Scope$ScopeImpl.getIndex(Lcom/sun/tools/javac/util/Name;)I @ 60 c2
Event: 0.534 Thread 0x000001d62d88a800 DEOPT PACKING pc=0x000001d63d8e3748 sp=0x000000d518dfdb60
Event: 0.534 Thread 0x000001d62d88a800 DEOPT UNPACKING pc=0x000001d635de912f sp=0x000000d518dfdad0 mode 2
Event: 0.583 Thread 0x000001d62d88a800 Uncommon trap: trap_request=0xffffffc6 fr.pc=0x000001d63d8ed5f4 relative=0x0000000000000674
Event: 0.583 Thread 0x000001d62d88a800 Uncommon trap: reason=bimorphic_or_optimized_type_check action=maybe_recompile pc=0x000001d63d8ed5f4 method=com.sun.tools.javac.file.BaseFileManager.getKind(Ljava/nio/file/Path;)Ljavax/tools/JavaFileObject$Kind; @ 1 c2
Event: 0.583 Thread 0x000001d62d88a800 DEOPT PACKING pc=0x000001d63d8ed5f4 sp=0x000000d518dfded0
Event: 0.583 Thread 0x000001d62d88a800 DEOPT UNPACKING pc=0x000001d635de912f sp=0x000000d518dfde20 mode 2

Classes unloaded (0 events):
No events

Classes redefined (0 events):
No events

Internal exceptions (20 events):
Event: 0.442 Thread 0x000001d62d88a800 Exception <a 'sun/nio/fs/WindowsException'{0x000000008346dd90}> (0x000000008346dd90) 
thrown [t:/workspace/open/src/hotspot/share/prims/jni.cpp, line 598]
Event: 0.442 Thread 0x000001d62d88a800 Exception <a 'sun/nio/fs/WindowsException'{0x000000008346ed78}> (0x000000008346ed78) 
thrown [t:/workspace/open/src/hotspot/share/prims/jni.cpp, line 598]
Event: 0.442 Thread 0x000001d62d88a800 Exception <a 'sun/nio/fs/WindowsException'{0x000000008346f008}> (0x000000008346f008) 
thrown [t:/workspace/open/src/hotspot/share/prims/jni.cpp, line 598]
Event: 0.467 Thread 0x000001d62d88a800 Exception <a 'sun/nio/fs/WindowsException'{0x000000008345f0f8}> (0x000000008345f0f8) 
thrown [t:/workspace/open/src/hotspot/share/prims/jni.cpp, line 598]
Event: 0.467 Thread 0x000001d62d88a800 Exception <a 'sun/nio/fs/WindowsException'{0x000000008345f3b8}> (0x000000008345f3b8) 
thrown [t:/workspace/open/src/hotspot/share/prims/jni.cpp, line 598]
Event: 0.467 Thread 0x000001d62d88a800 Exception <a 'sun/nio/fs/WindowsException'{0x0000000083460390}> (0x0000000083460390) 
thrown [t:/workspace/open/src/hotspot/share/prims/jni.cpp, line 598]
Event: 0.467 Thread 0x000001d62d88a800 Exception <a 'sun/nio/fs/WindowsException'{0x0000000083460618}> (0x0000000083460618) 
thrown [t:/workspace/open/src/hotspot/share/prims/jni.cpp, line 598]
Event: 0.495 Thread 0x000001d62d88a800 Exception <a 'java/lang/NoSuchMethodError'{0x0000000083a53418}: 'java.lang.Object java.lang.invoke.DirectMethodHandle$Holder.invokeStatic(java.lang.Object, java.lang.Object, int, int)'> (0x0000000083a53418) 
thrown [t:/workspace/open/src/hotspot/share/interpreter/linkResolver.cpp, line 767]
Event: 0.506 Thread 0x000001d62d88a800 Exception <a 'sun/nio/fs/WindowsException'{0x0000000083aba300}> (0x0000000083aba300) 
thrown [t:/workspace/open/src/hotspot/share/prims/jni.cpp, line 598]
Event: 0.506 Thread 0x000001d62d88a800 Exception <a 'sun/nio/fs/WindowsException'{0x0000000083aba5c0}> (0x0000000083aba5c0) 
thrown [t:/workspace/open/src/hotspot/share/prims/jni.cpp, line 598]
Event: 0.506 Thread 0x000001d62d88a800 Exception <a 'sun/nio/fs/WindowsException'{0x0000000083abc4d0}> (0x0000000083abc4d0) 
thrown [t:/workspace/open/src/hotspot/share/prims/jni.cpp, line 598]
Event: 0.506 Thread 0x000001d62d88a800 Exception <a 'sun/nio/fs/WindowsException'{0x0000000083abc750}> (0x0000000083abc750) 
thrown [t:/workspace/open/src/hotspot/share/prims/jni.cpp, line 598]
Event: 0.507 Thread 0x000001d62d88a800 Exception <a 'sun/nio/fs/WindowsException'{0x0000000083abe1d0}> (0x0000000083abe1d0) 
thrown [t:/workspace/open/src/hotspot/share/prims/jni.cpp, line 598]
Event: 0.507 Thread 0x000001d62d88a800 Exception <a 'sun/nio/fs/WindowsException'{0x0000000083abe4c8}> (0x0000000083abe4c8) 
thrown [t:/workspace/open/src/hotspot/share/prims/jni.cpp, line 598]
Event: 0.507 Thread 0x000001d62d88a800 Exception <a 'sun/nio/fs/WindowsException'{0x0000000083abfa48}> (0x0000000083abfa48) 
thrown [t:/workspace/open/src/hotspot/share/prims/jni.cpp, line 598]
Event: 0.507 Thread 0x000001d62d88a800 Exception <a 'sun/nio/fs/WindowsException'{0x0000000083abfd08}> (0x0000000083abfd08) 
thrown [t:/workspace/open/src/hotspot/share/prims/jni.cpp, line 598]
Event: 0.507 Thread 0x000001d62d88a800 Exception <a 'sun/nio/fs/WindowsException'{0x0000000083ac1818}> (0x0000000083ac1818) 
thrown [t:/workspace/open/src/hotspot/share/prims/jni.cpp, line 598]
Event: 0.507 Thread 0x000001d62d88a800 Exception <a 'sun/nio/fs/WindowsException'{0x0000000083ac1b28}> (0x0000000083ac1b28) 
thrown [t:/workspace/open/src/hotspot/share/prims/jni.cpp, line 598]
Event: 0.508 Thread 0x000001d62d88a800 Exception <a 'sun/nio/fs/WindowsException'{0x0000000083ac9810}> (0x0000000083ac9810) 
thrown [t:/workspace/open/src/hotspot/share/prims/jni.cpp, line 598]
Event: 0.508 Thread 0x000001d62d88a800 Exception <a 'sun/nio/fs/WindowsException'{0x0000000083ac9ae0}> (0x0000000083ac9ae0) 
thrown [t:/workspace/open/src/hotspot/share/prims/jni.cpp, line 598]

Events (20 events):
Event: 0.628 loading class com/sun/tools/javac/comp/Operators done
Event: 0.628 loading class com/sun/tools/javac/comp/Operators$OperatorType
Event: 0.628 loading class com/sun/tools/javac/comp/Operators$OperatorType done
Event: 0.628 loading class com/sun/tools/javac/comp/Operators$OperatorType
Event: 0.628 loading class com/sun/tools/javac/comp/Operators$OperatorType done
Event: 0.629 loading class com/sun/tools/javac/util/ListBuffer
Event: 0.629 loading class com/sun/tools/javac/util/ListBuffer done
Event: 0.629 loading class com/sun/tools/javac/util/ListBuffer
Event: 0.629 loading class com/sun/tools/javac/util/ListBuffer done
Event: 0.629 loading class com/sun/tools/javac/util/ListBuffer
Event: 0.629 loading class com/sun/tools/javac/util/ListBuffer done
Event: 0.629 loading class com/sun/tools/javac/util/ListBuffer
Event: 0.629 loading class com/sun/tools/javac/util/ListBuffer done
Event: 0.629 loading class com/sun/tools/javac/util/List
Event: 0.629 loading class com/sun/tools/javac/util/List done
Event: 0.629 loading class com/sun/tools/javac/util/ListBuffer
Event: 0.629 loading class com/sun/tools/javac/util/ListBuffer done
Event: 0.629 Executing VM operation: ICBufferFull
Event: 0.630 Executing VM operation: ICBufferFull done
Event: 0.632 Executing VM operation: G1CollectForAllocation


Dynamic libraries:
0x00007ff7dded0000 - 0x00007ff7dded7000 	C:\Program Files\Java\jdk-13.0.1\bin\javac.exe
0x00007ff92a710000 - 0x00007ff92a905000 	C:\WINDOWS\SYSTEM32\ntdll.dll
0x00007ff92a4f0000 - 0x00007ff92a5ad000 	C:\WINDOWS\System32\KERNEL32.DLL
0x00007ff927e50000 - 0x00007ff928118000 	C:\WINDOWS\System32\KERNELBASE.dll
0x00007ff928120000 - 0x00007ff928220000 	C:\WINDOWS\System32\ucrtbase.dll
0x00007ff918220000 - 0x00007ff918238000 	C:\Program Files\Java\jdk-13.0.1\bin\jli.dll
0x00007ff925cf0000 - 0x00007ff925d05000 	C:\Program Files\Java\jdk-13.0.1\bin\VCRUNTIME140.dll
0x00007ff9296b0000 - 0x00007ff92975c000 	C:\WINDOWS\System32\ADVAPI32.dll
0x00007ff9289e0000 - 0x00007ff928a7e000 	C:\WINDOWS\System32\msvcrt.dll
0x00007ff928930000 - 0x00007ff9289cb000 	C:\WINDOWS\System32\sechost.dll
0x00007ff929430000 - 0x00007ff92955b000 	C:\WINDOWS\System32\RPCRT4.dll
0x00007ff929160000 - 0x00007ff929300000 	C:\WINDOWS\System32\USER32.dll
0x00007ff927270000 - 0x00007ff92750a000 	C:\WINDOWS\WinSxS\amd64_microsoft.windows.common-controls_6595b64144ccf1df_6.0.19041.844_none_ca00b6081b84eb1d\COMCTL32.dll
0x00007ff9282a0000 - 0x00007ff9282c2000 	C:\WINDOWS\System32\win32u.dll
0x00007ff9287d0000 - 0x00007ff9287fa000 	C:\WINDOWS\System32\GDI32.dll
0x00007ff928660000 - 0x00007ff92876b000 	C:\WINDOWS\System32\gdi32full.dll
0x00007ff9282d0000 - 0x00007ff92836d000 	C:\WINDOWS\System32\msvcp_win.dll
0x00007ff9251b0000 - 0x00007ff9251ba000 	C:\WINDOWS\SYSTEM32\VERSION.dll
0x00007ff929560000 - 0x00007ff929590000 	C:\WINDOWS\System32\IMM32.DLL
0x00007ff921b00000 - 0x00007ff921b9b000 	C:\Program Files\Java\jdk-13.0.1\bin\msvcp140.dll
0x00007ff8dfdb0000 - 0x00007ff8e0916000 	C:\Program Files\Java\jdk-13.0.1\bin\server\jvm.dll
0x00007ff9289d0000 - 0x00007ff9289d8000 	C:\WINDOWS\System32\PSAPI.DLL
0x00007ff925d10000 - 0x00007ff925d19000 	C:\WINDOWS\SYSTEM32\WSOCK32.dll
0x00007ff91e930000 - 0x00007ff91e957000 	C:\WINDOWS\SYSTEM32\WINMM.dll
0x00007ff92a5b0000 - 0x00007ff92a61b000 	C:\WINDOWS\System32\WS2_32.dll
0x00007ff925a50000 - 0x00007ff925a62000 	C:\WINDOWS\SYSTEM32\kernel.appcore.dll
0x00007ff9245b0000 - 0x00007ff9245c0000 	C:\Program Files\Java\jdk-13.0.1\bin\verify.dll
0x00007ff927880000 - 0x00007ff927a64000 	C:\WINDOWS\SYSTEM32\DBGHELP.DLL
0x00007ff927630000 - 0x00007ff92765c000 	C:\WINDOWS\SYSTEM32\dbgcore.DLL
0x00007ff928480000 - 0x00007ff928500000 	C:\WINDOWS\System32\bcryptPrimitives.dll
0x00007ff9245c0000 - 0x00007ff9245e6000 	C:\Program Files\Java\jdk-13.0.1\bin\java.dll
0x00007ff924590000 - 0x00007ff9245a7000 	C:\Program Files\Java\jdk-13.0.1\bin\zip.dll
0x00007ff9244a0000 - 0x00007ff9244aa000 	C:\Program Files\Java\jdk-13.0.1\bin\jimage.dll
0x00007ff929d80000 - 0x00007ff92a4c2000 	C:\WINDOWS\System32\SHELL32.dll
0x00007ff9252b0000 - 0x00007ff925a40000 	C:\WINDOWS\SYSTEM32\windows.storage.dll
0x00007ff928e00000 - 0x00007ff929155000 	C:\WINDOWS\System32\combase.dll
0x00007ff9271d0000 - 0x00007ff9271fc000 	C:\WINDOWS\SYSTEM32\Wldp.dll
0x00007ff928800000 - 0x00007ff9288ae000 	C:\WINDOWS\System32\SHCORE.dll
0x00007ff928770000 - 0x00007ff9287c5000 	C:\WINDOWS\System32\shlwapi.dll
0x00007ff927d90000 - 0x00007ff927daf000 	C:\WINDOWS\SYSTEM32\profapi.dll
0x00007ff924480000 - 0x00007ff924499000 	C:\Program Files\Java\jdk-13.0.1\bin\net.dll
0x00007ff919240000 - 0x00007ff91934b000 	C:\WINDOWS\SYSTEM32\WINHTTP.dll
0x00007ff9270b0000 - 0x00007ff92711a000 	C:\WINDOWS\system32\mswsock.dll
0x00007ff922160000 - 0x00007ff922173000 	C:\Program Files\Java\jdk-13.0.1\bin\nio.dll

dbghelp: loaded successfully - version: 4.0.5 - missing functions: none
symbol engine: initialized successfully - sym options: 0x614 - pdb path: .;C:\Program Files\Java\jdk-13.0.1\bin;C:\WINDOWS\SYSTEM32;C:\WINDOWS\WinSxS\amd64_microsoft.windows.common-controls_6595b64144ccf1df_6.0.19041.844_none_ca00b6081b84eb1d;C:\Program Files\Java\jdk-13.0.1\bin\server

VM Arguments:
jvm_args: -Dapplication.home=C:\Program Files\Java\jdk-13.0.1 --add-modules=ALL-DEFAULT -Xms8m -Djdk.module.main=jdk.compiler 
java_command: jdk.compiler/com.sun.tools.javac.Main -d D:\JavaNetBeansProjects\Hotel Management System\build\classes -classpath D:\JavaNetBeansProjects\Hotel Management System\build\classes;C:\Program Files\NetBeans-12.0\netbeans\ide\modules\ext\postgresql-42.2.10.jar;C:\Users\Goutam\Downloads\jar_files.zip;C:\Users\Goutam\Downloads\mysql-connector-java-8.0.25.jar;C:\Users\Goutam\OneDrive\Desktop\mysql-connector-java-8.0.25.zip;D:\JavaNetBeansProjects\Hotel Management System\jar\rs2xml.jar -sourcepath D:\JavaNetBeansProjects\Hotel Management System\src -target 13 -encoding UTF-8 -g -processorpath C:\Program Files\NetBeans-12.0\netbeans\ide\modules\ext\postgresql-42.2.10.jar;C:\Users\Goutam\Downloads\jar_files.zip;C:\Users\Goutam\Downloads\mysql-connector-java-8.0.25.jar;C:\Users\Goutam\OneDrive\Desktop\mysql-connector-java-8.0.25.zip;D:\JavaNetBeansProjects\Hotel Management System\jar\rs2xml.jar;D:\JavaNetBeansProjects\Hotel Management System\build\empty -s D:\JavaNetBeansProjects\Hotel Management System\build\generated-sources\ap-source-output -source 13 D:\JavaNetBeansProjects\Hotel Management System\src\hotel\management\system\PickUp.java
java_class_path (initial): <not set>
Launcher Type: SUN_STANDARD

[Global flags]
     intx CICompilerCount                          = 4                                         {product} {ergonomic}
     uint ConcGCThreads                            = 2                                         {product} {ergonomic}
     uint G1ConcRefinementThreads                  = 8                                         {product} {ergonomic}
   size_t G1HeapRegionSize                         = 1048576                                   {product} {ergonomic}
    uintx GCDrainStackTargetSize                   = 64                                        {product} {ergonomic}
   size_t InitialHeapSize                          = 8388608                                   {product} {command line}
   size_t MarkStackSize                            = 4194304                                   {product} {ergonomic}
   size_t MaxHeapSize                              = 2107637760                                {product} {ergonomic}
   size_t MaxNewSize                               = 1264582656                                {product} {ergonomic}
   size_t MinHeapDeltaBytes                        = 1048576                                   {product} {ergonomic}
   size_t MinHeapSize                              = 8388608                                   {product} {command line}
    uintx NonNMethodCodeHeapSize                   = 5836300                                {pd product} {ergonomic}
    uintx NonProfiledCodeHeapSize                  = 122910970                              {pd product} {ergonomic}
    uintx ProfiledCodeHeapSize                     = 122910970                              {pd product} {ergonomic}
    uintx ReservedCodeCacheSize                    = 251658240                              {pd product} {ergonomic}
     bool SegmentedCodeCache                       = true                                      {product} {ergonomic}
   size_t SoftMaxHeapSize                          = 2107637760                             {manageable} {ergonomic}
     bool UseCompressedClassPointers               = true                                 {lp64_product} {ergonomic}
     bool UseCompressedOops                        = true                                 {lp64_product} {ergonomic}
     bool UseG1GC                                  = true                                      {product} {ergonomic}
     bool UseLargePagesIndividualAllocation        = false                                  {pd product} {ergonomic}

Logging:
Log output configuration:
 #0: stdout all=warning uptime,level,tags
 #1: stderr all=off uptime,level,tags

Environment Variables:
PATH=C:\Windows;C:\Windows\system32;C:\Windows\System32\Wbem;C:\Windows\System32\WindowsPowerShell\v1.0\;C:\Windows\System32\OpenSSH\;C:\Program Files (x86)\Intel\Intel(R) Management Engine Components\DAL;C:\Program Files\Intel\Intel(R) Management Engine Components\DAL;C:\Program Files (x86)\NVIDIA Corporation\PhysX\Common;C:\Program Files\Java\jre1.8.0_231\bin;C:\Program Files\Java\jdk-13.0.1\bin;C:\Program Files\PostgreSQL\12\bin;C:\WINDOWS\system32;C:\WINDOWS;C:\WINDOWS\System32\Wbem;C:\WINDOWS\System32\WindowsPowerShell\v1.0\;C:\WINDOWS\System32\OpenSSH\;C:\Program Files (x86)\Brackets\command;C:\Program Files\Git\cmd;C:\Program Files\nodejs\;C:\Program Files\MySQL\MySQL Shell 8.0\bin\;C:\Ruby27-x64\bin;C:\Users\Goutam\AppData\Local\Programs\Python\Python38-32\Scripts\;C:\Users\Goutam\AppData\Local\Programs\Python\Python38-32\;C:\Users\Goutam\AppData\Local\Microsoft\WindowsApps;C:\Users\Goutam\AppData\Local\Programs\Microsoft VS Code\bin;C:\Users\Goutam\AppData\Roaming\npm;C:\MinGW\bin;
USERNAME=Goutam
OS=Windows_NT
PROCESSOR_IDENTIFIER=Intel64 Family 6 Model 158 Stepping 10, GenuineIntel



---------------  S Y S T E M  ---------------

OS: Windows 10 , 64 bit Build 19041 (10.0.19041.928)

CPU:total 8 (initial active 8) (4 cores per cpu, 2 threads per core) family 6 model 158 stepping 10, cmov, cx8, fxsr, mmx, sse, sse2, sse3, ssse3, sse4.1, sse4.2, popcnt, avx, avx2, aes, clmul, erms, 3dnowpref, lzcnt, ht, tsc, tscinvbit, bmi1, bmi2, adx, fma

Memory: 4k page, system-wide physical 8034M (1324M free)
TotalPageFile size 23153M (AvailPageFile size 14M)
current process WorkingSet (physical memory assigned to process): 97M, peak: 97M
current process commit charge ("private bytes"): 137M, peak: 160M

vm_info: Java HotSpot(TM) 64-Bit Server VM (13.0.1+9) for windows-amd64 JRE (13.0.1+9), built on Oct  6 2019 12:37:49 by "mach5one" with unknown MS VC++:1916

END.
