#
# There is insufficient memory for the Java Runtime Environment to continue.
# Native memory allocation (mmap) failed to map 24117248 bytes for Failed to commit area from 0x0000000083d00000 to 0x0000000085400000 of length 24117248.
# Possible reasons:
#   The system is out of physical RAM or swap space
#   The process is running with CompressedOops enabled, and the Java Heap may be blocking the growth of the native heap
# Possible solutions:
#   Reduce memory load on the system
#   Increase physical memory or swap space
#   Check if swap backing store is full
#   Decrease Java heap size (-Xmx/-Xms)
#   Decrease number of Java threads
#   Decrease Java thread stack sizes (-Xss)
#   Set larger code cache with -XX:ReservedCodeCacheSize=
#   JVM is running with Unscaled Compressed Oops mode in which the Java heap is
#     placed in the first 4GB address space. The Java Heap base address is the
#     maximum limit for the native heap growth. Please use -XX:HeapBaseMinAddress
#     to set the Java Heap base and to place the Java Heap above 4GB virtual address.
# This output file may be truncated or incomplete.
#
#  Out of Memory Error (t:/workspace/open/src/hotspot/os/windows/os_windows.cpp:3301), pid=20376, tid=15756
#
# JRE version: Java(TM) SE Runtime Environment (13.0.1+9) (build 13.0.1+9)
# Java VM: Java HotSpot(TM) 64-Bit Server VM (13.0.1+9, mixed mode, sharing, tiered, compressed oops, g1 gc, windows-amd64)
# No core dump will be written. Minidumps are not enabled by default on client versions of Windows
#

---------------  S U M M A R Y ------------

Command Line: -Dapplication.home=C:\Program Files\Java\jdk-13.0.1 --add-modules=ALL-DEFAULT -Xms8m -Djdk.module.main=jdk.compiler jdk.compiler/com.sun.tools.javac.Main -d D:\JavaNetBeansProjects\Hotel Management System\build\classes -classpath D:\JavaNetBeansProjects\Hotel Management System\build\classes;C:\Program Files\NetBeans-12.0\netbeans\ide\modules\ext\postgresql-42.2.10.jar;C:\Users\Goutam\Downloads\jar_files.zip;C:\Users\Goutam\Downloads\mysql-connector-java-8.0.25.jar;C:\Users\Goutam\OneDrive\Desktop\mysql-connector-java-8.0.25.zip -sourcepath D:\JavaNetBeansProjects\Hotel Management System\src -target 13 -encoding UTF-8 -g -processorpath C:\Program Files\NetBeans-12.0\netbeans\ide\modules\ext\postgresql-42.2.10.jar;C:\Users\Goutam\Downloads\jar_files.zip;C:\Users\Goutam\Downloads\mysql-connector-java-8.0.25.jar;C:\Users\Goutam\OneDrive\Desktop\mysql-connector-java-8.0.25.zip;D:\JavaNetBeansProjects\Hotel Management System\build\empty -s D:\JavaNetBeansProjects\Hotel Management System\build\generated-sources\ap-source-output -source 13 D:\JavaNetBeansProjects\Hotel Management System\src\hotel\management\system\AddEmployee.java

Host: Intel(R) Core(TM) i5-8300H CPU @ 2.30GHz, 8 cores, 7G,  Windows 10 , 64 bit Build 19041 (10.0.19041.928)
Time: Sun Jun 13 09:16:30 2021 India Standard Time elapsed time: 0 seconds (0d 0h 0m 0s)

---------------  T H R E A D  ---------------

Current thread (0x000001d8f91a8800):  VMThread "VM Thread" [stack: 0x0000000c14100000,0x0000000c14200000] [id=15756]

Stack: [0x0000000c14100000,0x0000000c14200000]
[error occurred during error reporting (printing stack bounds), id 0xc0000005, EXCEPTION_ACCESS_VIOLATION (0xc0000005) at pc=0x000001d8800010ad]

Native frames: (J=compiled Java code, j=interpreted, Vv=VM code, C=native code)
V  [jvm.dll+0x626eca]
V  [jvm.dll+0x772c6a]
V  [jvm.dll+0x77441f]
V  [jvm.dll+0x774985]
V  [jvm.dll+0x77493b]
V  [jvm.dll+0x6266ff]
C  [ntdll.dll+0x78a4c]
C  [ntdll.dll+0x51276]
C  [ntdll.dll+0xa0cae]
C  0x000001d8800010ad

VM_Operation (0x0000000c13bfb520): G1CollectForAllocation, mode: safepoint, requested by thread 0x000001d8e8bdb800


---------------  P R O C E S S  ---------------

Threads class SMR info:
_java_thread_list=0x000001d8f9deb650, length=12, elements={
0x000001d8e8bdb800, 0x000001d8f91ac800, 0x000001d8f91b4800, 0x000001d8f91ca000,
0x000001d8f91cd000, 0x000001d8f91ce800, 0x000001d8f91d2000, 0x000001d8f91e1000,
0x000001d8f93fb800, 0x000001d8f941d800, 0x000001d8f9482800, 0x000001d8f9dec000
}

Java Threads: ( => current thread )
  0x000001d8e8bdb800 JavaThread "main" [_thread_blocked, id=5956, stack(0x0000000c13b00000,0x0000000c13c00000)]
  0x000001d8f91ac800 JavaThread "Reference Handler" daemon [_thread_blocked, id=10160, stack(0x0000000c14200000,0x0000000c14300000)]
  0x000001d8f91b4800 JavaThread "Finalizer" daemon [_thread_blocked, id=11932, stack(0x0000000c14300000,0x0000000c14400000)]
  0x000001d8f91ca000 JavaThread "Signal Dispatcher" daemon [_thread_blocked, id=15064, stack(0x0000000c14400000,0x0000000c14500000)]
  0x000001d8f91cd000 JavaThread "Attach Listener" daemon [_thread_blocked, id=18852, stack(0x0000000c14500000,0x0000000c14600000)]
  0x000001d8f91ce800 JavaThread "C2 CompilerThread0" daemon [_thread_in_native, id=20764, stack(0x0000000c14600000,0x0000000c14700000)]
  0x000001d8f91d2000 JavaThread "C1 CompilerThread0" daemon [_thread_blocked, id=19112, stack(0x0000000c14700000,0x0000000c14800000)]
  0x000001d8f91e1000 JavaThread "Sweeper thread" daemon [_thread_blocked, id=20200, stack(0x0000000c14800000,0x0000000c14900000)]
  0x000001d8f93fb800 JavaThread "Common-Cleaner" daemon [_thread_blocked, id=14152, stack(0x0000000c14900000,0x0000000c14a00000)]
  0x000001d8f941d800 JavaThread "C2 CompilerThread1" daemon [_thread_blocked, id=820, stack(0x0000000c14a00000,0x0000000c14b00000)]
  0x000001d8f9482800 JavaThread "Service Thread" daemon [_thread_blocked, id=9092, stack(0x0000000c14b00000,0x0000000c14c00000)]
  0x000001d8f9dec000 JavaThread "C2 CompilerThread2" daemon [_thread_blocked, id=19308, stack(0x0000000c14f00000,0x0000000c15000000)]

Other Threads:
=>0x000001d8f91a8800 VMThread "VM Thread" [stack: 0x0000000c14100000,0x0000000c14200000] [id=15756]
  0x000001d8f9485800 WatcherThread [stack: 0x0000000c14c00000,0x0000000c14d00000] [id=12744]
  0x000001d8e8c20000 GCTaskThread "GC Thread#0" [stack: 0x0000000c13c00000,0x0000000c13d00000] [id=10120]
  0x000001d8f95a4000 GCTaskThread "GC Thread#1" [stack: 0x0000000c14d00000,0x0000000c14e00000] [id=20096]
  0x000001d8e8c31800 ConcurrentGCThread "G1 Main Marker" [stack: 0x0000000c13d00000,0x0000000c13e00000] [id=15932]
  0x000001d8e8c33800 ConcurrentGCThread "G1 Conc#0" [stack: 0x0000000c13e00000,0x0000000c13f00000] [id=18036]
  0x000001d8f9c20800 ConcurrentGCThread "G1 Conc#1" [stack: 0x0000000c14e00000,0x0000000c14f00000] [id=13012]
  0x000001d8e8c5f800 ConcurrentGCThread "G1 Refine#0" [stack: 0x0000000c13f00000,0x0000000c14000000] [id=6168]
  0x000001d8e8c63800 ConcurrentGCThread "G1 Young RemSet Sampling" [stack: 0x0000000c14000000,0x0000000c14100000] [id=8252]

Threads with active compile tasks:
C2 CompilerThread0      596 1504       4       jdk.internal.jimage.ImageReader$SharedImageReader::makeDirectories (54 bytes)
C2 CompilerThread1      596 1508       4       com.sun.tools.javac.util.SharedNameTable::fromUtf (174 bytes)
C2 CompilerThread2      596 1503       4       jdk.internal.jimage.ImageLocation::getFullName (109 bytes)

VM state:at safepoint (normal execution)

VM Mutex/Monitor currently owned by a thread:  ([mutex/lock_event])
[0x000001d8e8bd8720] Threads_lock - owner thread: 0x000001d8f91a8800
[0x000001d8e8bd8840] Heap_lock - owner thread: 0x000001d8e8bdb800

Heap address: 0x0000000082600000, size: 2010 MB, Compressed Oops mode: 32-bit
Narrow klass base: 0x0000000800000000, Narrow klass shift: 3
Compressed class space size: 1073741824 Address: 0x0000000800b40000

Heap:
 garbage-first heap   total 47104K, used 11313K [0x0000000082600000, 0x0000000100000000)
  region size 1024K, 1 young (1024K), 1 survivors (1024K)
 Metaspace       used 9456K, capacity 12066K, committed 12288K, reserved 1060864K
  class space    used 1103K, capacity 1433K, committed 1536K, reserved 1048576K
Heap Regions: E=young(eden), S=young(survivor), O=old, HS=humongous(starts), HC=humongous(continues), CS=collection set, F=free, A=archive, TAMS=top-at-mark-start (previous, next)
|   0|0x0000000082600000, 0x0000000082700000, 0x0000000082700000|100%| O|  |TAMS 0x0000000082700000, 0x0000000082600000| Untracked 
|   1|0x0000000082700000, 0x0000000082800000, 0x0000000082800000|100%| O|  |TAMS 0x0000000082800000, 0x0000000082700000| Untracked 
|   2|0x0000000082800000, 0x0000000082900000, 0x0000000082900000|100%| O|  |TAMS 0x0000000082900000, 0x0000000082800000| Untracked 
|   3|0x0000000082900000, 0x0000000082a00000, 0x0000000082a00000|100%| O|  |TAMS 0x0000000082a00000, 0x0000000082900000| Untracked 
|   4|0x0000000082a00000, 0x0000000082b00000, 0x0000000082b00000|100%| O|  |TAMS 0x0000000082a75600, 0x0000000082a00000| Untracked 
|   5|0x0000000082b00000, 0x0000000082c00000, 0x0000000082c00000|100%| O|  |TAMS 0x0000000082b00000, 0x0000000082b00000| Untracked 
|   6|0x0000000082c00000, 0x0000000082d00000, 0x0000000082d00000|100%| O|  |TAMS 0x0000000082c00000, 0x0000000082c00000| Untracked 
|   7|0x0000000082d00000, 0x0000000082e00000, 0x0000000082e00000|100%| O|  |TAMS 0x0000000082d00000, 0x0000000082d00000| Untracked 
|   8|0x0000000082e00000, 0x0000000082f00000, 0x0000000082f00000|100%| O|  |TAMS 0x0000000082e00000, 0x0000000082e00000| Untracked 
|   9|0x0000000082f00000, 0x0000000083000000, 0x0000000083000000|100%|HS|  |TAMS 0x0000000082f00000, 0x0000000082f00000| Complete 
|  10|0x0000000083000000, 0x0000000083056e00, 0x0000000083100000| 33%| O|  |TAMS 0x0000000083000000, 0x0000000083000000| Untracked 
|  11|0x0000000083100000, 0x0000000083100000, 0x0000000083200000|  0%| F|  |TAMS 0x0000000083100000, 0x0000000083100000| Untracked 
|  12|0x0000000083200000, 0x0000000083200000, 0x0000000083300000|  0%| F|  |TAMS 0x0000000083200000, 0x0000000083200000| Untracked 
|  13|0x0000000083300000, 0x0000000083300000, 0x0000000083400000|  0%| F|  |TAMS 0x0000000083300000, 0x0000000083300000| Untracked 
|  14|0x0000000083400000, 0x0000000083400000, 0x0000000083500000|  0%| F|  |TAMS 0x0000000083400000, 0x0000000083400000| Untracked 
|  15|0x0000000083500000, 0x0000000083500000, 0x0000000083600000|  0%| F|  |TAMS 0x0000000083500000, 0x0000000083500000| Untracked 
|  16|0x0000000083600000, 0x0000000083600000, 0x0000000083700000|  0%| F|  |TAMS 0x0000000083600000, 0x0000000083600000| Untracked 
|  17|0x0000000083700000, 0x0000000083700000, 0x0000000083800000|  0%| F|  |TAMS 0x0000000083700000, 0x0000000083700000| Untracked 
|  18|0x0000000083800000, 0x00000000838b5830, 0x0000000083900000| 70%| S|CS|TAMS 0x0000000083800000, 0x0000000083800000| Complete 
|  19|0x0000000083900000, 0x0000000083900000, 0x0000000083a00000|  0%| F|  |TAMS 0x0000000083900000, 0x0000000083900000| Untracked 
|  20|0x0000000083a00000, 0x0000000083a00000, 0x0000000083b00000|  0%| F|  |TAMS 0x0000000083a00000, 0x0000000083a00000| Untracked 
|  21|0x0000000083b00000, 0x0000000083b00000, 0x0000000083c00000|  0%| F|  |TAMS 0x0000000083b00000, 0x0000000083b00000| Untracked 
|  22|0x0000000083c00000, 0x0000000083c00000, 0x0000000083d00000|  0%| F|  |TAMS 0x0000000083c00000, 0x0000000083c00000| Untracked 

Card table byte_map: [0x000001d8f1920000,0x000001d8f1d10000] _byte_map_base: 0x000001d8f150d000

Marking Bits (Prev, Next): (CMBitMap*) 0x000001d8e8c20fc8, (CMBitMap*) 0x000001d8e8c20f88
 Prev Bits: [0x000001d8f4070000, 0x000001d8f5fd8000)
 Next Bits: [0x000001d8f2100000, 0x000001d8f4068000)

Polling page: 0x000001d8e6b80000

Metaspace:

Usage:
  Non-class:     10.38 MB capacity,     8.16 MB ( 79%) used,     2.20 MB ( 21%) free+waste,    29.69 KB ( <1%) overhead. 
      Class:      1.40 MB capacity,     1.08 MB ( 77%) used,   314.88 KB ( 22%) free+waste,    14.75 KB (  1%) overhead. 
       Both:     11.78 MB capacity,     9.23 MB ( 78%) used,     2.51 MB ( 21%) free+waste,    44.44 KB ( <1%) overhead. 

Virtual space:
  Non-class space:       12.00 MB reserved,      10.50 MB ( 88%) committed 
      Class space:        1.00 GB reserved,       1.50 MB ( <1%) committed 
             Both:        1.01 GB reserved,      12.00 MB (  1%) committed 

Chunk freelists:
   Non-Class:  0 bytes
       Class:  7.00 KB
        Both:  7.00 KB

MaxMetaspaceSize: 17179869184.00 GB
CompressedClassSpaceSize: 1.00 GB

CodeHeap 'non-profiled nmethods': size=120000Kb used=507Kb max_used=507Kb free=119492Kb
 bounds [0x000001d887ad0000, 0x000001d887d40000, 0x000001d88f000000]
CodeHeap 'profiled nmethods': size=120000Kb used=3160Kb max_used=3160Kb free=116840Kb
 bounds [0x000001d8805a0000, 0x000001d8808c0000, 0x000001d887ad0000]
CodeHeap 'non-nmethods': size=5760Kb used=1181Kb max_used=1232Kb free=4578Kb
 bounds [0x000001d880000000, 0x000001d880270000, 0x000001d8805a0000]
 total_blobs=2603 nmethods=1546 adapters=343
 compilation: enabled
              stopped_count=0, restarted_count=0
 full_count=0

Compilation events (20 events):
Event: 0.578 Thread 0x000001d8f91d2000 1550       3       com.sun.tools.javac.util.JCDiagnostic$DiagnosticInfo::of (108 bytes)
Event: 0.579 Thread 0x000001d8f91d2000 nmethod 1550 0x000001d8808ae990 code [0x000001d8808aeca0, 0x000001d8808b0080]
Event: 0.579 Thread 0x000001d8f91d2000 1552       3       java.util.RegularEnumSet::clear (6 bytes)
Event: 0.579 Thread 0x000001d8f91d2000 nmethod 1552 0x000001d8808b0690 code [0x000001d8808b0820, 0x000001d8808b09b8]
Event: 0.579 Thread 0x000001d8f91d2000 1555       3       com.sun.tools.javac.code.Types::memberType (33 bytes)
Event: 0.579 Thread 0x000001d8f91d2000 nmethod 1555 0x000001d8808b0a90 code [0x000001d8808b0c60, 0x000001d8808b11a0]
Event: 0.579 Thread 0x000001d8f91d2000 1556       3       com.sun.tools.javac.code.Scope$ScopeImpl::<init> (46 bytes)
Event: 0.580 Thread 0x000001d8f91d2000 nmethod 1556 0x000001d8808b1310 code [0x000001d8808b1520, 0x000001d8808b1d70]
Event: 0.580 Thread 0x000001d8f91d2000 1557       3       java.lang.invoke.MethodHandles$Lookup::checkSymbolicClass (25 bytes)
Event: 0.580 Thread 0x000001d8f91d2000 nmethod 1557 0x000001d8808b2010 code [0x000001d8808b22e0, 0x000001d8808b2fa0]
Event: 0.580 Thread 0x000001d8f91d2000 1548       3       com.sun.tools.javac.code.Types$TypeMapping::visit (12 bytes)
Event: 0.581 Thread 0x000001d8f91d2000 nmethod 1548 0x000001d8808b3490 code [0x000001d8808b3680, 0x000001d8808b3cf0]
Event: 0.581 Thread 0x000001d8f91d2000 1549       1       java.util.Collections$EmptyIterator::hasNext (2 bytes)
Event: 0.581 Thread 0x000001d8f91d2000 nmethod 1549 0x000001d887b4e810 code [0x000001d887b4e9a0, 0x000001d887b4ead8]
Event: 0.581 Thread 0x000001d8f91d2000 1525       1       jdk.internal.jimage.BasicImageReader::getByteOrder (5 bytes)
Event: 0.581 Thread 0x000001d8f91d2000 nmethod 1525 0x000001d887b4eb90 code [0x000001d887b4ed20, 0x000001d887b4ee58]
Event: 0.581 Thread 0x000001d8f91d2000 1558       3       com.sun.tools.javac.code.Scope$ScopeImpl::remove (179 bytes)
Event: 0.582 Thread 0x000001d8f91d2000 nmethod 1558 0x000001d8808b3f10 code [0x000001d8808b41c0, 0x000001d8808b51e0]
Event: 0.582 Thread 0x000001d8f91d2000 1559       3       java.util.stream.AbstractPipeline::copyIntoWithCancel (46 bytes)
Event: 0.582 Thread 0x000001d8f91d2000 nmethod 1559 0x000001d8808b5710 code [0x000001d8808b5900, 0x000001d8808b5e80]

GC Heap History (20 events):
Event: 0.385 GC heap after
{Heap after GC invocations=7 (full 0):
 garbage-first heap   total 10240K, used 4529K [0x0000000082600000, 0x0000000100000000)
  region size 1024K, 1 young (1024K), 1 survivors (1024K)
 Metaspace       used 8407K, capacity 11330K, committed 11648K, reserved 1058816K
  class space    used 1005K, capacity 1319K, committed 1408K, reserved 1048576K
}
Event: 0.401 GC heap before
{Heap before GC invocations=7 (full 0):
 garbage-first heap   total 10240K, used 5553K [0x0000000082600000, 0x0000000100000000)
  region size 1024K, 2 young (2048K), 1 survivors (1024K)
 Metaspace       used 8502K, capacity 11358K, committed 11648K, reserved 1058816K
  class space    used 1017K, capacity 1329K, committed 1408K, reserved 1048576K
}
Event: 0.402 GC heap after
{Heap after GC invocations=8 (full 0):
 garbage-first heap   total 10240K, used 4912K [0x0000000082600000, 0x0000000100000000)
  region size 1024K, 1 young (1024K), 1 survivors (1024K)
 Metaspace       used 8502K, capacity 11358K, committed 11648K, reserved 1058816K
  class space    used 1017K, capacity 1329K, committed 1408K, reserved 1048576K
}
Event: 0.408 GC heap before
{Heap before GC invocations=8 (full 0):
 garbage-first heap   total 10240K, used 5936K [0x0000000082600000, 0x0000000100000000)
  region size 1024K, 2 young (2048K), 1 survivors (1024K)
 Metaspace       used 8557K, capacity 11372K, committed 11648K, reserved 1058816K
  class space    used 1023K, capacity 1334K, committed 1408K, reserved 1048576K
}
Event: 0.410 GC heap after
{Heap after GC invocations=9 (full 0):
 garbage-first heap   total 15360K, used 5049K [0x0000000082600000, 0x0000000100000000)
  region size 1024K, 1 young (1024K), 1 survivors (1024K)
 Metaspace       used 8557K, capacity 11372K, committed 11648K, reserved 1058816K
  class space    used 1023K, capacity 1334K, committed 1408K, reserved 1048576K
}
Event: 0.427 GC heap before
{Heap before GC invocations=10 (full 0):
 garbage-first heap   total 15360K, used 7097K [0x0000000082600000, 0x0000000100000000)
  region size 1024K, 3 young (3072K), 1 survivors (1024K)
 Metaspace       used 8618K, capacity 11372K, committed 11648K, reserved 1058816K
  class space    used 1023K, capacity 1334K, committed 1408K, reserved 1048576K
}
Event: 0.429 GC heap after
{Heap after GC invocations=11 (full 0):
 garbage-first heap   total 15360K, used 5284K [0x0000000082600000, 0x0000000100000000)
  region size 1024K, 1 young (1024K), 1 survivors (1024K)
 Metaspace       used 8618K, capacity 11372K, committed 11648K, reserved 1058816K
  class space    used 1023K, capacity 1334K, committed 1408K, reserved 1048576K
}
Event: 0.439 GC heap before
{Heap before GC invocations=11 (full 0):
 garbage-first heap   total 15360K, used 7332K [0x0000000082600000, 0x0000000100000000)
  region size 1024K, 3 young (3072K), 1 survivors (1024K)
 Metaspace       used 8691K, capacity 11391K, committed 11648K, reserved 1058816K
  class space    used 1029K, capacity 1339K, committed 1408K, reserved 1048576K
}
Event: 0.440 GC heap after
{Heap after GC invocations=12 (full 0):
 garbage-first heap   total 15360K, used 5560K [0x0000000082600000, 0x0000000100000000)
  region size 1024K, 1 young (1024K), 1 survivors (1024K)
 Metaspace       used 8691K, capacity 11391K, committed 11648K, reserved 1058816K
  class space    used 1029K, capacity 1339K, committed 1408K, reserved 1048576K
}
Event: 0.452 GC heap before
{Heap before GC invocations=12 (full 0):
 garbage-first heap   total 15360K, used 8632K [0x0000000082600000, 0x0000000100000000)
  region size 1024K, 4 young (4096K), 1 survivors (1024K)
 Metaspace       used 8708K, capacity 11456K, committed 11648K, reserved 1058816K
  class space    used 1029K, capacity 1339K, committed 1408K, reserved 1048576K
}
Event: 0.454 GC heap after
{Heap after GC invocations=13 (full 0):
 garbage-first heap   total 15360K, used 5917K [0x0000000082600000, 0x0000000100000000)
  region size 1024K, 1 young (1024K), 1 survivors (1024K)
 Metaspace       used 8708K, capacity 11456K, committed 11648K, reserved 1058816K
  class space    used 1029K, capacity 1339K, committed 1408K, reserved 1048576K
}
Event: 0.459 GC heap before
{Heap before GC invocations=13 (full 0):
 garbage-first heap   total 15360K, used 7965K [0x0000000082600000, 0x0000000100000000)
  region size 1024K, 3 young (3072K), 1 survivors (1024K)
 Metaspace       used 8714K, capacity 11456K, committed 11648K, reserved 1058816K
  class space    used 1029K, capacity 1339K, committed 1408K, reserved 1048576K
}
Event: 0.461 GC heap after
{Heap after GC invocations=14 (full 0):
 garbage-first heap   total 23552K, used 6260K [0x0000000082600000, 0x0000000100000000)
  region size 1024K, 1 young (1024K), 1 survivors (1024K)
 Metaspace       used 8714K, capacity 11456K, committed 11648K, reserved 1058816K
  class space    used 1029K, capacity 1339K, committed 1408K, reserved 1048576K
}
Event: 0.498 GC heap before
{Heap before GC invocations=14 (full 0):
 garbage-first heap   total 23552K, used 11380K [0x0000000082600000, 0x0000000100000000)
  region size 1024K, 6 young (6144K), 1 survivors (1024K)
 Metaspace       used 8925K, capacity 11654K, committed 11904K, reserved 1060864K
  class space    used 1051K, capacity 1383K, committed 1408K, reserved 1048576K
}
Event: 0.501 GC heap after
{Heap after GC invocations=15 (full 0):
 garbage-first heap   total 23552K, used 7688K [0x0000000082600000, 0x0000000100000000)
  region size 1024K, 1 young (1024K), 1 survivors (1024K)
 Metaspace       used 8925K, capacity 11654K, committed 11904K, reserved 1060864K
  class space    used 1051K, capacity 1383K, committed 1408K, reserved 1048576K
}
Event: 0.538 GC heap before
{Heap before GC invocations=15 (full 0):
 garbage-first heap   total 23552K, used 12808K [0x0000000082600000, 0x0000000100000000)
  region size 1024K, 6 young (6144K), 1 survivors (1024K)
 Metaspace       used 9321K, capacity 11892K, committed 11904K, reserved 1060864K
  class space    used 1095K, capacity 1397K, committed 1408K, reserved 1048576K
}
Event: 0.541 GC heap after
{Heap after GC invocations=16 (full 0):
 garbage-first heap   total 23552K, used 8711K [0x0000000082600000, 0x0000000100000000)
  region size 1024K, 1 young (1024K), 1 survivors (1024K)
 Metaspace       used 9321K, capacity 11892K, committed 11904K, reserved 1060864K
  class space    used 1095K, capacity 1397K, committed 1408K, reserved 1048576K
}
Event: 0.559 GC heap before
{Heap before GC invocations=16 (full 0):
 garbage-first heap   total 23552K, used 13831K [0x0000000082600000, 0x0000000100000000)
  region size 1024K, 6 young (6144K), 1 survivors (1024K)
 Metaspace       used 9361K, capacity 11957K, committed 12160K, reserved 1060864K
  class space    used 1095K, capacity 1397K, committed 1408K, reserved 1048576K
}
Event: 0.561 GC heap after
{Heap after GC invocations=17 (full 0):
 garbage-first heap   total 23552K, used 9602K [0x0000000082600000, 0x0000000100000000)
  region size 1024K, 1 young (1024K), 1 survivors (1024K)
 Metaspace       used 9361K, capacity 11957K, committed 12160K, reserved 1060864K
  class space    used 1095K, capacity 1397K, committed 1408K, reserved 1048576K
}
Event: 0.583 GC heap before
{Heap before GC invocations=17 (full 0):
 garbage-first heap   total 23552K, used 14722K [0x0000000082600000, 0x0000000100000000)
  region size 1024K, 5 young (5120K), 1 survivors (1024K)
 Metaspace       used 9456K, capacity 12066K, committed 12288K, reserved 1060864K
  class space    used 1103K, capacity 1433K, committed 1536K, reserved 1048576K
}

Deoptimization events (20 events):
Event: 0.494 Thread 0x000001d8e8bdb800 Uncommon trap: trap_request=0xffffff45 fr.pc=0x000001d887b312ec relative=0x0000000000000a2c
Event: 0.494 Thread 0x000001d8e8bdb800 Uncommon trap: reason=unstable_if action=reinterpret pc=0x000001d887b312ec method=com.sun.tools.javac.util.ArrayUtils.ensureCapacity([BI)[B @ 3 c2
Event: 0.494 Thread 0x000001d8e8bdb800 DEOPT PACKING pc=0x000001d887b312ec sp=0x0000000c13bfd9c0
Event: 0.494 Thread 0x000001d8e8bdb800 DEOPT UNPACKING pc=0x000001d88004912f sp=0x0000000c13bfd8e8 mode 2
Event: 0.501 Thread 0x000001d8e8bdb800 Uncommon trap: trap_request=0xffffffde fr.pc=0x000001d887b390a8 relative=0x0000000000000f68
Event: 0.501 Thread 0x000001d8e8bdb800 Uncommon trap: reason=class_check action=maybe_recompile pc=0x000001d887b390a8 method=java.util.regex.Pattern$Start.<init>(Ljava/util/regex/Pattern$Node;)V @ 22 c2
Event: 0.501 Thread 0x000001d8e8bdb800 DEOPT PACKING pc=0x000001d887b390a8 sp=0x0000000c13bfdb50
Event: 0.501 Thread 0x000001d8e8bdb800 DEOPT UNPACKING pc=0x000001d88004912f sp=0x0000000c13bfda80 mode 2
Event: 0.513 Thread 0x000001d8e8bdb800 Uncommon trap: trap_request=0xffffffde fr.pc=0x000001d887b390a8 relative=0x0000000000000f68
Event: 0.513 Thread 0x000001d8e8bdb800 Uncommon trap: reason=class_check action=maybe_recompile pc=0x000001d887b390a8 method=java.util.regex.Pattern$Start.<init>(Ljava/util/regex/Pattern$Node;)V @ 22 c2
Event: 0.513 Thread 0x000001d8e8bdb800 DEOPT PACKING pc=0x000001d887b390a8 sp=0x0000000c13bfe4b0
Event: 0.513 Thread 0x000001d8e8bdb800 DEOPT UNPACKING pc=0x000001d88004912f sp=0x0000000c13bfe3e0 mode 2
Event: 0.515 Thread 0x000001d8e8bdb800 Uncommon trap: trap_request=0xffffffde fr.pc=0x000001d887b390a8 relative=0x0000000000000f68
Event: 0.515 Thread 0x000001d8e8bdb800 Uncommon trap: reason=class_check action=maybe_recompile pc=0x000001d887b390a8 method=java.util.regex.Pattern$Start.<init>(Ljava/util/regex/Pattern$Node;)V @ 22 c2
Event: 0.515 Thread 0x000001d8e8bdb800 DEOPT PACKING pc=0x000001d887b390a8 sp=0x0000000c13bfe4b0
Event: 0.515 Thread 0x000001d8e8bdb800 DEOPT UNPACKING pc=0x000001d88004912f sp=0x0000000c13bfe3e0 mode 2
Event: 0.515 Thread 0x000001d8e8bdb800 Uncommon trap: trap_request=0xffffffde fr.pc=0x000001d887b390a8 relative=0x0000000000000f68
Event: 0.515 Thread 0x000001d8e8bdb800 Uncommon trap: reason=class_check action=maybe_recompile pc=0x000001d887b390a8 method=java.util.regex.Pattern$Start.<init>(Ljava/util/regex/Pattern$Node;)V @ 22 c2
Event: 0.515 Thread 0x000001d8e8bdb800 DEOPT PACKING pc=0x000001d887b390a8 sp=0x0000000c13bfe3a0
Event: 0.515 Thread 0x000001d8e8bdb800 DEOPT UNPACKING pc=0x000001d88004912f sp=0x0000000c13bfe2d0 mode 2

Classes unloaded (0 events):
No events

Classes redefined (0 events):
No events

Internal exceptions (20 events):
Event: 0.320 Thread 0x000001d8e8bdb800 Exception <a 'java/lang/NoSuchMethodError'{0x0000000082fddad8}: 'java.lang.Object java.lang.invoke.DirectMethodHandle$Holder.invokeVirtual(java.lang.Object, java.lang.Object, java.lang.Object, int, int)'> (0x0000000082fddad8) 
thrown [t:/workspace/open/src/hotspot/share/interpreter/linkResolver.cpp, line 767]
Event: 0.321 Thread 0x000001d8e8bdb800 Exception <a 'java/lang/NoSuchMethodError'{0x0000000082fe3d48}: 'java.lang.Object java.lang.invoke.DirectMethodHandle$Holder.invokeVirtual(java.lang.Object, java.lang.Object, int)'> (0x0000000082fe3d48) 
thrown [t:/workspace/open/src/hotspot/share/interpreter/linkResolver.cpp, line 767]
Event: 0.322 Thread 0x000001d8e8bdb800 Exception <a 'java/lang/NoSuchMethodError'{0x0000000082fed300}: 'java.lang.Object java.lang.invoke.DirectMethodHandle$Holder.invokeSpecial(java.lang.Object, java.lang.Object, java.lang.Object, int, int)'> (0x0000000082fed300) 
thrown [t:/workspace/open/src/hotspot/share/interpreter/linkResolver.cpp, line 767]
Event: 0.376 Thread 0x000001d8e8bdb800 Implicit null exception at 0x000001d887b1ba2c to 0x000001d887b1bbe4
Event: 0.397 Thread 0x000001d8e8bdb800 Exception <a 'sun/nio/fs/WindowsException'{0x0000000082fddd90}> (0x0000000082fddd90) 
thrown [t:/workspace/open/src/hotspot/share/prims/jni.cpp, line 598]
Event: 0.399 Thread 0x000001d8e8bdb800 Exception <a 'sun/nio/fs/WindowsException'{0x0000000082ff3118}> (0x0000000082ff3118) 
thrown [t:/workspace/open/src/hotspot/share/prims/jni.cpp, line 598]
Event: 0.403 Thread 0x000001d8e8bdb800 Exception <a 'java/lang/NoSuchMethodError'{0x0000000082f03d70}: 'int java.lang.invoke.DirectMethodHandle$Holder.invokeSpecial(java.lang.Object, java.lang.Object, java.lang.Object, java.lang.Object, java.lang.Object)'> (0x0000000082f03d70) 
thrown [t:/workspace/open/src/hotspot/share/interpreter/linkResolver.cpp, line 767]
Event: 0.430 Thread 0x000001d8e8bdb800 Exception <a 'sun/nio/fs/WindowsException'{0x0000000083418f58}> (0x0000000083418f58) 
thrown [t:/workspace/open/src/hotspot/share/prims/jni.cpp, line 598]
Event: 0.431 Thread 0x000001d8e8bdb800 Exception <a 'sun/nio/fs/WindowsException'{0x000000008341b530}> (0x000000008341b530) 
thrown [t:/workspace/open/src/hotspot/share/prims/jni.cpp, line 598]
Event: 0.431 Thread 0x000001d8e8bdb800 Exception <a 'sun/nio/fs/WindowsException'{0x000000008341d7a0}> (0x000000008341d7a0) 
thrown [t:/workspace/open/src/hotspot/share/prims/jni.cpp, line 598]
Event: 0.432 Thread 0x000001d8e8bdb800 Exception <a 'sun/nio/fs/WindowsException'{0x000000008341faf8}> (0x000000008341faf8) 
thrown [t:/workspace/open/src/hotspot/share/prims/jni.cpp, line 598]
Event: 0.434 Thread 0x000001d8e8bdb800 Exception <a 'sun/nio/fs/WindowsException'{0x000000008342c450}> (0x000000008342c450) 
thrown [t:/workspace/open/src/hotspot/share/prims/jni.cpp, line 598]
Event: 0.434 Thread 0x000001d8e8bdb800 Exception <a 'sun/nio/fs/WindowsException'{0x000000008342c718}> (0x000000008342c718) 
thrown [t:/workspace/open/src/hotspot/share/prims/jni.cpp, line 598]
Event: 0.434 Thread 0x000001d8e8bdb800 Exception <a 'sun/nio/fs/WindowsException'{0x000000008342d700}> (0x000000008342d700) 
thrown [t:/workspace/open/src/hotspot/share/prims/jni.cpp, line 598]
Event: 0.434 Thread 0x000001d8e8bdb800 Exception <a 'sun/nio/fs/WindowsException'{0x000000008342d990}> (0x000000008342d990) 
thrown [t:/workspace/open/src/hotspot/share/prims/jni.cpp, line 598]
Event: 0.455 Thread 0x000001d8e8bdb800 Exception <a 'sun/nio/fs/WindowsException'{0x000000008341da20}> (0x000000008341da20) 
thrown [t:/workspace/open/src/hotspot/share/prims/jni.cpp, line 598]
Event: 0.455 Thread 0x000001d8e8bdb800 Exception <a 'sun/nio/fs/WindowsException'{0x000000008341dce0}> (0x000000008341dce0) 
thrown [t:/workspace/open/src/hotspot/share/prims/jni.cpp, line 598]
Event: 0.455 Thread 0x000001d8e8bdb800 Exception <a 'sun/nio/fs/WindowsException'{0x000000008341eef8}> (0x000000008341eef8) 
thrown [t:/workspace/open/src/hotspot/share/prims/jni.cpp, line 598]
Event: 0.455 Thread 0x000001d8e8bdb800 Exception <a 'sun/nio/fs/WindowsException'{0x000000008341f180}> (0x000000008341f180) 
thrown [t:/workspace/open/src/hotspot/share/prims/jni.cpp, line 598]
Event: 0.467 Thread 0x000001d8e8bdb800 Exception <a 'java/lang/NoSuchMethodError'{0x0000000083b22f38}: 'java.lang.Object java.lang.invoke.DirectMethodHandle$Holder.invokeStatic(java.lang.Object, java.lang.Object, int, int)'> (0x0000000083b22f38) 
thrown [t:/workspace/open/src/hotspot/share/interpreter/linkResolver.cpp, line 767]

Events (20 events):
Event: 0.580 loading class com/sun/tools/javac/tree/JCTree$JCMethodInvocation done
Event: 0.580 loading class com/sun/tools/javac/comp/ArgumentAttr
Event: 0.580 loading class com/sun/tools/javac/comp/ArgumentAttr done
Event: 0.580 loading class com/sun/tools/javac/tree/JCTree$JCExpression
Event: 0.580 loading class com/sun/tools/javac/tree/JCTree$JCExpression done
Event: 0.580 loading class com/sun/tools/javac/comp/ArgumentAttr$ArgumentType
Event: 0.580 loading class com/sun/tools/javac/comp/ArgumentAttr$ArgumentType done
Event: 0.580 loading class com/sun/tools/javac/comp/DeferredAttr
Event: 0.580 loading class com/sun/tools/javac/comp/DeferredAttr done
Event: 0.581 loading class com/sun/tools/javac/tree/JCTree
Event: 0.581 loading class com/sun/tools/javac/tree/JCTree done
Event: 0.581 loading class com/sun/tools/javac/tree/JCTree
Event: 0.581 loading class com/sun/tools/javac/tree/JCTree done
Event: 0.581 loading class com/sun/tools/javac/tree/JCTree
Event: 0.581 loading class com/sun/tools/javac/tree/JCTree done
Event: 0.581 loading class com/sun/tools/javac/tree/JCTree
Event: 0.581 loading class com/sun/tools/javac/tree/JCTree done
Event: 0.581 loading class com/sun/tools/javac/util/JCDiagnostic
Event: 0.581 loading class com/sun/tools/javac/util/JCDiagnostic done
Event: 0.582 Executing VM operation: G1CollectForAllocation


Dynamic libraries:
0x00007ff690130000 - 0x00007ff690137000 	C:\Program Files\Java\jdk-13.0.1\bin\javac.exe
0x00007ff92a710000 - 0x00007ff92a905000 	C:\WINDOWS\SYSTEM32\ntdll.dll
0x00007ff92a4f0000 - 0x00007ff92a5ad000 	C:\WINDOWS\System32\KERNEL32.DLL
0x00007ff927e50000 - 0x00007ff928118000 	C:\WINDOWS\System32\KERNELBASE.dll
0x00007ff928120000 - 0x00007ff928220000 	C:\WINDOWS\System32\ucrtbase.dll
0x00007ff920b40000 - 0x00007ff920b58000 	C:\Program Files\Java\jdk-13.0.1\bin\jli.dll
0x00007ff8fd520000 - 0x00007ff8fd535000 	C:\Program Files\Java\jdk-13.0.1\bin\VCRUNTIME140.dll
0x00007ff9296b0000 - 0x00007ff92975c000 	C:\WINDOWS\System32\ADVAPI32.dll
0x00007ff9289e0000 - 0x00007ff928a7e000 	C:\WINDOWS\System32\msvcrt.dll
0x00007ff928930000 - 0x00007ff9289cb000 	C:\WINDOWS\System32\sechost.dll
0x00007ff929430000 - 0x00007ff92955b000 	C:\WINDOWS\System32\RPCRT4.dll
0x00007ff929160000 - 0x00007ff929300000 	C:\WINDOWS\System32\USER32.dll
0x00007ff9282a0000 - 0x00007ff9282c2000 	C:\WINDOWS\System32\win32u.dll
0x00007ff927270000 - 0x00007ff92750a000 	C:\WINDOWS\WinSxS\amd64_microsoft.windows.common-controls_6595b64144ccf1df_6.0.19041.844_none_ca00b6081b84eb1d\COMCTL32.dll
0x00007ff9287d0000 - 0x00007ff9287fa000 	C:\WINDOWS\System32\GDI32.dll
0x00007ff928660000 - 0x00007ff92876b000 	C:\WINDOWS\System32\gdi32full.dll
0x00007ff9282d0000 - 0x00007ff92836d000 	C:\WINDOWS\System32\msvcp_win.dll
0x00007ff9251b0000 - 0x00007ff9251ba000 	C:\WINDOWS\SYSTEM32\VERSION.dll
0x00007ff929560000 - 0x00007ff929590000 	C:\WINDOWS\System32\IMM32.DLL
0x00007ff8efb10000 - 0x00007ff8efbab000 	C:\Program Files\Java\jdk-13.0.1\bin\msvcp140.dll
0x00007ff8eef80000 - 0x00007ff8efae6000 	C:\Program Files\Java\jdk-13.0.1\bin\server\jvm.dll
0x00007ff9289d0000 - 0x00007ff9289d8000 	C:\WINDOWS\System32\PSAPI.DLL
0x00007ff908950000 - 0x00007ff908959000 	C:\WINDOWS\SYSTEM32\WSOCK32.dll
0x00007ff91e930000 - 0x00007ff91e957000 	C:\WINDOWS\SYSTEM32\WINMM.dll
0x00007ff92a5b0000 - 0x00007ff92a61b000 	C:\WINDOWS\System32\WS2_32.dll
0x00007ff925a50000 - 0x00007ff925a62000 	C:\WINDOWS\SYSTEM32\kernel.appcore.dll
0x00007ff907310000 - 0x00007ff907320000 	C:\Program Files\Java\jdk-13.0.1\bin\verify.dll
0x00007ff927880000 - 0x00007ff927a64000 	C:\WINDOWS\SYSTEM32\DBGHELP.DLL
0x00007ff927630000 - 0x00007ff92765c000 	C:\WINDOWS\SYSTEM32\dbgcore.DLL
0x00007ff928480000 - 0x00007ff928500000 	C:\WINDOWS\System32\bcryptPrimitives.dll
0x00007ff8f80c0000 - 0x00007ff8f80e6000 	C:\Program Files\Java\jdk-13.0.1\bin\java.dll
0x00007ff8f2620000 - 0x00007ff8f2637000 	C:\Program Files\Java\jdk-13.0.1\bin\zip.dll
0x00007ff907080000 - 0x00007ff90708a000 	C:\Program Files\Java\jdk-13.0.1\bin\jimage.dll
0x00007ff929d80000 - 0x00007ff92a4c2000 	C:\WINDOWS\System32\SHELL32.dll
0x00007ff9252b0000 - 0x00007ff925a40000 	C:\WINDOWS\SYSTEM32\windows.storage.dll
0x00007ff928e00000 - 0x00007ff929155000 	C:\WINDOWS\System32\combase.dll
0x00007ff9271d0000 - 0x00007ff9271fc000 	C:\WINDOWS\SYSTEM32\Wldp.dll
0x00007ff928800000 - 0x00007ff9288ae000 	C:\WINDOWS\System32\SHCORE.dll
0x00007ff928770000 - 0x00007ff9287c5000 	C:\WINDOWS\System32\shlwapi.dll
0x00007ff927d90000 - 0x00007ff927daf000 	C:\WINDOWS\SYSTEM32\profapi.dll
0x00007ff8f2600000 - 0x00007ff8f2619000 	C:\Program Files\Java\jdk-13.0.1\bin\net.dll
0x00007ff919240000 - 0x00007ff91934b000 	C:\WINDOWS\SYSTEM32\WINHTTP.dll
0x00007ff9270b0000 - 0x00007ff92711a000 	C:\WINDOWS\system32\mswsock.dll
0x00007ff8efeb0000 - 0x00007ff8efec3000 	C:\Program Files\Java\jdk-13.0.1\bin\nio.dll

dbghelp: loaded successfully - version: 4.0.5 - missing functions: none
symbol engine: initialized successfully - sym options: 0x614 - pdb path: .;C:\Program Files\Java\jdk-13.0.1\bin;C:\WINDOWS\SYSTEM32;C:\WINDOWS\WinSxS\amd64_microsoft.windows.common-controls_6595b64144ccf1df_6.0.19041.844_none_ca00b6081b84eb1d;C:\Program Files\Java\jdk-13.0.1\bin\server

VM Arguments:
jvm_args: -Dapplication.home=C:\Program Files\Java\jdk-13.0.1 --add-modules=ALL-DEFAULT -Xms8m -Djdk.module.main=jdk.compiler 
java_command: jdk.compiler/com.sun.tools.javac.Main -d D:\JavaNetBeansProjects\Hotel Management System\build\classes -classpath D:\JavaNetBeansProjects\Hotel Management System\build\classes;C:\Program Files\NetBeans-12.0\netbeans\ide\modules\ext\postgresql-42.2.10.jar;C:\Users\Goutam\Downloads\jar_files.zip;C:\Users\Goutam\Downloads\mysql-connector-java-8.0.25.jar;C:\Users\Goutam\OneDrive\Desktop\mysql-connector-java-8.0.25.zip -sourcepath D:\JavaNetBeansProjects\Hotel Management System\src -target 13 -encoding UTF-8 -g -processorpath C:\Program Files\NetBeans-12.0\netbeans\ide\modules\ext\postgresql-42.2.10.jar;C:\Users\Goutam\Downloads\jar_files.zip;C:\Users\Goutam\Downloads\mysql-connector-java-8.0.25.jar;C:\Users\Goutam\OneDrive\Desktop\mysql-connector-java-8.0.25.zip;D:\JavaNetBeansProjects\Hotel Management System\build\empty -s D:\JavaNetBeansProjects\Hotel Management System\build\generated-sources\ap-source-output -source 13 D:\JavaNetBeansProjects\Hotel Management System\src\hotel\management\system\AddEmployee.java
java_class_path (initial): <not set>
Launcher Type: SUN_STANDARD

[Global flags]
     intx CICompilerCount                          = 4                                         {product} {ergonomic}
     uint ConcGCThreads                            = 2                                         {product} {ergonomic}
     uint G1ConcRefinementThreads                  = 8                                         {product} {ergonomic}
   size_t G1HeapRegionSize                         = 1048576                                   {product} {ergonomic}
    uintx GCDrainStackTargetSize                   = 64                                        {product} {ergonomic}
   size_t InitialHeapSize                          = 8388608                                   {product} {command line}
   size_t MarkStackSize                            = 4194304                                   {product} {ergonomic}
   size_t MaxHeapSize                              = 2107637760                                {product} {ergonomic}
   size_t MaxNewSize                               = 1264582656                                {product} {ergonomic}
   size_t MinHeapDeltaBytes                        = 1048576                                   {product} {ergonomic}
   size_t MinHeapSize                              = 8388608                                   {product} {command line}
    uintx NonNMethodCodeHeapSize                   = 5836300                                {pd product} {ergonomic}
    uintx NonProfiledCodeHeapSize                  = 122910970                              {pd product} {ergonomic}
    uintx ProfiledCodeHeapSize                     = 122910970                              {pd product} {ergonomic}
    uintx ReservedCodeCacheSize                    = 251658240                              {pd product} {ergonomic}
     bool SegmentedCodeCache                       = true                                      {product} {ergonomic}
   size_t SoftMaxHeapSize                          = 2107637760                             {manageable} {ergonomic}
     bool UseCompressedClassPointers               = true                                 {lp64_product} {ergonomic}
     bool UseCompressedOops                        = true                                 {lp64_product} {ergonomic}
     bool UseG1GC                                  = true                                      {product} {ergonomic}
     bool UseLargePagesIndividualAllocation        = false                                  {pd product} {ergonomic}

Logging:
Log output configuration:
 #0: stdout all=warning uptime,level,tags
 #1: stderr all=off uptime,level,tags

Environment Variables:
PATH=C:\Windows;C:\Windows\system32;C:\Windows\System32\Wbem;C:\Windows\System32\WindowsPowerShell\v1.0\;C:\Windows\System32\OpenSSH\;C:\Program Files (x86)\Intel\Intel(R) Management Engine Components\DAL;C:\Program Files\Intel\Intel(R) Management Engine Components\DAL;C:\Program Files (x86)\NVIDIA Corporation\PhysX\Common;C:\Program Files\Java\jre1.8.0_231\bin;C:\Program Files\Java\jdk-13.0.1\bin;C:\Program Files\PostgreSQL\12\bin;C:\WINDOWS\system32;C:\WINDOWS;C:\WINDOWS\System32\Wbem;C:\WINDOWS\System32\WindowsPowerShell\v1.0\;C:\WINDOWS\System32\OpenSSH\;C:\Program Files (x86)\Brackets\command;C:\Program Files\Git\cmd;C:\Program Files\nodejs\;C:\Program Files\MySQL\MySQL Shell 8.0\bin\;C:\Ruby27-x64\bin;C:\Users\Goutam\AppData\Local\Programs\Python\Python38-32\Scripts\;C:\Users\Goutam\AppData\Local\Programs\Python\Python38-32\;C:\Users\Goutam\AppData\Local\Microsoft\WindowsApps;C:\Users\Goutam\AppData\Local\Programs\Microsoft VS Code\bin;C:\Users\Goutam\AppData\Roaming\npm;C:\MinGW\bin;
USERNAME=Goutam
OS=Windows_NT
PROCESSOR_IDENTIFIER=Intel64 Family 6 Model 158 Stepping 10, GenuineIntel



---------------  S Y S T E M  ---------------

OS: Windows 10 , 64 bit Build 19041 (10.0.19041.928)

CPU:total 8 (initial active 8) (4 cores per cpu, 2 threads per core) family 6 model 158 stepping 10, cmov, cx8, fxsr, mmx, sse, sse2, sse3, ssse3, sse4.1, sse4.2, popcnt, avx, avx2, aes, clmul, erms, 3dnowpref, lzcnt, ht, tsc, tscinvbit, bmi1, bmi2, adx, fma

Memory: 4k page, system-wide physical 8034M (1853M free)
TotalPageFile size 23153M (AvailPageFile size 23M)
current process WorkingSet (physical memory assigned to process): 88M, peak: 89M
current process commit charge ("private bytes"): 128M, peak: 151M

vm_info: Java HotSpot(TM) 64-Bit Server VM (13.0.1+9) for windows-amd64 JRE (13.0.1+9), built on Oct  6 2019 12:37:49 by "mach5one" with unknown MS VC++:1916

END.
