#
# There is insufficient memory for the Java Runtime Environment to continue.
# Native memory allocation (malloc) failed to allocate 1048576 bytes for AllocateHeap
# Possible reasons:
#   The system is out of physical RAM or swap space
#   The process is running with CompressedOops enabled, and the Java Heap may be blocking the growth of the native heap
# Possible solutions:
#   Reduce memory load on the system
#   Increase physical memory or swap space
#   Check if swap backing store is full
#   Decrease Java heap size (-Xmx/-Xms)
#   Decrease number of Java threads
#   Decrease Java thread stack sizes (-Xss)
#   Set larger code cache with -XX:ReservedCodeCacheSize=
# This output file may be truncated or incomplete.
#
#  Out of Memory Error (t:/workspace/open/src/hotspot/share/memory/allocation.cpp:45), pid=15168, tid=13836
#
# JRE version:  (13.0.1+9) (build )
# Java VM: Java HotSpot(TM) 64-Bit Server VM (13.0.1+9, mixed mode, aot, sharing, tiered, compressed oops, g1 gc, windows-amd64)
# No core dump will be written. Minidumps are not enabled by default on client versions of Windows
#

---------------  S U M M A R Y ------------

Command Line: -Dapplication.home=C:\Program Files\Java\jdk-13.0.1 --add-modules=ALL-DEFAULT -Xms8m -Djdk.module.main=jdk.compiler jdk.compiler/com.sun.tools.javac.Main -d D:\JavaNetBeansProjects\Hotel Management System\build\classes -classpath D:\JavaNetBeansProjects\Hotel Management System\build\classes;C:\Program Files\NetBeans-12.0\netbeans\ide\modules\ext\postgresql-42.2.10.jar;C:\Users\Goutam\Downloads\jar_files.zip;C:\Users\Goutam\Downloads\mysql-connector-java-8.0.25.jar;C:\Users\Goutam\OneDrive\Desktop\mysql-connector-java-8.0.25.zip -sourcepath D:\JavaNetBeansProjects\Hotel Management System\src -target 13 -encoding UTF-8 -g -processorpath C:\Program Files\NetBeans-12.0\netbeans\ide\modules\ext\postgresql-42.2.10.jar;C:\Users\Goutam\Downloads\jar_files.zip;C:\Users\Goutam\Downloads\mysql-connector-java-8.0.25.jar;C:\Users\Goutam\OneDrive\Desktop\mysql-connector-java-8.0.25.zip;D:\JavaNetBeansProjects\Hotel Management System\build\empty -s D:\JavaNetBeansProjects\Hotel Management System\build\generated-sources\ap-source-output -source 13 D:\JavaNetBeansProjects\Hotel Management System\src\hotel\management\system\AddEmployee.java

Host: Intel(R) Core(TM) i5-8300H CPU @ 2.30GHz, 8 cores, 7G,  Windows 10 , 64 bit Build 19041 (10.0.19041.928)
Time: Sun Jun 13 09:04:32 2021 India Standard Time elapsed time: 0 seconds (0d 0h 0m 0s)

---------------  T H R E A D  ---------------

Current thread (0x000001e15569e000):  JavaThread "Unknown thread" [_thread_in_vm, id=13836, stack(0x0000004bd5f00000,0x0000004bd6000000)]

Stack: [0x0000004bd5f00000,0x0000004bd6000000]
Native frames: (J=compiled Java code, j=interpreted, Vv=VM code, C=native code)
V  [jvm.dll+0x626eca]
V  [jvm.dll+0x772c6a]
V  [jvm.dll+0x77441f]
V  [jvm.dll+0x774a23]
V  [jvm.dll+0x24da58]
V  [jvm.dll+0xbaa2f]
V  [jvm.dll+0x2ef513]
V  [jvm.dll+0x2e84f5]
V  [jvm.dll+0x74fcd8]
V  [jvm.dll+0x363739]
V  [jvm.dll+0x732dc5]
V  [jvm.dll+0x3ce2ef]
V  [jvm.dll+0x3d0611]
C  [jli.dll+0x51ff]
C  [ucrtbase.dll+0x21bb2]
C  [KERNEL32.DLL+0x17034]
C  [ntdll.dll+0x52651]


---------------  P R O C E S S  ---------------

Threads class SMR info:
_java_thread_list=0x00007ff8efa446b8, length=0, elements={
}

Java Threads: ( => current thread )

Other Threads:
  0x000001e1556e3800 GCTaskThread "GC Thread#0" [stack: 0x0000004bd6000000,0x0000004bd6100000] [id=15972]

[error occurred during error reporting (printing all threads), id 0xc0000005, EXCEPTION_ACCESS_VIOLATION (0xc0000005) at pc=0x00007ff8ef273ff0]

VM state:not at safepoint (not fully initialized)

VM Mutex/Monitor currently owned by a thread:  ([mutex/lock_event])
[0x000001e15569a260] Heap_lock - owner thread: 0x000001e15569e000

Heap address: 0x0000000082600000, size: 2010 MB, Compressed Oops mode: Non-zero based: 0x0000000082600000
Narrow klass base: 0x0000000000000000, Narrow klass shift: 0

GC Heap History (0 events):
No events

Deoptimization events (0 events):
No events

Classes unloaded (0 events):
No events

Classes redefined (0 events):
No events

Internal exceptions (0 events):
No events

Events (8 events):
Event: 0.007 Loaded shared library C:\Program Files\Java\jdk-13.0.1\bin\zip.dll
Event: 0.008 Loaded shared library C:\Program Files\Java\jdk-13.0.1\bin\jimage.dll
Event: 0.008 Loading shared library C:\Program Files\Java\jdk-13.0.1\lib\libjava.base-coop.dll failed, error code 126
Event: 0.009 Loading shared library C:\Program Files\Java\jdk-13.0.1\lib\libjava.logging-coop.dll failed, error code 126
Event: 0.009 Loading shared library C:\Program Files\Java\jdk-13.0.1\lib\libjdk.compiler-coop.dll failed, error code 126
Event: 0.009 Loading shared library C:\Program Files\Java\jdk-13.0.1\lib\libjdk.scripting.nashorn-coop.dll failed, error code 126
Event: 0.009 Loading shared library C:\Program Files\Java\jdk-13.0.1\lib\libjdk.internal.vm.ci-coop.dll failed, error code 126
Event: 0.009 Loading shared library C:\Program Files\Java\jdk-13.0.1\lib\libjdk.internal.vm.compiler-coop.dll failed, error code 126


Dynamic libraries:
0x00007ff690130000 - 0x00007ff690137000 	C:\Program Files\Java\jdk-13.0.1\bin\javac.exe
0x00007ff92a710000 - 0x00007ff92a905000 	C:\WINDOWS\SYSTEM32\ntdll.dll
0x00007ff92a4f0000 - 0x00007ff92a5ad000 	C:\WINDOWS\System32\KERNEL32.DLL
0x00007ff927e50000 - 0x00007ff928118000 	C:\WINDOWS\System32\KERNELBASE.dll
0x00007ff928120000 - 0x00007ff928220000 	C:\WINDOWS\System32\ucrtbase.dll
0x00007ff8fd520000 - 0x00007ff8fd535000 	C:\Program Files\Java\jdk-13.0.1\bin\VCRUNTIME140.dll
0x00007ff920b40000 - 0x00007ff920b58000 	C:\Program Files\Java\jdk-13.0.1\bin\jli.dll
0x00007ff9296b0000 - 0x00007ff92975c000 	C:\WINDOWS\System32\ADVAPI32.dll
0x00007ff9289e0000 - 0x00007ff928a7e000 	C:\WINDOWS\System32\msvcrt.dll
0x00007ff928930000 - 0x00007ff9289cb000 	C:\WINDOWS\System32\sechost.dll
0x00007ff929430000 - 0x00007ff92955b000 	C:\WINDOWS\System32\RPCRT4.dll
0x00007ff929160000 - 0x00007ff929300000 	C:\WINDOWS\System32\USER32.dll
0x00007ff9282a0000 - 0x00007ff9282c2000 	C:\WINDOWS\System32\win32u.dll
0x00007ff927270000 - 0x00007ff92750a000 	C:\WINDOWS\WinSxS\amd64_microsoft.windows.common-controls_6595b64144ccf1df_6.0.19041.844_none_ca00b6081b84eb1d\COMCTL32.dll
0x00007ff9287d0000 - 0x00007ff9287fa000 	C:\WINDOWS\System32\GDI32.dll
0x00007ff928660000 - 0x00007ff92876b000 	C:\WINDOWS\System32\gdi32full.dll
0x00007ff9282d0000 - 0x00007ff92836d000 	C:\WINDOWS\System32\msvcp_win.dll
0x00007ff9251b0000 - 0x00007ff9251ba000 	C:\WINDOWS\SYSTEM32\VERSION.dll
0x00007ff929560000 - 0x00007ff929590000 	C:\WINDOWS\System32\IMM32.DLL
0x00007ff8efb10000 - 0x00007ff8efbab000 	C:\Program Files\Java\jdk-13.0.1\bin\msvcp140.dll
0x00007ff8eef80000 - 0x00007ff8efae6000 	C:\Program Files\Java\jdk-13.0.1\bin\server\jvm.dll
0x00007ff9289d0000 - 0x00007ff9289d8000 	C:\WINDOWS\System32\PSAPI.DLL
0x00007ff908950000 - 0x00007ff908959000 	C:\WINDOWS\SYSTEM32\WSOCK32.dll
0x00007ff91e930000 - 0x00007ff91e957000 	C:\WINDOWS\SYSTEM32\WINMM.dll
0x00007ff92a5b0000 - 0x00007ff92a61b000 	C:\WINDOWS\System32\WS2_32.dll
0x00007ff925a50000 - 0x00007ff925a62000 	C:\WINDOWS\SYSTEM32\kernel.appcore.dll
0x00007ff907310000 - 0x00007ff907320000 	C:\Program Files\Java\jdk-13.0.1\bin\verify.dll
0x00007ff927880000 - 0x00007ff927a64000 	C:\WINDOWS\SYSTEM32\DBGHELP.DLL
0x00007ff927630000 - 0x00007ff92765c000 	C:\WINDOWS\SYSTEM32\dbgcore.DLL
0x00007ff928480000 - 0x00007ff928500000 	C:\WINDOWS\System32\bcryptPrimitives.dll
0x00007ff8f80c0000 - 0x00007ff8f80e6000 	C:\Program Files\Java\jdk-13.0.1\bin\java.dll
0x00007ff8f2620000 - 0x00007ff8f2637000 	C:\Program Files\Java\jdk-13.0.1\bin\zip.dll
0x00007ff907080000 - 0x00007ff90708a000 	C:\Program Files\Java\jdk-13.0.1\bin\jimage.dll

dbghelp: loaded successfully - version: 4.0.5 - missing functions: none
symbol engine: initialized successfully - sym options: 0x614 - pdb path: .;C:\Program Files\Java\jdk-13.0.1\bin;C:\WINDOWS\SYSTEM32;C:\WINDOWS\WinSxS\amd64_microsoft.windows.common-controls_6595b64144ccf1df_6.0.19041.844_none_ca00b6081b84eb1d;C:\Program Files\Java\jdk-13.0.1\bin\server

VM Arguments:
jvm_args: -Dapplication.home=C:\Program Files\Java\jdk-13.0.1 --add-modules=ALL-DEFAULT -Xms8m -Djdk.module.main=jdk.compiler 
java_command: jdk.compiler/com.sun.tools.javac.Main -d D:\JavaNetBeansProjects\Hotel Management System\build\classes -classpath D:\JavaNetBeansProjects\Hotel Management System\build\classes;C:\Program Files\NetBeans-12.0\netbeans\ide\modules\ext\postgresql-42.2.10.jar;C:\Users\Goutam\Downloads\jar_files.zip;C:\Users\Goutam\Downloads\mysql-connector-java-8.0.25.jar;C:\Users\Goutam\OneDrive\Desktop\mysql-connector-java-8.0.25.zip -sourcepath D:\JavaNetBeansProjects\Hotel Management System\src -target 13 -encoding UTF-8 -g -processorpath C:\Program Files\NetBeans-12.0\netbeans\ide\modules\ext\postgresql-42.2.10.jar;C:\Users\Goutam\Downloads\jar_files.zip;C:\Users\Goutam\Downloads\mysql-connector-java-8.0.25.jar;C:\Users\Goutam\OneDrive\Desktop\mysql-connector-java-8.0.25.zip;D:\JavaNetBeansProjects\Hotel Management System\build\empty -s D:\JavaNetBeansProjects\Hotel Management System\build\generated-sources\ap-source-output -source 13 D:\JavaNetBeansProjects\Hotel Management System\src\hotel\management\system\AddEmployee.java
java_class_path (initial): <not set>
Launcher Type: SUN_STANDARD

[Global flags]
     intx CICompilerCount                          = 4                                         {product} {ergonomic}
     uint ConcGCThreads                            = 2                                         {product} {ergonomic}
     uint G1ConcRefinementThreads                  = 8                                         {product} {ergonomic}
   size_t G1HeapRegionSize                         = 1048576                                   {product} {ergonomic}
    uintx GCDrainStackTargetSize                   = 64                                        {product} {ergonomic}
   size_t InitialHeapSize                          = 8388608                                   {product} {command line}
   size_t MarkStackSize                            = 4194304                                   {product} {ergonomic}
   size_t MaxHeapSize                              = 2107637760                                {product} {ergonomic}
   size_t MinHeapDeltaBytes                        = 1048576                                   {product} {ergonomic}
   size_t MinHeapSize                              = 8388608                                   {product} {command line}
    uintx NonNMethodCodeHeapSize                   = 5836300                                {pd product} {ergonomic}
    uintx NonProfiledCodeHeapSize                  = 122910970                              {pd product} {ergonomic}
    uintx ProfiledCodeHeapSize                     = 122910970                              {pd product} {ergonomic}
    uintx ReservedCodeCacheSize                    = 251658240                              {pd product} {ergonomic}
     bool SegmentedCodeCache                       = true                                      {product} {ergonomic}
   size_t SoftMaxHeapSize                          = 2107637760                             {manageable} {ergonomic}
     bool UseCompressedClassPointers               = true                                 {lp64_product} {ergonomic}
     bool UseCompressedOops                        = true                                 {lp64_product} {ergonomic}
     bool UseG1GC                                  = true                                      {product} {ergonomic}
     bool UseLargePagesIndividualAllocation        = false                                  {pd product} {ergonomic}

Logging:
Log output configuration:
 #0: stdout all=warning uptime,level,tags
 #1: stderr all=off uptime,level,tags

Environment Variables:
PATH=C:\Windows;C:\Windows\system32;C:\Windows\System32\Wbem;C:\Windows\System32\WindowsPowerShell\v1.0\;C:\Windows\System32\OpenSSH\;C:\Program Files (x86)\Intel\Intel(R) Management Engine Components\DAL;C:\Program Files\Intel\Intel(R) Management Engine Components\DAL;C:\Program Files (x86)\NVIDIA Corporation\PhysX\Common;C:\Program Files\Java\jre1.8.0_231\bin;C:\Program Files\Java\jdk-13.0.1\bin;C:\Program Files\PostgreSQL\12\bin;C:\WINDOWS\system32;C:\WINDOWS;C:\WINDOWS\System32\Wbem;C:\WINDOWS\System32\WindowsPowerShell\v1.0\;C:\WINDOWS\System32\OpenSSH\;C:\Program Files (x86)\Brackets\command;C:\Program Files\Git\cmd;C:\Program Files\nodejs\;C:\Program Files\MySQL\MySQL Shell 8.0\bin\;C:\Ruby27-x64\bin;C:\Users\Goutam\AppData\Local\Programs\Python\Python38-32\Scripts\;C:\Users\Goutam\AppData\Local\Programs\Python\Python38-32\;C:\Users\Goutam\AppData\Local\Microsoft\WindowsApps;C:\Users\Goutam\AppData\Local\Programs\Microsoft VS Code\bin;C:\Users\Goutam\AppData\Roaming\npm;C:\MinGW\bin;
USERNAME=Goutam
OS=Windows_NT
PROCESSOR_IDENTIFIER=Intel64 Family 6 Model 158 Stepping 10, GenuineIntel



---------------  S Y S T E M  ---------------

OS: Windows 10 , 64 bit Build 19041 (10.0.19041.928)

CPU:total 8 (initial active 8) (4 cores per cpu, 2 threads per core) family 6 model 158 stepping 10, cmov, cx8, fxsr, mmx, sse, sse2, sse3, ssse3, sse4.1, sse4.2, popcnt, avx, avx2, aes, clmul, erms, 3dnowpref, lzcnt, ht, tsc, tscinvbit, bmi1, bmi2, adx, fma

Memory: 4k page, system-wide physical 8034M (1724M free)
TotalPageFile size 23153M (AvailPageFile size 5M)
current process WorkingSet (physical memory assigned to process): 10M, peak: 10M
current process commit charge ("private bytes"): 59M, peak: 60M

vm_info: Java HotSpot(TM) 64-Bit Server VM (13.0.1+9) for windows-amd64 JRE (13.0.1+9), built on Oct  6 2019 12:37:49 by "mach5one" with unknown MS VC++:1916

END.
