#
# There is insufficient memory for the Java Runtime Environment to continue.
# Native memory allocation (malloc) failed to allocate 32944 bytes for Chunk::new
# Possible reasons:
#   The system is out of physical RAM or swap space
#   The process is running with CompressedOops enabled, and the Java Heap may be blocking the growth of the native heap
# Possible solutions:
#   Reduce memory load on the system
#   Increase physical memory or swap space
#   Check if swap backing store is full
#   Decrease Java heap size (-Xmx/-Xms)
#   Decrease number of Java threads
#   Decrease Java thread stack sizes (-Xss)
#   Set larger code cache with -XX:ReservedCodeCacheSize=
#   JVM is running with Unscaled Compressed Oops mode in which the Java heap is
#     placed in the first 4GB address space. The Java Heap base address is the
#     maximum limit for the native heap growth. Please use -XX:HeapBaseMinAddress
#     to set the Java Heap base and to place the Java Heap above 4GB virtual address.
# This output file may be truncated or incomplete.
#
#  Out of Memory Error (t:/workspace/open/src/hotspot/share/memory/arena.cpp:196), pid=1824, tid=13868
#
# JRE version: Java(TM) SE Runtime Environment (13.0.1+9) (build 13.0.1+9)
# Java VM: Java HotSpot(TM) 64-Bit Server VM (13.0.1+9, mixed mode, sharing, tiered, compressed oops, g1 gc, windows-amd64)
# No core dump will be written. Minidumps are not enabled by default on client versions of Windows
#

---------------  S U M M A R Y ------------

Command Line: -Dfile.encoding=UTF-8 hotel.management.system.UpdateRoom

Host: Intel(R) Core(TM) i5-8300H CPU @ 2.30GHz, 8 cores, 7G,  Windows 10 , 64 bit Build 19041 (10.0.19041.928)
Time: Thu Jun 17 11:18:20 2021 India Standard Time elapsed time: 3835 seconds (0d 1h 3m 55s)

---------------  T H R E A D  ---------------

Current thread (0x0000017627dc8000):  JavaThread "C2 CompilerThread0" daemon [_thread_in_native, id=13868, stack(0x0000004a2d600000,0x0000004a2d700000)]


Current CompileTask:
C2:3835513 2071       4       java.util.Arrays::binarySearch0 (95 bytes)

Stack: [0x0000004a2d600000,0x0000004a2d700000]
Native frames: (J=compiled Java code, j=interpreted, Vv=VM code, C=native code)
V  [jvm.dll+0x626eca]
V  [jvm.dll+0x772c6a]
V  [jvm.dll+0x77441f]
V  [jvm.dll+0x774a23]
V  [jvm.dll+0x24da58]
V  [jvm.dll+0xc3ae7]
V  [jvm.dll+0xc406c]
V  [jvm.dll+0x35de75]
V  [jvm.dll+0x329593]
V  [jvm.dll+0x32896a]
V  [jvm.dll+0x2078c7]
V  [jvm.dll+0x206adf]
V  [jvm.dll+0x18b94c]
V  [jvm.dll+0x2159bd]
V  [jvm.dll+0x213e6b]
V  [jvm.dll+0x738b16]
V  [jvm.dll+0x731c0a]
V  [jvm.dll+0x6260c6]
C  [ucrtbase.dll+0x21bb2]
C  [KERNEL32.DLL+0x17034]
C  [ntdll.dll+0x52651]


---------------  P R O C E S S  ---------------

Threads class SMR info:
_java_thread_list=0x0000017629c50cb0, length=16, elements={
0x0000017627da7000, 0x0000017627daa000, 0x0000017627dc4000, 0x0000017627dc6000,
0x0000017627dc8000, 0x0000017627dc9000, 0x0000017627dcd800, 0x0000017628816800,
0x0000017628835800, 0x0000017628a42800, 0x0000017628a7a000, 0x00000176294f8000,
0x0000017629654800, 0x0000017629655800, 0x0000017608728800, 0x0000017629b89000
}

Java Threads: ( => current thread )
  0x0000017627da7000 JavaThread "Reference Handler" daemon [_thread_blocked, id=5944, stack(0x0000004a2d200000,0x0000004a2d300000)]
  0x0000017627daa000 JavaThread "Finalizer" daemon [_thread_blocked, id=12012, stack(0x0000004a2d300000,0x0000004a2d400000)]
  0x0000017627dc4000 JavaThread "Signal Dispatcher" daemon [_thread_blocked, id=14288, stack(0x0000004a2d400000,0x0000004a2d500000)]
  0x0000017627dc6000 JavaThread "Attach Listener" daemon [_thread_blocked, id=14484, stack(0x0000004a2d500000,0x0000004a2d600000)]
=>0x0000017627dc8000 JavaThread "C2 CompilerThread0" daemon [_thread_in_native, id=13868, stack(0x0000004a2d600000,0x0000004a2d700000)]
  0x0000017627dc9000 JavaThread "C1 CompilerThread0" daemon [_thread_blocked, id=6432, stack(0x0000004a2d700000,0x0000004a2d800000)]
  0x0000017627dcd800 JavaThread "Sweeper thread" daemon [_thread_blocked, id=21028, stack(0x0000004a2d800000,0x0000004a2d900000)]
  0x0000017628816800 JavaThread "Service Thread" daemon [_thread_blocked, id=2188, stack(0x0000004a2d900000,0x0000004a2da00000)]
  0x0000017628835800 JavaThread "Common-Cleaner" daemon [_thread_blocked, id=8336, stack(0x0000004a2db00000,0x0000004a2dc00000)]
  0x0000017628a42800 JavaThread "Java2D Disposer" daemon [_thread_blocked, id=11852, stack(0x0000004a2dc00000,0x0000004a2dd00000)]
  0x0000017628a7a000 JavaThread "AWT-Windows" daemon [_thread_in_native, id=16292, stack(0x0000004a2de00000,0x0000004a2df00000)]
  0x00000176294f8000 JavaThread "mysql-cj-abandoned-connection-cleanup" daemon [_thread_blocked, id=6024, stack(0x0000004a2df00000,0x0000004a2e000000)]
  0x0000017629654800 JavaThread "AWT-Shutdown" [_thread_blocked, id=13648, stack(0x0000004a2dd00000,0x0000004a2de00000)]
  0x0000017629655800 JavaThread "AWT-EventQueue-0" [_thread_blocked, id=7448, stack(0x0000004a2e100000,0x0000004a2e200000)]
  0x0000017608728800 JavaThread "DestroyJavaVM" [_thread_blocked, id=21200, stack(0x0000004a2cb00000,0x0000004a2cc00000)]
  0x0000017629b89000 JavaThread "TimerQueue" daemon [_thread_blocked, id=5040, stack(0x0000004a2e500000,0x0000004a2e600000)]

Other Threads:
  0x0000017627da6800 VMThread "VM Thread" [stack: 0x0000004a2d100000,0x0000004a2d200000] [id=1424]
  0x0000017628818000 WatcherThread [stack: 0x0000004a2da00000,0x0000004a2db00000] [id=20228]
  0x000001760876c000 GCTaskThread "GC Thread#0" [stack: 0x0000004a2cc00000,0x0000004a2cd00000] [id=17864]
  0x0000017629bc3000 GCTaskThread "GC Thread#1" [stack: 0x0000004a2e000000,0x0000004a2e100000] [id=16476]
  0x000001762a751800 GCTaskThread "GC Thread#2" [stack: 0x0000004a2e600000,0x0000004a2e700000] [id=9976]
  0x000001762a752800 GCTaskThread "GC Thread#3" [stack: 0x0000004a2e700000,0x0000004a2e800000] [id=6480]
  0x000001762964c800 GCTaskThread "GC Thread#4" [stack: 0x0000004a2e800000,0x0000004a2e900000] [id=16460]
  0x0000017629650000 GCTaskThread "GC Thread#5" [stack: 0x0000004a2e900000,0x0000004a2ea00000] [id=14212]
  0x000001760877d800 ConcurrentGCThread "G1 Main Marker" [stack: 0x0000004a2cd00000,0x0000004a2ce00000] [id=20436]
  0x000001760877f000 ConcurrentGCThread "G1 Conc#0" [stack: 0x0000004a2ce00000,0x0000004a2cf00000] [id=2864]
  0x000001760880e000 ConcurrentGCThread "G1 Refine#0" [stack: 0x0000004a2cf00000,0x0000004a2d000000] [id=18620]
  0x0000017628a25000 ConcurrentGCThread "G1 Refine#1" [stack: 0x0000004a2ea00000,0x0000004a2eb00000] [id=3756]
  0x00000176294fb000 ConcurrentGCThread "G1 Refine#2" [stack: 0x0000004a2eb00000,0x0000004a2ec00000] [id=9208]
  0x0000017629b7a000 ConcurrentGCThread "G1 Refine#3" [stack: 0x0000004a2ec00000,0x0000004a2ed00000] [id=9268]
  0x0000017627c20800 ConcurrentGCThread "G1 Young RemSet Sampling" [stack: 0x0000004a2d000000,0x0000004a2d100000] [id=3000]

Threads with active compile tasks:
C2 CompilerThread0  3835649 2071       4       java.util.Arrays::binarySearch0 (95 bytes)

VM state:not at safepoint (normal execution)

VM Mutex/Monitor currently owned by a thread: None

Heap address: 0x0000000082600000, size: 2010 MB, Compressed Oops mode: 32-bit
Narrow klass base: 0x0000000800000000, Narrow klass shift: 3
Compressed class space size: 1073741824 Address: 0x0000000800b40000

Heap:
 garbage-first heap   total 129024K, used 10938K [0x0000000082600000, 0x0000000100000000)
  region size 1024K, 4 young (4096K), 1 survivors (1024K)
 Metaspace       used 17038K, capacity 17369K, committed 17536K, reserved 1064960K
  class space    used 1909K, capacity 2049K, committed 2176K, reserved 1048576K
Heap Regions: E=young(eden), S=young(survivor), O=old, HS=humongous(starts), HC=humongous(continues), CS=collection set, F=free, A=archive, TAMS=top-at-mark-start (previous, next)
|   0|0x0000000082600000, 0x0000000082700000, 0x0000000082700000|100%|HS|  |TAMS 0x0000000082600000, 0x0000000082600000| Complete 
|   1|0x0000000082700000, 0x0000000082800000, 0x0000000082800000|100%|HC|  |TAMS 0x0000000082700000, 0x0000000082700000| Complete 
|   2|0x0000000082800000, 0x0000000082900000, 0x0000000082900000|100%| O|  |TAMS 0x0000000082800000, 0x0000000082800000| Untracked 
|   3|0x0000000082900000, 0x0000000082a00000, 0x0000000082a00000|100%| O|  |TAMS 0x0000000082900000, 0x0000000082900000| Untracked 
|   4|0x0000000082a00000, 0x0000000082b00000, 0x0000000082b00000|100%| O|  |TAMS 0x0000000082a00000, 0x0000000082a00000| Untracked 
|   5|0x0000000082b00000, 0x0000000082c00000, 0x0000000082c00000|100%| O|  |TAMS 0x0000000082b00000, 0x0000000082b00000| Untracked 
|   6|0x0000000082c00000, 0x0000000082d00000, 0x0000000082d00000|100%| O|  |TAMS 0x0000000082c00000, 0x0000000082c00000| Untracked 
|   7|0x0000000082d00000, 0x0000000082e00000, 0x0000000082e00000|100%| O|  |TAMS 0x0000000082d00000, 0x0000000082d00000| Untracked 
|   8|0x0000000082e00000, 0x0000000082e12600, 0x0000000082f00000|  7%| O|  |TAMS 0x0000000082e00000, 0x0000000082e00000| Untracked 
|   9|0x0000000082f00000, 0x0000000082f00000, 0x0000000083000000|  0%| F|  |TAMS 0x0000000082f00000, 0x0000000082f00000| Untracked 
|  10|0x0000000083000000, 0x0000000083000000, 0x0000000083100000|  0%| F|  |TAMS 0x0000000083000000, 0x0000000083000000| Untracked 
|  11|0x0000000083100000, 0x0000000083100000, 0x0000000083200000|  0%| F|  |TAMS 0x0000000083100000, 0x0000000083100000| Untracked 
|  12|0x0000000083200000, 0x0000000083200000, 0x0000000083300000|  0%| F|  |TAMS 0x0000000083200000, 0x0000000083200000| Untracked 
|  13|0x0000000083300000, 0x0000000083300000, 0x0000000083400000|  0%| F|  |TAMS 0x0000000083300000, 0x0000000083300000| Untracked 
|  14|0x0000000083400000, 0x0000000083400000, 0x0000000083500000|  0%| F|  |TAMS 0x0000000083400000, 0x0000000083400000| Untracked 
|  15|0x0000000083500000, 0x0000000083500000, 0x0000000083600000|  0%| F|  |TAMS 0x0000000083500000, 0x0000000083500000| Untracked 
|  16|0x0000000083600000, 0x0000000083600000, 0x0000000083700000|  0%| F|  |TAMS 0x0000000083600000, 0x0000000083600000| Untracked 
|  17|0x0000000083700000, 0x0000000083700000, 0x0000000083800000|  0%| F|  |TAMS 0x0000000083700000, 0x0000000083700000| Untracked 
|  18|0x0000000083800000, 0x0000000083800000, 0x0000000083900000|  0%| F|  |TAMS 0x0000000083800000, 0x0000000083800000| Untracked 
|  19|0x0000000083900000, 0x0000000083900000, 0x0000000083a00000|  0%| F|  |TAMS 0x0000000083900000, 0x0000000083900000| Untracked 
|  20|0x0000000083a00000, 0x0000000083a00000, 0x0000000083b00000|  0%| F|  |TAMS 0x0000000083a00000, 0x0000000083a00000| Untracked 
|  21|0x0000000083b00000, 0x0000000083b00000, 0x0000000083c00000|  0%| F|  |TAMS 0x0000000083b00000, 0x0000000083b00000| Untracked 
|  22|0x0000000083c00000, 0x0000000083c00000, 0x0000000083d00000|  0%| F|  |TAMS 0x0000000083c00000, 0x0000000083c00000| Untracked 
|  23|0x0000000083d00000, 0x0000000083d00000, 0x0000000083e00000|  0%| F|  |TAMS 0x0000000083d00000, 0x0000000083d00000| Untracked 
|  24|0x0000000083e00000, 0x0000000083e00000, 0x0000000083f00000|  0%| F|  |TAMS 0x0000000083e00000, 0x0000000083e00000| Untracked 
|  25|0x0000000083f00000, 0x0000000083f00000, 0x0000000084000000|  0%| F|  |TAMS 0x0000000083f00000, 0x0000000083f00000| Untracked 
|  26|0x0000000084000000, 0x0000000084000000, 0x0000000084100000|  0%| F|  |TAMS 0x0000000084000000, 0x0000000084000000| Untracked 
|  27|0x0000000084100000, 0x0000000084100000, 0x0000000084200000|  0%| F|  |TAMS 0x0000000084100000, 0x0000000084100000| Untracked 
|  28|0x0000000084200000, 0x0000000084200000, 0x0000000084300000|  0%| F|  |TAMS 0x0000000084200000, 0x0000000084200000| Untracked 
|  29|0x0000000084300000, 0x0000000084300000, 0x0000000084400000|  0%| F|  |TAMS 0x0000000084300000, 0x0000000084300000| Untracked 
|  30|0x0000000084400000, 0x0000000084400000, 0x0000000084500000|  0%| F|  |TAMS 0x0000000084400000, 0x0000000084400000| Untracked 
|  31|0x0000000084500000, 0x0000000084500000, 0x0000000084600000|  0%| F|  |TAMS 0x0000000084500000, 0x0000000084500000| Untracked 
|  32|0x0000000084600000, 0x0000000084600000, 0x0000000084700000|  0%| F|  |TAMS 0x0000000084600000, 0x0000000084600000| Untracked 
|  33|0x0000000084700000, 0x0000000084700000, 0x0000000084800000|  0%| F|  |TAMS 0x0000000084700000, 0x0000000084700000| Untracked 
|  34|0x0000000084800000, 0x0000000084800000, 0x0000000084900000|  0%| F|  |TAMS 0x0000000084800000, 0x0000000084800000| Untracked 
|  35|0x0000000084900000, 0x0000000084900000, 0x0000000084a00000|  0%| F|  |TAMS 0x0000000084900000, 0x0000000084900000| Untracked 
|  36|0x0000000084a00000, 0x0000000084a00000, 0x0000000084b00000|  0%| F|  |TAMS 0x0000000084a00000, 0x0000000084a00000| Untracked 
|  37|0x0000000084b00000, 0x0000000084b00000, 0x0000000084c00000|  0%| F|  |TAMS 0x0000000084b00000, 0x0000000084b00000| Untracked 
|  38|0x0000000084c00000, 0x0000000084c00000, 0x0000000084d00000|  0%| F|  |TAMS 0x0000000084c00000, 0x0000000084c00000| Untracked 
|  39|0x0000000084d00000, 0x0000000084d00000, 0x0000000084e00000|  0%| F|  |TAMS 0x0000000084d00000, 0x0000000084d00000| Untracked 
|  40|0x0000000084e00000, 0x0000000084e00000, 0x0000000084f00000|  0%| F|  |TAMS 0x0000000084e00000, 0x0000000084e00000| Untracked 
|  41|0x0000000084f00000, 0x0000000084f00000, 0x0000000085000000|  0%| F|  |TAMS 0x0000000084f00000, 0x0000000084f00000| Untracked 
|  42|0x0000000085000000, 0x0000000085000000, 0x0000000085100000|  0%| F|  |TAMS 0x0000000085000000, 0x0000000085000000| Untracked 
|  43|0x0000000085100000, 0x0000000085100000, 0x0000000085200000|  0%| F|  |TAMS 0x0000000085100000, 0x0000000085100000| Untracked 
|  44|0x0000000085200000, 0x0000000085200000, 0x0000000085300000|  0%| F|  |TAMS 0x0000000085200000, 0x0000000085200000| Untracked 
|  45|0x0000000085300000, 0x0000000085300000, 0x0000000085400000|  0%| F|  |TAMS 0x0000000085300000, 0x0000000085300000| Untracked 
|  46|0x0000000085400000, 0x0000000085400000, 0x0000000085500000|  0%| F|  |TAMS 0x0000000085400000, 0x0000000085400000| Untracked 
|  47|0x0000000085500000, 0x0000000085500000, 0x0000000085600000|  0%| F|  |TAMS 0x0000000085500000, 0x0000000085500000| Untracked 
|  48|0x0000000085600000, 0x0000000085600000, 0x0000000085700000|  0%| F|  |TAMS 0x0000000085600000, 0x0000000085600000| Untracked 
|  49|0x0000000085700000, 0x0000000085700000, 0x0000000085800000|  0%| F|  |TAMS 0x0000000085700000, 0x0000000085700000| Untracked 
|  50|0x0000000085800000, 0x0000000085800000, 0x0000000085900000|  0%| F|  |TAMS 0x0000000085800000, 0x0000000085800000| Untracked 
|  51|0x0000000085900000, 0x0000000085900000, 0x0000000085a00000|  0%| F|  |TAMS 0x0000000085900000, 0x0000000085900000| Untracked 
|  52|0x0000000085a00000, 0x0000000085a00000, 0x0000000085b00000|  0%| F|  |TAMS 0x0000000085a00000, 0x0000000085a00000| Untracked 
|  53|0x0000000085b00000, 0x0000000085b00000, 0x0000000085c00000|  0%| F|  |TAMS 0x0000000085b00000, 0x0000000085b00000| Untracked 
|  54|0x0000000085c00000, 0x0000000085c00000, 0x0000000085d00000|  0%| F|  |TAMS 0x0000000085c00000, 0x0000000085c00000| Untracked 
|  55|0x0000000085d00000, 0x0000000085d00000, 0x0000000085e00000|  0%| F|  |TAMS 0x0000000085d00000, 0x0000000085d00000| Untracked 
|  56|0x0000000085e00000, 0x0000000085e00000, 0x0000000085f00000|  0%| F|  |TAMS 0x0000000085e00000, 0x0000000085e00000| Untracked 
|  57|0x0000000085f00000, 0x0000000085f00000, 0x0000000086000000|  0%| F|  |TAMS 0x0000000085f00000, 0x0000000085f00000| Untracked 
|  58|0x0000000086000000, 0x0000000086000000, 0x0000000086100000|  0%| F|  |TAMS 0x0000000086000000, 0x0000000086000000| Untracked 
|  59|0x0000000086100000, 0x0000000086100000, 0x0000000086200000|  0%| F|  |TAMS 0x0000000086100000, 0x0000000086100000| Untracked 
|  60|0x0000000086200000, 0x0000000086200000, 0x0000000086300000|  0%| F|  |TAMS 0x0000000086200000, 0x0000000086200000| Untracked 
|  61|0x0000000086300000, 0x0000000086300000, 0x0000000086400000|  0%| F|  |TAMS 0x0000000086300000, 0x0000000086300000| Untracked 
|  62|0x0000000086400000, 0x0000000086400000, 0x0000000086500000|  0%| F|  |TAMS 0x0000000086400000, 0x0000000086400000| Untracked 
|  63|0x0000000086500000, 0x0000000086500000, 0x0000000086600000|  0%| F|  |TAMS 0x0000000086500000, 0x0000000086500000| Untracked 
|  64|0x0000000086600000, 0x0000000086600000, 0x0000000086700000|  0%| F|  |TAMS 0x0000000086600000, 0x0000000086600000| Untracked 
|  65|0x0000000086700000, 0x0000000086700000, 0x0000000086800000|  0%| F|  |TAMS 0x0000000086700000, 0x0000000086700000| Untracked 
|  66|0x0000000086800000, 0x0000000086800000, 0x0000000086900000|  0%| F|  |TAMS 0x0000000086800000, 0x0000000086800000| Untracked 
|  67|0x0000000086900000, 0x0000000086900000, 0x0000000086a00000|  0%| F|  |TAMS 0x0000000086900000, 0x0000000086900000| Untracked 
|  68|0x0000000086a00000, 0x0000000086a00000, 0x0000000086b00000|  0%| F|  |TAMS 0x0000000086a00000, 0x0000000086a00000| Untracked 
|  69|0x0000000086b00000, 0x0000000086b00000, 0x0000000086c00000|  0%| F|  |TAMS 0x0000000086b00000, 0x0000000086b00000| Untracked 
|  70|0x0000000086c00000, 0x0000000086c00000, 0x0000000086d00000|  0%| F|  |TAMS 0x0000000086c00000, 0x0000000086c00000| Untracked 
|  71|0x0000000086d00000, 0x0000000086d00000, 0x0000000086e00000|  0%| F|  |TAMS 0x0000000086d00000, 0x0000000086d00000| Untracked 
|  72|0x0000000086e00000, 0x0000000086e00000, 0x0000000086f00000|  0%| F|  |TAMS 0x0000000086e00000, 0x0000000086e00000| Untracked 
|  73|0x0000000086f00000, 0x0000000086f00000, 0x0000000087000000|  0%| F|  |TAMS 0x0000000086f00000, 0x0000000086f00000| Untracked 
|  74|0x0000000087000000, 0x0000000087000000, 0x0000000087100000|  0%| F|  |TAMS 0x0000000087000000, 0x0000000087000000| Untracked 
|  75|0x0000000087100000, 0x0000000087100000, 0x0000000087200000|  0%| F|  |TAMS 0x0000000087100000, 0x0000000087100000| Untracked 
|  76|0x0000000087200000, 0x0000000087200000, 0x0000000087300000|  0%| F|  |TAMS 0x0000000087200000, 0x0000000087200000| Untracked 
|  77|0x0000000087300000, 0x0000000087300000, 0x0000000087400000|  0%| F|  |TAMS 0x0000000087300000, 0x0000000087300000| Untracked 
|  78|0x0000000087400000, 0x0000000087400000, 0x0000000087500000|  0%| F|  |TAMS 0x0000000087400000, 0x0000000087400000| Untracked 
|  79|0x0000000087500000, 0x0000000087500000, 0x0000000087600000|  0%| F|  |TAMS 0x0000000087500000, 0x0000000087500000| Untracked 
|  80|0x0000000087600000, 0x0000000087600000, 0x0000000087700000|  0%| F|  |TAMS 0x0000000087600000, 0x0000000087600000| Untracked 
|  81|0x0000000087700000, 0x0000000087700000, 0x0000000087800000|  0%| F|  |TAMS 0x0000000087700000, 0x0000000087700000| Untracked 
|  82|0x0000000087800000, 0x0000000087800000, 0x0000000087900000|  0%| F|  |TAMS 0x0000000087800000, 0x0000000087800000| Untracked 
|  83|0x0000000087900000, 0x0000000087900000, 0x0000000087a00000|  0%| F|  |TAMS 0x0000000087900000, 0x0000000087900000| Untracked 
|  84|0x0000000087a00000, 0x0000000087a00000, 0x0000000087b00000|  0%| F|  |TAMS 0x0000000087a00000, 0x0000000087a00000| Untracked 
|  85|0x0000000087b00000, 0x0000000087b00000, 0x0000000087c00000|  0%| F|  |TAMS 0x0000000087b00000, 0x0000000087b00000| Untracked 
|  86|0x0000000087c00000, 0x0000000087c00000, 0x0000000087d00000|  0%| F|  |TAMS 0x0000000087c00000, 0x0000000087c00000| Untracked 
|  87|0x0000000087d00000, 0x0000000087d00000, 0x0000000087e00000|  0%| F|  |TAMS 0x0000000087d00000, 0x0000000087d00000| Untracked 
|  88|0x0000000087e00000, 0x0000000087e00000, 0x0000000087f00000|  0%| F|  |TAMS 0x0000000087e00000, 0x0000000087e00000| Untracked 
|  89|0x0000000087f00000, 0x0000000087f00000, 0x0000000088000000|  0%| F|  |TAMS 0x0000000087f00000, 0x0000000087f00000| Untracked 
|  90|0x0000000088000000, 0x0000000088000000, 0x0000000088100000|  0%| F|  |TAMS 0x0000000088000000, 0x0000000088000000| Untracked 
|  91|0x0000000088100000, 0x0000000088100000, 0x0000000088200000|  0%| F|  |TAMS 0x0000000088100000, 0x0000000088100000| Untracked 
|  92|0x0000000088200000, 0x0000000088200000, 0x0000000088300000|  0%| F|  |TAMS 0x0000000088200000, 0x0000000088200000| Untracked 
|  93|0x0000000088300000, 0x0000000088300000, 0x0000000088400000|  0%| F|  |TAMS 0x0000000088300000, 0x0000000088300000| Untracked 
|  94|0x0000000088400000, 0x0000000088400000, 0x0000000088500000|  0%| F|  |TAMS 0x0000000088400000, 0x0000000088400000| Untracked 
|  95|0x0000000088500000, 0x0000000088500000, 0x0000000088600000|  0%| F|  |TAMS 0x0000000088500000, 0x0000000088500000| Untracked 
|  96|0x0000000088600000, 0x0000000088600000, 0x0000000088700000|  0%| F|  |TAMS 0x0000000088600000, 0x0000000088600000| Untracked 
|  97|0x0000000088700000, 0x0000000088700000, 0x0000000088800000|  0%| F|  |TAMS 0x0000000088700000, 0x0000000088700000| Untracked 
|  98|0x0000000088800000, 0x0000000088800000, 0x0000000088900000|  0%| F|  |TAMS 0x0000000088800000, 0x0000000088800000| Untracked 
|  99|0x0000000088900000, 0x0000000088900000, 0x0000000088a00000|  0%| F|  |TAMS 0x0000000088900000, 0x0000000088900000| Untracked 
| 100|0x0000000088a00000, 0x0000000088a00000, 0x0000000088b00000|  0%| F|  |TAMS 0x0000000088a00000, 0x0000000088a00000| Untracked 
| 101|0x0000000088b00000, 0x0000000088b00000, 0x0000000088c00000|  0%| F|  |TAMS 0x0000000088b00000, 0x0000000088b00000| Untracked 
| 102|0x0000000088c00000, 0x0000000088c00000, 0x0000000088d00000|  0%| F|  |TAMS 0x0000000088c00000, 0x0000000088c00000| Untracked 
| 103|0x0000000088d00000, 0x0000000088d00000, 0x0000000088e00000|  0%| F|  |TAMS 0x0000000088d00000, 0x0000000088d00000| Untracked 
| 104|0x0000000088e00000, 0x0000000088e00000, 0x0000000088f00000|  0%| F|  |TAMS 0x0000000088e00000, 0x0000000088e00000| Untracked 
| 105|0x0000000088f00000, 0x0000000088f00000, 0x0000000089000000|  0%| F|  |TAMS 0x0000000088f00000, 0x0000000088f00000| Untracked 
| 106|0x0000000089000000, 0x0000000089000000, 0x0000000089100000|  0%| F|  |TAMS 0x0000000089000000, 0x0000000089000000| Untracked 
| 107|0x0000000089100000, 0x0000000089100000, 0x0000000089200000|  0%| F|  |TAMS 0x0000000089100000, 0x0000000089100000| Untracked 
| 108|0x0000000089200000, 0x0000000089200000, 0x0000000089300000|  0%| F|  |TAMS 0x0000000089200000, 0x0000000089200000| Untracked 
| 109|0x0000000089300000, 0x0000000089300000, 0x0000000089400000|  0%| F|  |TAMS 0x0000000089300000, 0x0000000089300000| Untracked 
| 110|0x0000000089400000, 0x0000000089400000, 0x0000000089500000|  0%| F|  |TAMS 0x0000000089400000, 0x0000000089400000| Untracked 
| 111|0x0000000089500000, 0x0000000089500000, 0x0000000089600000|  0%| F|  |TAMS 0x0000000089500000, 0x0000000089500000| Untracked 
| 112|0x0000000089600000, 0x0000000089600000, 0x0000000089700000|  0%| F|  |TAMS 0x0000000089600000, 0x0000000089600000| Untracked 
| 113|0x0000000089700000, 0x0000000089700000, 0x0000000089800000|  0%| F|  |TAMS 0x0000000089700000, 0x0000000089700000| Untracked 
| 114|0x0000000089800000, 0x0000000089800000, 0x0000000089900000|  0%| F|  |TAMS 0x0000000089800000, 0x0000000089800000| Untracked 
| 115|0x0000000089900000, 0x0000000089900000, 0x0000000089a00000|  0%| F|  |TAMS 0x0000000089900000, 0x0000000089900000| Untracked 
| 116|0x0000000089a00000, 0x0000000089a00000, 0x0000000089b00000|  0%| F|  |TAMS 0x0000000089a00000, 0x0000000089a00000| Untracked 
| 117|0x0000000089b00000, 0x0000000089b00000, 0x0000000089c00000|  0%| F|  |TAMS 0x0000000089b00000, 0x0000000089b00000| Untracked 
| 118|0x0000000089c00000, 0x0000000089c00000, 0x0000000089d00000|  0%| F|  |TAMS 0x0000000089c00000, 0x0000000089c00000| Untracked 
| 119|0x0000000089d00000, 0x0000000089d00000, 0x0000000089e00000|  0%| F|  |TAMS 0x0000000089d00000, 0x0000000089d00000| Untracked 
| 120|0x0000000089e00000, 0x0000000089e00000, 0x0000000089f00000|  0%| F|  |TAMS 0x0000000089e00000, 0x0000000089e00000| Untracked 
| 121|0x0000000089f00000, 0x0000000089f00000, 0x000000008a000000|  0%| F|  |TAMS 0x0000000089f00000, 0x0000000089f00000| Untracked 
| 122|0x000000008a000000, 0x000000008a09c510, 0x000000008a100000| 61%| S|CS|TAMS 0x000000008a000000, 0x000000008a000000| Complete 
| 123|0x000000008a100000, 0x000000008a134538, 0x000000008a200000| 20%| E|  |TAMS 0x000000008a100000, 0x000000008a100000| Complete 
| 124|0x000000008a200000, 0x000000008a300000, 0x000000008a300000|100%| E|CS|TAMS 0x000000008a200000, 0x000000008a200000| Complete 
| 125|0x000000008a300000, 0x000000008a400000, 0x000000008a400000|100%| E|CS|TAMS 0x000000008a300000, 0x000000008a300000| Complete 

Card table byte_map: [0x0000017620c10000,0x0000017621000000] _byte_map_base: 0x00000176207fd000

Marking Bits (Prev, Next): (CMBitMap*) 0x000001760876cde8, (CMBitMap*) 0x000001760876ce28
 Prev Bits: [0x00000176213f0000, 0x0000017623358000)
 Next Bits: [0x0000017623360000, 0x00000176252c8000)

Polling page: 0x0000017608810000

Metaspace:

Usage:
  Non-class:     14.96 MB capacity,    14.77 MB ( 99%) used,   153.91 KB (  1%) free+waste,    37.25 KB ( <1%) overhead. 
      Class:      2.00 MB capacity,     1.86 MB ( 93%) used,   119.55 KB (  6%) free+waste,    20.25 KB ( <1%) overhead. 
       Both:     16.96 MB capacity,    16.64 MB ( 98%) used,   273.45 KB (  2%) free+waste,    57.50 KB ( <1%) overhead. 

Virtual space:
  Non-class space:       16.00 MB reserved,      15.00 MB ( 94%) committed 
      Class space:        1.00 GB reserved,       2.13 MB ( <1%) committed 
             Both:        1.02 GB reserved,      17.13 MB (  2%) committed 

Chunk freelists:
   Non-Class:  40.00 KB
       Class:  0 bytes
        Both:  40.00 KB

MaxMetaspaceSize: 17179869184.00 GB
CompressedClassSpaceSize: 1.00 GB

CodeHeap 'non-profiled nmethods': size=120000Kb used=678Kb max_used=692Kb free=119321Kb
 bounds [0x0000017618730000, 0x00000176189a0000, 0x000001761fc60000]
CodeHeap 'profiled nmethods': size=120000Kb used=3905Kb max_used=4147Kb free=116094Kb
 bounds [0x0000017611200000, 0x0000017611620000, 0x0000017618730000]
CodeHeap 'non-nmethods': size=5760Kb used=1352Kb max_used=1378Kb free=4407Kb
 bounds [0x0000017610c60000, 0x0000017610ed0000, 0x0000017611200000]
 total_blobs=3400 nmethods=1868 adapters=564
 compilation: enabled
              stopped_count=0, restarted_count=0
 full_count=0

Compilation events (20 events):
Event: 1245.426 Thread 0x0000017627dc9000 2061       3       java.io.File::exists (43 bytes)
Event: 1245.427 Thread 0x0000017627dc9000 nmethod 2061 0x0000017611387690 code [0x00000176113878e0, 0x0000017611388170]
Event: 1265.429 Thread 0x0000017627dc9000 2062   !   3       jdk.internal.loader.URLClassPath$JarLoader::getResource (354 bytes)
Event: 1265.432 Thread 0x0000017627dc9000 nmethod 2062 0x000001761137be10 code [0x000001761137c300, 0x000001761137e940]
Event: 1270.430 Thread 0x0000017627dc9000 2063   !   3       com.mysql.cj.jdbc.AbandonedConnectionCleanupThread::checkThreadContextClassLoader (20 bytes)
Event: 1270.431 Thread 0x0000017627dc9000 nmethod 2063 0x00000176113a2590 code [0x00000176113a2840, 0x00000176113a3800]
Event: 2420.581 Thread 0x0000017627dc8000 2064       4       java.lang.ref.SoftReference::get (29 bytes)
Event: 2420.583 Thread 0x0000017627dc8000 nmethod 2064 0x0000017618730010 code [0x00000176187301a0, 0x0000017618730278]
Event: 3660.787 Thread 0x0000017627dc8000 2065       4       java.lang.StringCoding::encodeUTF8 (132 bytes)
Event: 3660.793 Thread 0x0000017627dc8000 nmethod 2065 0x000001761877e690 code [0x000001761877e820, 0x000001761877ea58]
Event: 3760.808 Thread 0x0000017627dc8000 2066  s!   4       jdk.internal.loader.URLClassPath::getLoader (194 bytes)
Event: 3760.827 Thread 0x0000017627dc8000 nmethod 2066 0x0000017618780610 code [0x00000176187807c0, 0x0000017618781068]
Event: 3834.359 Thread 0x0000017627dc9000 2067       3       java.lang.invoke.BoundMethodHandle$Species_L::<init> (12 bytes)
Event: 3834.360 Thread 0x0000017627dc9000 nmethod 2067 0x000001761137b390 code [0x000001761137b540, 0x000001761137b7d0]
Event: 3834.750 Thread 0x0000017627dc9000 2069       3       sun.invoke.util.BytecodeDescriptor::unparseMethod (66 bytes)
Event: 3834.757 Thread 0x0000017627dc9000 nmethod 2069 0x000001761123fd90 code [0x0000017611240000, 0x0000017611240930]
Event: 3834.800 Thread 0x0000017627dc9000 2070       3       java.awt.EventQueue::postEvent (13 bytes)
Event: 3834.805 Thread 0x0000017627dc9000 nmethod 2070 0x00000176113c0310 code [0x00000176113c0500, 0x00000176113c08f0]
Event: 3835.479 Thread 0x0000017627dc8000 2071       4       java.util.Arrays::binarySearch0 (95 bytes)
Event: 3835.493 Thread 0x0000017627dc9000 2073       3       java.beans.PropertyChangeSupport::fire (39 bytes)

GC Heap History (4 events):
Event: 7.728 GC heap before
{Heap before GC invocations=0 (full 0):
 garbage-first heap   total 129024K, used 25600K [0x0000000082600000, 0x0000000100000000)
  region size 1024K, 24 young (24576K), 0 survivors (0K)
 Metaspace       used 16670K, capacity 17033K, committed 17152K, reserved 1064960K
  class space    used 1883K, capacity 2044K, committed 2048K, reserved 1048576K
}
Event: 7.735 GC heap after
{Heap after GC invocations=1 (full 0):
 garbage-first heap   total 129024K, used 8147K [0x0000000082600000, 0x0000000100000000)
  region size 1024K, 3 young (3072K), 3 survivors (3072K)
 Metaspace       used 16670K, capacity 17033K, committed 17152K, reserved 1064960K
  class space    used 1883K, capacity 2044K, committed 2048K, reserved 1048576K
}
Event: 10.217 GC heap before
{Heap before GC invocations=1 (full 0):
 garbage-first heap   total 129024K, used 11219K [0x0000000082600000, 0x0000000100000000)
  region size 1024K, 6 young (6144K), 3 survivors (3072K)
 Metaspace       used 16901K, capacity 17231K, committed 17408K, reserved 1064960K
  class space    used 1905K, capacity 2045K, committed 2048K, reserved 1048576K
}
Event: 10.222 GC heap after
{Heap after GC invocations=2 (full 0):
 garbage-first heap   total 129024K, used 8890K [0x0000000082600000, 0x0000000100000000)
  region size 1024K, 1 young (1024K), 1 survivors (1024K)
 Metaspace       used 16901K, capacity 17231K, committed 17408K, reserved 1064960K
  class space    used 1905K, capacity 2045K, committed 2048K, reserved 1048576K
}

Deoptimization events (20 events):
Event: 8.280 Thread 0x0000017629655800 DEOPT UNPACKING pc=0x0000017610ca912f sp=0x0000004a2e1fdff8 mode 2
Event: 8.434 Thread 0x0000017629655800 Uncommon trap: trap_request=0xffffffde fr.pc=0x0000017618750944 relative=0x00000000000001a4
Event: 8.434 Thread 0x0000017629655800 Uncommon trap: reason=class_check action=maybe_recompile pc=0x0000017618750944 method=java.lang.String.equals(Ljava/lang/Object;)Z @ 8 c2
Event: 8.434 Thread 0x0000017629655800 DEOPT PACKING pc=0x0000017618750944 sp=0x0000004a2e1fe050
Event: 8.434 Thread 0x0000017629655800 DEOPT UNPACKING pc=0x0000017610ca912f sp=0x0000004a2e1fdff8 mode 2
Event: 8.434 Thread 0x0000017629655800 Uncommon trap: trap_request=0xffffffde fr.pc=0x0000017618750944 relative=0x00000000000001a4
Event: 8.434 Thread 0x0000017629655800 Uncommon trap: reason=class_check action=maybe_recompile pc=0x0000017618750944 method=java.lang.String.equals(Ljava/lang/Object;)Z @ 8 c2
Event: 8.434 Thread 0x0000017629655800 DEOPT PACKING pc=0x0000017618750944 sp=0x0000004a2e1fe050
Event: 8.434 Thread 0x0000017629655800 DEOPT UNPACKING pc=0x0000017610ca912f sp=0x0000004a2e1fdff8 mode 2
Event: 10.181 Thread 0x0000017629655800 Uncommon trap: trap_request=0xffffff45 fr.pc=0x0000017618776ed4 relative=0x00000000000000b4
Event: 10.181 Thread 0x0000017629655800 Uncommon trap: reason=unstable_if action=reinterpret pc=0x0000017618776ed4 method=java.lang.CharacterDataLatin1.digit(II)I @ 12 c2
Event: 10.181 Thread 0x0000017629655800 DEOPT PACKING pc=0x0000017618776ed4 sp=0x0000004a2e1fdcc0
Event: 10.181 Thread 0x0000017629655800 DEOPT UNPACKING pc=0x0000017610ca912f sp=0x0000004a2e1fdc38 mode 2
Event: 17.631 Thread 0x0000017629655800 Uncommon trap: trap_request=0xffffff45 fr.pc=0x00000176187da8e0 relative=0x00000000000010e0
Event: 17.631 Thread 0x0000017629655800 Uncommon trap: reason=unstable_if action=reinterpret pc=0x00000176187da8e0 method=java.awt.Container.getMouseEventTargetImpl(IIZLjava/awt/Container$EventTargetFilter;ZZ)Ljava/awt/Component; @ 218 c2
Event: 17.631 Thread 0x0000017629655800 DEOPT PACKING pc=0x00000176187da8e0 sp=0x0000004a2e1feab0
Event: 17.631 Thread 0x0000017629655800 DEOPT UNPACKING pc=0x0000017610ca912f sp=0x0000004a2e1fea48 mode 2
Event: 3835.477 Thread 0x0000017629655800 Uncommon trap: trap_request=0xffffff45 fr.pc=0x000001761878df18 relative=0x0000000000000278
Event: 3835.488 Thread 0x0000017629655800 Uncommon trap: reason=unstable_if action=reinterpret pc=0x000001761878df18 method=java.util.HashMap$HashIterator.<init>(Ljava/util/HashMap;)V @ 45 c2
Event: 3835.488 Thread 0x0000017629655800 DEOPT PACKING pc=0x000001761878df18 sp=0x0000004a2e1fec40

Classes unloaded (0 events):
No events

Classes redefined (0 events):
No events

Internal exceptions (20 events):
Event: 0.153 Thread 0x0000017608728800 Exception <a 'java/io/FileNotFoundException'{0x000000008a1281e8}> (0x000000008a1281e8) 
thrown [t:/workspace/open/src/hotspot/share/prims/jni.cpp, line 598]
Event: 0.208 Thread 0x0000017628a7a000 Exception <a 'java/lang/NoSuchMethodError'{0x000000008a1fb360}: 'void java.lang.invoke.DirectMethodHandle$Holder.invokeSpecial(java.lang.Object, java.lang.Object)'> (0x000000008a1fb360) 
thrown [t:/workspace/open/src/hotspot/share/interpreter/linkResolver.cpp, line 767]
Event: 0.244 Thread 0x0000017608728800 Exception <a 'java/lang/NoSuchMethodError'{0x000000008a1e9130}: 'java.lang.Object java.lang.invoke.DirectMethodHandle$Holder.invokeStatic(java.lang.Object, int, java.lang.Object, java.lang.Object, java.lang.Object, java.lang.Object)'> (0x000000008a1e9130) 
thrown [t:/workspace/open/src/hotspot/share/interpreter/linkResolver.cpp, line 767]
Event: 0.244 Thread 0x0000017608728800 Exception <a 'java/lang/NoSuchMethodError'{0x000000008a1efa90}: 'java.lang.Object java.lang.invoke.DirectMethodHandle$Holder.invokeStatic(java.lang.Object, int, java.lang.Object, java.lang.Object, java.lang.Object)'> (0x000000008a1efa90) 
thrown [t:/workspace/open/src/hotspot/share/interpreter/linkResolver.cpp, line 767]
Event: 0.245 Thread 0x0000017608728800 Exception <a 'java/lang/NoSuchMethodError'{0x000000008a1f32f8}: 'java.lang.Object java.lang.invoke.DirectMethodHandle$Holder.invokeSpecial(java.lang.Object, java.lang.Object, int, java.lang.Object, java.lang.Object, java.lang.Object)'> (0x000000008a1f32f8) 
thrown [t:/workspace/open/src/hotspot/share/interpreter/linkResolver.cpp, line 767]
Event: 0.248 Thread 0x0000017608728800 Exception <a 'java/lang/NoSuchMethodError'{0x000000008a013be8}: 'java.lang.Object java.lang.invoke.DirectMethodHandle$Holder.invokeStatic(java.lang.Object, int, java.lang.Object)'> (0x000000008a013be8) 
thrown [t:/workspace/open/src/hotspot/share/interpreter/linkResolver.cpp, line 767]
Event: 0.272 Thread 0x0000017608728800 Exception <a 'java/lang/ClassNotFoundException'{0x000000008a0b6e40}: com/sun/swing/internal/plaf/metal/resources/spi/metalProvider> (0x000000008a0b6e40) 
thrown [t:/workspace/open/src/hotspot/share/classfile/systemDictionary.cpp, line 232]
Event: 0.273 Thread 0x0000017608728800 Exception <a 'java/lang/ClassNotFoundException'{0x000000008a0baed8}: com/sun/swing/internal/plaf/basic/resources/spi/basicProvider> (0x000000008a0baed8) 
thrown [t:/workspace/open/src/hotspot/share/classfile/systemDictionary.cpp, line 232]
Event: 0.329 Thread 0x0000017608728800 Exception <a 'java/lang/NoSuchMethodError'{0x0000000089e3f610}: 'int java.lang.invoke.DirectMethodHandle$Holder.invokeSpecialIFC(java.lang.Object, java.lang.Object, int)'> (0x0000000089e3f610) 
thrown [t:/workspace/open/src/hotspot/share/interpreter/linkResolver.cpp, line 767]
Event: 0.376 Thread 0x0000017608728800 Exception <a 'java/lang/NoSuchMethodError'{0x0000000089d4fda0}: 'java.lang.Object java.lang.invoke.DirectMethodHandle$Holder.invokeVirtual(java.lang.Object, java.lang.Object, java.lang.Object)'> (0x0000000089d4fda0) 
thrown [t:/workspace/open/src/hotspot/share/interpreter/linkResolver.cpp, line 767]
Event: 0.508 Thread 0x0000017608728800 Exception <a 'java/lang/NoSuchMethodError'{0x0000000089998220}: 'void java.lang.invoke.DirectMethodHandle$Holder.invokeStaticInit(java.lang.Object, java.lang.Object)'> (0x0000000089998220) 
thrown [t:/workspace/open/src/hotspot/share/interpreter/linkResolver.cpp, line 767]
Event: 0.595 Thread 0x0000017608728800 Exception <a 'java/lang/NoSuchMethodError'{0x00000000897c8260}: 'java.lang.Object java.lang.invoke.DirectMethodHandle$Holder.invokeStaticInit(java.lang.Object, int, int, int, int)'> (0x00000000897c8260) 
thrown [t:/workspace/open/src/hotspot/share/interpreter/linkResolver.cpp, line 767]
Event: 0.596 Thread 0x0000017608728800 Exception <a 'sun/nio/fs/WindowsException'{0x00000000897cdfa0}> (0x00000000897cdfa0) 
thrown [t:/workspace/open/src/hotspot/share/prims/jni.cpp, line 598]
Event: 0.605 Thread 0x0000017608728800 Exception <a 'java/lang/NoSuchMethodError'{0x00000000897f1ef8}: 'int java.lang.invoke.DirectMethodHandle$Holder.invokeStaticInit(java.lang.Object, java.lang.Object, java.lang.Object, java.lang.Object)'> (0x00000000897f1ef8) 
thrown [t:/workspace/open/src/hotspot/share/interpreter/linkResolver.cpp, line 767]
Event: 0.606 Thread 0x0000017608728800 Exception <a 'java/lang/IncompatibleClassChangeError'{0x00000000897fa8e8}: Found class java.lang.Object, but interface was expected> (0x00000000897fa8e8) 
thrown [t:/workspace/open/src/hotspot/share/interpreter/linkResolver.cpp, line 833]
Event: 0.607 Thread 0x0000017608728800 Exception <a 'java/lang/NoSuchMethodError'{0x00000000897ffa68}: 'int java.lang.invoke.DirectMethodHandle$Holder.invokeStaticInit(java.lang.Object, java.lang.Object)'> (0x00000000897ffa68) 
thrown [t:/workspace/open/src/hotspot/share/interpreter/linkResolver.cpp, line 767]
Event: 0.992 Thread 0x0000017608728800 Exception <a 'java/lang/NoSuchMethodError'{0x000000008947afa0}: 'java.lang.Object java.lang.invoke.DirectMethodHandle$Holder.invokeStaticInit(java.lang.Object, java.lang.Object, int, int, int, int)'> (0x000000008947afa0) 
thrown [t:/workspace/open/src/hotspot/share/interpreter/linkResolver.cpp, line 767]
Event: 1.255 Thread 0x0000017608728800 Exception <a 'java/lang/NoSuchMethodError'{0x0000000089063258}: 'void java.lang.invoke.DirectMethodHandle$Holder.invokeStaticInit(java.lang.Object)'> (0x0000000089063258) 
thrown [t:/workspace/open/src/hotspot/share/interpreter/linkResolver.cpp, line 767]
Event: 1.284 Thread 0x0000017608728800 Exception <a 'java/lang/NoSuchMethodError'{0x0000000088fb8830}: 'java.lang.Object java.lang.invoke.Invokers$Holder.linkToTargetMethod(java.lang.Object, int, java.lang.Object)'> (0x0000000088fb8830) 
thrown [t:/workspace/open/src/hotspot/share/interpreter/linkResolver.cpp, line 767]
Event: 3834.724 Thread 0x0000017629655800 Exception <a 'java/lang/NoSuchMethodError'{0x000000008a244290}: 'void java.lang.invoke.DirectMethodHandle$Holder.invokeVirtual(java.lang.Object, java.lang.Object)'> (0x000000008a244290) 
thrown [t:/workspace/open/src/hotspot/share/interpreter/linkResolver.cpp, line 767]

Events (20 events):
Event: 3834.996 Executing VM operation: BulkRevokeBias
Event: 3834.997 Executing VM operation: BulkRevokeBias done
Event: 3834.997 Executing VM operation: RevokeBias
Event: 3834.998 Executing VM operation: RevokeBias done
Event: 3835.009 Executing VM operation: RevokeBias
Event: 3835.009 Executing VM operation: RevokeBias done
Event: 3835.010 Executing VM operation: RevokeBias
Event: 3835.010 Executing VM operation: RevokeBias done
Event: 3835.010 Executing VM operation: RevokeBias
Event: 3835.010 Executing VM operation: RevokeBias done
Event: 3835.010 Executing VM operation: RevokeBias
Event: 3835.010 Executing VM operation: RevokeBias done
Event: 3835.010 Executing VM operation: RevokeBias
Event: 3835.010 Executing VM operation: RevokeBias done
Event: 3835.011 Executing VM operation: RevokeBias
Event: 3835.012 Executing VM operation: RevokeBias done
Event: 3835.012 Executing VM operation: RevokeBias
Event: 3835.012 Executing VM operation: RevokeBias done
Event: 3835.012 Executing VM operation: RevokeBias
Event: 3835.012 Executing VM operation: RevokeBias done


Dynamic libraries:
0x00007ff7f7b50000 - 0x00007ff7f7b5f000 	C:\Program Files\Java\jdk-13.0.1\bin\java.exe
0x00007ff92a710000 - 0x00007ff92a905000 	C:\WINDOWS\SYSTEM32\ntdll.dll
0x00007ff92a4f0000 - 0x00007ff92a5ad000 	C:\WINDOWS\System32\KERNEL32.DLL
0x00007ff927e50000 - 0x00007ff928118000 	C:\WINDOWS\System32\KERNELBASE.dll
0x00007ff928120000 - 0x00007ff928220000 	C:\WINDOWS\System32\ucrtbase.dll
0x00007ff90f4d0000 - 0x00007ff90f4e8000 	C:\Program Files\Java\jdk-13.0.1\bin\jli.dll
0x00007ff925b40000 - 0x00007ff925b55000 	C:\Program Files\Java\jdk-13.0.1\bin\VCRUNTIME140.dll
0x00007ff9296b0000 - 0x00007ff92975c000 	C:\WINDOWS\System32\ADVAPI32.dll
0x00007ff9289e0000 - 0x00007ff928a7e000 	C:\WINDOWS\System32\msvcrt.dll
0x00007ff928930000 - 0x00007ff9289cb000 	C:\WINDOWS\System32\sechost.dll
0x00007ff929430000 - 0x00007ff92955b000 	C:\WINDOWS\System32\RPCRT4.dll
0x00007ff929160000 - 0x00007ff929300000 	C:\WINDOWS\System32\USER32.dll
0x00007ff9282a0000 - 0x00007ff9282c2000 	C:\WINDOWS\System32\win32u.dll
0x00007ff927270000 - 0x00007ff92750a000 	C:\WINDOWS\WinSxS\amd64_microsoft.windows.common-controls_6595b64144ccf1df_6.0.19041.844_none_ca00b6081b84eb1d\COMCTL32.dll
0x00007ff9287d0000 - 0x00007ff9287fa000 	C:\WINDOWS\System32\GDI32.dll
0x00007ff928660000 - 0x00007ff92876b000 	C:\WINDOWS\System32\gdi32full.dll
0x00007ff9282d0000 - 0x00007ff92836d000 	C:\WINDOWS\System32\msvcp_win.dll
0x00007ff9251b0000 - 0x00007ff9251ba000 	C:\WINDOWS\SYSTEM32\VERSION.dll
0x00007ff929560000 - 0x00007ff929590000 	C:\WINDOWS\System32\IMM32.DLL
0x00007ff916250000 - 0x00007ff9162eb000 	C:\Program Files\Java\jdk-13.0.1\bin\msvcp140.dll
0x00007ff8eb2f0000 - 0x00007ff8ebe56000 	C:\Program Files\Java\jdk-13.0.1\bin\server\jvm.dll
0x00007ff9289d0000 - 0x00007ff9289d8000 	C:\WINDOWS\System32\PSAPI.DLL
0x00007ff91e930000 - 0x00007ff91e957000 	C:\WINDOWS\SYSTEM32\WINMM.dll
0x00007ff925d00000 - 0x00007ff925d09000 	C:\WINDOWS\SYSTEM32\WSOCK32.dll
0x00007ff92a5b0000 - 0x00007ff92a61b000 	C:\WINDOWS\System32\WS2_32.dll
0x00007ff925a50000 - 0x00007ff925a62000 	C:\WINDOWS\SYSTEM32\kernel.appcore.dll
0x00007ff925b30000 - 0x00007ff925b40000 	C:\Program Files\Java\jdk-13.0.1\bin\verify.dll
0x00007ff927880000 - 0x00007ff927a64000 	C:\WINDOWS\SYSTEM32\DBGHELP.DLL
0x00007ff927630000 - 0x00007ff92765c000 	C:\WINDOWS\SYSTEM32\dbgcore.DLL
0x00007ff928480000 - 0x00007ff928500000 	C:\WINDOWS\System32\bcryptPrimitives.dll
0x00007ff921980000 - 0x00007ff9219a6000 	C:\Program Files\Java\jdk-13.0.1\bin\java.dll
0x00007ff922130000 - 0x00007ff922147000 	C:\Program Files\Java\jdk-13.0.1\bin\zip.dll
0x00007ff925b20000 - 0x00007ff925b2a000 	C:\Program Files\Java\jdk-13.0.1\bin\jimage.dll
0x00007ff929d80000 - 0x00007ff92a4c2000 	C:\WINDOWS\System32\SHELL32.dll
0x00007ff9252b0000 - 0x00007ff925a40000 	C:\WINDOWS\SYSTEM32\windows.storage.dll
0x00007ff928e00000 - 0x00007ff929155000 	C:\WINDOWS\System32\combase.dll
0x00007ff9271d0000 - 0x00007ff9271fc000 	C:\WINDOWS\SYSTEM32\Wldp.dll
0x00007ff928800000 - 0x00007ff9288ae000 	C:\WINDOWS\System32\SHCORE.dll
0x00007ff928770000 - 0x00007ff9287c5000 	C:\WINDOWS\System32\shlwapi.dll
0x00007ff927d90000 - 0x00007ff927daf000 	C:\WINDOWS\SYSTEM32\profapi.dll
0x00007ff921740000 - 0x00007ff921759000 	C:\Program Files\Java\jdk-13.0.1\bin\net.dll
0x00007ff919240000 - 0x00007ff91934b000 	C:\WINDOWS\SYSTEM32\WINHTTP.dll
0x00007ff9270b0000 - 0x00007ff92711a000 	C:\WINDOWS\system32\mswsock.dll
0x00007ff920ea0000 - 0x00007ff920eb3000 	C:\Program Files\Java\jdk-13.0.1\bin\nio.dll
0x00007ff9162f0000 - 0x00007ff916489000 	C:\Program Files\Java\jdk-13.0.1\bin\awt.dll
0x00007ff929840000 - 0x00007ff92990d000 	C:\WINDOWS\System32\OLEAUT32.dll
0x00007ff923240000 - 0x00007ff923800000 	C:\WINDOWS\SYSTEM32\d2d1.dll
0x00007ff924680000 - 0x00007ff924710000 	C:\WINDOWS\SYSTEM32\apphelp.dll
0x00007ff924b30000 - 0x00007ff924b5f000 	C:\WINDOWS\system32\DWMAPI.DLL
0x00007ff924940000 - 0x00007ff9249de000 	C:\WINDOWS\system32\uxtheme.dll
0x00007ff9156f0000 - 0x00007ff915816000 	C:\WINDOWS\system32\opengl32.dll
0x00007ff922b20000 - 0x00007ff922b4c000 	C:\WINDOWS\SYSTEM32\GLU32.dll
0x00007ff929590000 - 0x00007ff9296a5000 	C:\WINDOWS\System32\MSCTF.dll
0x00007ff929300000 - 0x00007ff92942a000 	C:\WINDOWS\System32\ole32.dll
0x00007ff926c70000 - 0x00007ff926d3c000 	C:\WINDOWS\SYSTEM32\DNSAPI.dll
0x00007ff926c30000 - 0x00007ff926c6b000 	C:\WINDOWS\SYSTEM32\IPHLPAPI.DLL
0x00007ff928920000 - 0x00007ff928928000 	C:\WINDOWS\System32\NSI.dll
0x00007ff9190a0000 - 0x00007ff9190aa000 	C:\Windows\System32\rasadhlp.dll
0x00007ff918f90000 - 0x00007ff91900f000 	C:\WINDOWS\System32\fwpuclnt.dll
0x00007ff928270000 - 0x00007ff928297000 	C:\WINDOWS\System32\bcrypt.dll
0x00007ff922150000 - 0x00007ff92215e000 	C:\Program Files\Java\jdk-13.0.1\bin\sunmscapi.dll
0x00007ff928500000 - 0x00007ff92865f000 	C:\WINDOWS\System32\CRYPT32.dll
0x00007ff927240000 - 0x00007ff927267000 	C:\WINDOWS\SYSTEM32\ncrypt.dll
0x00007ff927200000 - 0x00007ff92723b000 	C:\WINDOWS\SYSTEM32\NTASN1.dll
0x00007ff9187a0000 - 0x00007ff9187c5000 	C:\Program Files\Java\jdk-13.0.1\bin\sunec.dll
0x00007ff927be0000 - 0x00007ff927bf8000 	C:\WINDOWS\SYSTEM32\CRYPTSP.dll
0x00007ff9268a0000 - 0x00007ff9268d4000 	C:\WINDOWS\system32\rsaenh.dll
0x00007ff927d50000 - 0x00007ff927d7e000 	C:\WINDOWS\SYSTEM32\USERENV.dll
0x00007ff927190000 - 0x00007ff92719c000 	C:\WINDOWS\SYSTEM32\CRYPTBASE.dll
0x00007ff920af0000 - 0x00007ff920b07000 	C:\WINDOWS\SYSTEM32\dhcpcsvc6.DLL
0x00007ff920a90000 - 0x00007ff920aad000 	C:\WINDOWS\SYSTEM32\dhcpcsvc.DLL
0x00007ff90f1a0000 - 0x00007ff90f222000 	C:\Program Files\Java\jdk-13.0.1\bin\freetype.dll
0x00007ff90c630000 - 0x00007ff90c6d6000 	C:\Program Files\Java\jdk-13.0.1\bin\fontmanager.dll
0x00007ff92a620000 - 0x00007ff92a6c9000 	C:\WINDOWS\System32\clbcatq.dll
0x00007ff91f890000 - 0x00007ff91fa44000 	C:\WINDOWS\SYSTEM32\WindowsCodecs.dll
0x00007ff91fec0000 - 0x00007ff91fefe000 	C:\WINDOWS\system32\dataexchange.dll
0x00007ff923aa0000 - 0x00007ff923c85000 	C:\WINDOWS\system32\dcomp.dll
0x00007ff922b70000 - 0x00007ff922dd4000 	C:\WINDOWS\system32\d3d11.dll
0x00007ff926140000 - 0x00007ff926234000 	C:\WINDOWS\system32\dxgi.dll
0x00007ff9225f0000 - 0x00007ff9227f1000 	C:\WINDOWS\system32\twinapi.appcore.dll
0x00007ff91e960000 - 0x00007ff91ea59000 	C:\WINDOWS\SYSTEM32\textinputframework.dll
0x00007ff924010000 - 0x00007ff92436e000 	C:\WINDOWS\System32\CoreUIComponents.dll
0x00007ff924370000 - 0x00007ff924462000 	C:\WINDOWS\System32\CoreMessaging.dll
0x00007ff923800000 - 0x00007ff923954000 	C:\WINDOWS\SYSTEM32\wintypes.dll
0x00007ff927ba0000 - 0x00007ff927bd3000 	C:\WINDOWS\SYSTEM32\ntmarta.dll

dbghelp: loaded successfully - version: 4.0.5 - missing functions: none
symbol engine: initialized successfully - sym options: 0x614 - pdb path: .;C:\Program Files\Java\jdk-13.0.1\bin;C:\WINDOWS\SYSTEM32;C:\WINDOWS\WinSxS\amd64_microsoft.windows.common-controls_6595b64144ccf1df_6.0.19041.844_none_ca00b6081b84eb1d;C:\Program Files\Java\jdk-13.0.1\bin\server

VM Arguments:
jvm_args: -Dfile.encoding=UTF-8 
java_command: hotel.management.system.UpdateRoom
java_class_path (initial): C:\Program Files\NetBeans-12.0\netbeans\ide\modules\ext\postgresql-42.2.10.jar;C:\Users\Goutam\Downloads\jar_files.zip;C:\Users\Goutam\Downloads\mysql-connector-java-8.0.25.jar;C:\Users\Goutam\OneDrive\Desktop\mysql-connector-java-8.0.25.zip;D:\JavaNetBeansProjects\Hotel Management System\jar\rs2xml.jar;D:\JavaNetBeansProjects\Hotel Management System\build\classes
Launcher Type: SUN_STANDARD

[Global flags]
     intx CICompilerCount                          = 4                                         {product} {ergonomic}
     uint ConcGCThreads                            = 2                                         {product} {ergonomic}
     uint G1ConcRefinementThreads                  = 8                                         {product} {ergonomic}
   size_t G1HeapRegionSize                         = 1048576                                   {product} {ergonomic}
    uintx GCDrainStackTargetSize                   = 64                                        {product} {ergonomic}
   size_t InitialHeapSize                          = 132120576                                 {product} {ergonomic}
   size_t MarkStackSize                            = 4194304                                   {product} {ergonomic}
   size_t MaxHeapSize                              = 2107637760                                {product} {ergonomic}
   size_t MaxNewSize                               = 1264582656                                {product} {ergonomic}
   size_t MinHeapDeltaBytes                        = 1048576                                   {product} {ergonomic}
   size_t MinHeapSize                              = 8388608                                   {product} {ergonomic}
    uintx NonNMethodCodeHeapSize                   = 5836300                                {pd product} {ergonomic}
    uintx NonProfiledCodeHeapSize                  = 122910970                              {pd product} {ergonomic}
    uintx ProfiledCodeHeapSize                     = 122910970                              {pd product} {ergonomic}
    uintx ReservedCodeCacheSize                    = 251658240                              {pd product} {ergonomic}
     bool SegmentedCodeCache                       = true                                      {product} {ergonomic}
   size_t SoftMaxHeapSize                          = 2107637760                             {manageable} {ergonomic}
     bool UseCompressedClassPointers               = true                                 {lp64_product} {ergonomic}
     bool UseCompressedOops                        = true                                 {lp64_product} {ergonomic}
     bool UseG1GC                                  = true                                      {product} {ergonomic}
     bool UseLargePagesIndividualAllocation        = false                                  {pd product} {ergonomic}

Logging:
Log output configuration:
 #0: stdout all=warning uptime,level,tags
 #1: stderr all=off uptime,level,tags

Environment Variables:
PATH=C:\Windows;C:\Windows\system32;C:\Windows\System32\Wbem;C:\Windows\System32\WindowsPowerShell\v1.0\;C:\Windows\System32\OpenSSH\;C:\Program Files (x86)\Intel\Intel(R) Management Engine Components\DAL;C:\Program Files\Intel\Intel(R) Management Engine Components\DAL;C:\Program Files (x86)\NVIDIA Corporation\PhysX\Common;C:\Program Files\Java\jre1.8.0_231\bin;C:\Program Files\Java\jdk-13.0.1\bin;C:\Program Files\PostgreSQL\12\bin;C:\WINDOWS\system32;C:\WINDOWS;C:\WINDOWS\System32\Wbem;C:\WINDOWS\System32\WindowsPowerShell\v1.0\;C:\WINDOWS\System32\OpenSSH\;C:\Program Files (x86)\Brackets\command;C:\Program Files\Git\cmd;C:\Program Files\nodejs\;C:\Program Files\MySQL\MySQL Shell 8.0\bin\;C:\Ruby27-x64\bin;C:\Users\Goutam\AppData\Local\Programs\Python\Python38-32\Scripts\;C:\Users\Goutam\AppData\Local\Programs\Python\Python38-32\;C:\Users\Goutam\AppData\Local\Microsoft\WindowsApps;C:\Users\Goutam\AppData\Local\Programs\Microsoft VS Code\bin;C:\Users\Goutam\AppData\Roaming\npm;C:\MinGW\bin;
USERNAME=Goutam
OS=Windows_NT
PROCESSOR_IDENTIFIER=Intel64 Family 6 Model 158 Stepping 10, GenuineIntel



---------------  S Y S T E M  ---------------

OS: Windows 10 , 64 bit Build 19041 (10.0.19041.928)

CPU:total 8 (initial active 8) (4 cores per cpu, 2 threads per core) family 6 model 158 stepping 10, cmov, cx8, fxsr, mmx, sse, sse2, sse3, ssse3, sse4.1, sse4.2, popcnt, avx, avx2, aes, clmul, erms, 3dnowpref, lzcnt, ht, tsc, tscinvbit, bmi1, bmi2, adx, fma

Memory: 4k page, system-wide physical 8034M (419M free)
TotalPageFile size 23153M (AvailPageFile size 0M)
current process WorkingSet (physical memory assigned to process): 45M, peak: 113M
current process commit charge ("private bytes"): 240M, peak: 245M

vm_info: Java HotSpot(TM) 64-Bit Server VM (13.0.1+9) for windows-amd64 JRE (13.0.1+9), built on Oct  6 2019 12:37:49 by "mach5one" with unknown MS VC++:1916

END.
