#
# There is insufficient memory for the Java Runtime Environment to continue.
# Native memory allocation (mmap) failed to map 5242880 bytes for Failed to commit area from 0x0000000083000000 to 0x0000000083500000 of length 5242880.
# Possible reasons:
#   The system is out of physical RAM or swap space
#   The process is running with CompressedOops enabled, and the Java Heap may be blocking the growth of the native heap
# Possible solutions:
#   Reduce memory load on the system
#   Increase physical memory or swap space
#   Check if swap backing store is full
#   Decrease Java heap size (-Xmx/-Xms)
#   Decrease number of Java threads
#   Decrease Java thread stack sizes (-Xss)
#   Set larger code cache with -XX:ReservedCodeCacheSize=
#   JVM is running with Unscaled Compressed Oops mode in which the Java heap is
#     placed in the first 4GB address space. The Java Heap base address is the
#     maximum limit for the native heap growth. Please use -XX:HeapBaseMinAddress
#     to set the Java Heap base and to place the Java Heap above 4GB virtual address.
# This output file may be truncated or incomplete.
#
#  Out of Memory Error (t:/workspace/open/src/hotspot/os/windows/os_windows.cpp:3301), pid=3196, tid=17332
#
# JRE version: Java(TM) SE Runtime Environment (13.0.1+9) (build 13.0.1+9)
# Java VM: Java HotSpot(TM) 64-Bit Server VM (13.0.1+9, mixed mode, sharing, tiered, compressed oops, g1 gc, windows-amd64)
# No core dump will be written. Minidumps are not enabled by default on client versions of Windows
#

---------------  S U M M A R Y ------------

Command Line: -Dapplication.home=C:\Program Files\Java\jdk-13.0.1 --add-modules=ALL-DEFAULT -Xms8m -Djdk.module.main=jdk.compiler jdk.compiler/com.sun.tools.javac.Main -d D:\JavaNetBeansProjects\Hotel Management System\build\classes -classpath D:\JavaNetBeansProjects\Hotel Management System\build\classes;C:\Program Files\NetBeans-12.0\netbeans\ide\modules\ext\postgresql-42.2.10.jar;C:\Users\Goutam\Downloads\jar_files.zip;C:\Users\Goutam\Downloads\mysql-connector-java-8.0.25.jar;C:\Users\Goutam\OneDrive\Desktop\mysql-connector-java-8.0.25.zip -sourcepath D:\JavaNetBeansProjects\Hotel Management System\src -target 13 -encoding UTF-8 -g -processorpath C:\Program Files\NetBeans-12.0\netbeans\ide\modules\ext\postgresql-42.2.10.jar;C:\Users\Goutam\Downloads\jar_files.zip;C:\Users\Goutam\Downloads\mysql-connector-java-8.0.25.jar;C:\Users\Goutam\OneDrive\Desktop\mysql-connector-java-8.0.25.zip;D:\JavaNetBeansProjects\Hotel Management System\build\empty -s D:\JavaNetBeansProjects\Hotel Management System\build\generated-sources\ap-source-output -source 13 D:\JavaNetBeansProjects\Hotel Management System\src\hotel\management\system\AddEmployee.java

Host: Intel(R) Core(TM) i5-8300H CPU @ 2.30GHz, 8 cores, 7G,  Windows 10 , 64 bit Build 19041 (10.0.19041.928)
Time: Sun Jun 13 09:18:52 2021 India Standard Time elapsed time: 0 seconds (0d 0h 0m 0s)

---------------  T H R E A D  ---------------

Current thread (0x000001c07eee5800):  VMThread "VM Thread" [stack: 0x0000007732e00000,0x0000007732f00000] [id=17332]

Stack: [0x0000007732e00000,0x0000007732f00000]
[error occurred during error reporting (printing stack bounds), id 0xc0000005, EXCEPTION_ACCESS_VIOLATION (0xc0000005) at pc=0x000001c0676210ad]

Native frames: (J=compiled Java code, j=interpreted, Vv=VM code, C=native code)
V  [jvm.dll+0x626eca]
V  [jvm.dll+0x772c6a]
V  [jvm.dll+0x77441f]
V  [jvm.dll+0x774985]
V  [jvm.dll+0x77493b]
V  [jvm.dll+0x6266ff]
C  [ntdll.dll+0x78a4c]
C  [ntdll.dll+0x51276]
C  [ntdll.dll+0xa0cae]
C  0x000001c0676210ad

VM_Operation (0x00000077328fce70): G1CollectForAllocation, mode: safepoint, requested by thread 0x000001c05d93b800


---------------  P R O C E S S  ---------------

Threads class SMR info:
_java_thread_list=0x000001c07f1d2570, length=11, elements={
0x000001c05d93b800, 0x000001c07eee9800, 0x000001c07eef0800, 0x000001c07ef06800,
0x000001c07ef08800, 0x000001c07ef0b000, 0x000001c07ef12800, 0x000001c07ef1e000,
0x000001c07f13d800, 0x000001c07f1a8000, 0x000001c07f1d3800
}

Java Threads: ( => current thread )
  0x000001c05d93b800 JavaThread "main" [_thread_blocked, id=14920, stack(0x0000007732800000,0x0000007732900000)]
  0x000001c07eee9800 JavaThread "Reference Handler" daemon [_thread_blocked, id=17784, stack(0x0000007732f00000,0x0000007733000000)]
  0x000001c07eef0800 JavaThread "Finalizer" daemon [_thread_blocked, id=19108, stack(0x0000007733000000,0x0000007733100000)]
  0x000001c07ef06800 JavaThread "Signal Dispatcher" daemon [_thread_blocked, id=17808, stack(0x0000007733100000,0x0000007733200000)]
  0x000001c07ef08800 JavaThread "Attach Listener" daemon [_thread_blocked, id=4404, stack(0x0000007733200000,0x0000007733300000)]
  0x000001c07ef0b000 JavaThread "C2 CompilerThread0" daemon [_thread_blocked, id=10496, stack(0x0000007733300000,0x0000007733400000)]
  0x000001c07ef12800 JavaThread "C1 CompilerThread0" daemon [_thread_blocked, id=14936, stack(0x0000007733400000,0x0000007733500000)]
  0x000001c07ef1e000 JavaThread "Sweeper thread" daemon [_thread_blocked, id=1560, stack(0x0000007733500000,0x0000007733600000)]
  0x000001c07f13d800 JavaThread "Common-Cleaner" daemon [_thread_blocked, id=12236, stack(0x0000007733600000,0x0000007733700000)]
  0x000001c07f1a8000 JavaThread "C2 CompilerThread1" daemon [_thread_blocked, id=9236, stack(0x0000007733700000,0x0000007733800000)]
  0x000001c07f1d3800 JavaThread "Service Thread" daemon [_thread_blocked, id=19252, stack(0x0000007733800000,0x0000007733900000)]

Other Threads:
=>0x000001c07eee5800 VMThread "VM Thread" [stack: 0x0000007732e00000,0x0000007732f00000] [id=17332]
  0x000001c07f22c800 WatcherThread [stack: 0x0000007733900000,0x0000007733a00000] [id=20424]
  0x000001c05d980800 GCTaskThread "GC Thread#0" [stack: 0x0000007732900000,0x0000007732a00000] [id=5904]
  0x000001c07f33b000 GCTaskThread "GC Thread#1" [stack: 0x0000007733a00000,0x0000007733b00000] [id=10912]
  0x000001c05d991800 ConcurrentGCThread "G1 Main Marker" [stack: 0x0000007732a00000,0x0000007732b00000] [id=15636]
  0x000001c05d994800 ConcurrentGCThread "G1 Conc#0" [stack: 0x0000007732b00000,0x0000007732c00000] [id=13616]
  0x000001c05d9bf800 ConcurrentGCThread "G1 Refine#0" [stack: 0x0000007732c00000,0x0000007732d00000] [id=16460]
  0x000001c05d9c3800 ConcurrentGCThread "G1 Young RemSet Sampling" [stack: 0x0000007732d00000,0x0000007732e00000] [id=11016]

Threads with active compile tasks:
C2 CompilerThread0      431 1049       4       jdk.internal.jimage.BasicImageReader::getString (49 bytes)
C1 CompilerThread0      431 1068  s    3       jdk.internal.jimage.ImageReader$SharedImageReader::findNode (36 bytes)
C2 CompilerThread1      431 1048       4       java.lang.AbstractStringBuilder::append (77 bytes)

VM state:at safepoint (normal execution)

VM Mutex/Monitor currently owned by a thread:  ([mutex/lock_event])
[0x000001c05d9390f0] Threads_lock - owner thread: 0x000001c07eee5800
[0x000001c05d938c70] Heap_lock - owner thread: 0x000001c05d93b800

Heap address: 0x0000000082600000, size: 2010 MB, Compressed Oops mode: 32-bit
Narrow klass base: 0x0000000800000000, Narrow klass shift: 3
Compressed class space size: 1073741824 Address: 0x0000000800b40000

Heap:
 garbage-first heap   total 15360K, used 5080K [0x0000000082600000, 0x0000000100000000)
  region size 1024K, 1 young (1024K), 1 survivors (1024K)
 Metaspace       used 8563K, capacity 11372K, committed 11648K, reserved 1058816K
  class space    used 1025K, capacity 1334K, committed 1408K, reserved 1048576K
Heap Regions: E=young(eden), S=young(survivor), O=old, HS=humongous(starts), HC=humongous(continues), CS=collection set, F=free, A=archive, TAMS=top-at-mark-start (previous, next)
|   0|0x0000000082600000, 0x0000000082700000, 0x0000000082700000|100%| O|  |TAMS 0x0000000082600000, 0x0000000082700000| Untracked 
|   1|0x0000000082700000, 0x0000000082800000, 0x0000000082800000|100%| O|  |TAMS 0x0000000082700000, 0x0000000082800000| Untracked 
|   2|0x0000000082800000, 0x0000000082900000, 0x0000000082900000|100%| O|  |TAMS 0x0000000082800000, 0x0000000082900000| Untracked 
|   3|0x0000000082900000, 0x0000000082a00000, 0x0000000082a00000|100%| O|  |TAMS 0x0000000082900000, 0x0000000082a00000| Untracked 
|   4|0x0000000082a00000, 0x0000000082a82c00, 0x0000000082b00000| 51%| O|  |TAMS 0x0000000082a00000, 0x0000000082a82c00| Untracked 
|   5|0x0000000082b00000, 0x0000000082b00000, 0x0000000082c00000|  0%| F|  |TAMS 0x0000000082b00000, 0x0000000082b00000| Untracked 
|   6|0x0000000082c00000, 0x0000000082c00000, 0x0000000082d00000|  0%| F|  |TAMS 0x0000000082c00000, 0x0000000082c00000| Untracked 
|   7|0x0000000082d00000, 0x0000000082d73548, 0x0000000082e00000| 45%| S|CS|TAMS 0x0000000082d00000, 0x0000000082d00000| Complete 
|   8|0x0000000082e00000, 0x0000000082e00000, 0x0000000082f00000|  0%| F|  |TAMS 0x0000000082e00000, 0x0000000082e00000| Untracked 
|   9|0x0000000082f00000, 0x0000000082f00000, 0x0000000083000000|  0%| F|  |TAMS 0x0000000082f00000, 0x0000000082f00000| Untracked 

Card table byte_map: [0x000001c0775e0000,0x000001c0779d0000] _byte_map_base: 0x000001c0771cd000

Marking Bits (Prev, Next): (CMBitMap*) 0x000001c05d9811e8, (CMBitMap*) 0x000001c05d981228
 Prev Bits: [0x000001c077dc0000, 0x000001c079d28000)
 Next Bits: [0x000001c079d30000, 0x000001c07bc98000)

Polling page: 0x000001c05da20000

Metaspace:

Usage:
  Non-class:      9.80 MB capacity,     7.36 MB ( 75%) used,     2.42 MB ( 25%) free+waste,    24.00 KB ( <1%) overhead. 
      Class:      1.30 MB capacity,     1.00 MB ( 77%) used,   295.76 KB ( 22%) free+waste,    12.44 KB ( <1%) overhead. 
       Both:     11.11 MB capacity,     8.36 MB ( 75%) used,     2.71 MB ( 24%) free+waste,    36.44 KB ( <1%) overhead. 

Virtual space:
  Non-class space:       10.00 MB reserved,      10.00 MB (100%) committed 
      Class space:        1.00 GB reserved,       1.38 MB ( <1%) committed 
             Both:        1.01 GB reserved,      11.38 MB (  1%) committed 

Chunk freelists:
   Non-Class:  10.00 KB
       Class:  10.00 KB
        Both:  20.00 KB

MaxMetaspaceSize: 17179869184.00 GB
CompressedClassSpaceSize: 1.00 GB

CodeHeap 'non-profiled nmethods': size=120000Kb used=340Kb max_used=340Kb free=119659Kb
 bounds [0x000001c06f0f0000, 0x000001c06f360000, 0x000001c076620000]
CodeHeap 'profiled nmethods': size=120000Kb used=1930Kb max_used=1930Kb free=118070Kb
 bounds [0x000001c067bc0000, 0x000001c067e30000, 0x000001c06f0f0000]
CodeHeap 'non-nmethods': size=5760Kb used=1179Kb max_used=1204Kb free=4580Kb
 bounds [0x000001c067620000, 0x000001c067890000, 0x000001c067bc0000]
 total_blobs=1988 nmethods=1060 adapters=341
 compilation: enabled
              stopped_count=0, restarted_count=0
 full_count=0

Compilation events (20 events):
Event: 0.418 Thread 0x000001c07ef12800 nmethod 1057 0x000001c06f144310 code [0x000001c06f1444a0, 0x000001c06f1445d8]
Event: 0.418 Thread 0x000001c07ef12800 1058       1       jdk.internal.jimage.ImageReader$Node::getNameString (5 bytes)
Event: 0.418 Thread 0x000001c07ef12800 nmethod 1058 0x000001c06f144690 code [0x000001c06f144820, 0x000001c06f144958]
Event: 0.418 Thread 0x000001c07ef12800 1053       3       jdk.internal.jimage.ImageReader$SharedImageReader$$Lambda$95/0x0000000800c78840::visit (13 bytes)
Event: 0.418 Thread 0x000001c07ef12800 nmethod 1053 0x000001c067d9de90 code [0x000001c067d9e040, 0x000001c067d9e210]
Event: 0.418 Thread 0x000001c07ef12800 1054       3       jdk.internal.jimage.ImageReader$SharedImageReader::lambda$handleModulesSubTree$1 (43 bytes)
Event: 0.418 Thread 0x000001c07ef12800 nmethod 1054 0x000001c067d9e310 code [0x000001c067d9e580, 0x000001c067d9eec0]
Event: 0.418 Thread 0x000001c07ef12800 1055       3       jdk.internal.jimage.ImageLocation::getFullName (6 bytes)
Event: 0.418 Thread 0x000001c07ef12800 nmethod 1055 0x000001c067d9f290 code [0x000001c067d9f440, 0x000001c067d9f5f0]
Event: 0.418 Thread 0x000001c07ef12800 1060       3       jdk.internal.jrtfs.JrtPath::isAbsolute (29 bytes)
Event: 0.418 Thread 0x000001c07ef0b000 nmethod 1043 0x000001c06f144a10 code [0x000001c06f144bc0, 0x000001c06f1450d8]
Event: 0.418 Thread 0x000001c07ef0b000 1049       4       jdk.internal.jimage.BasicImageReader::getString (49 bytes)
Event: 0.418 Thread 0x000001c07ef12800 nmethod 1060 0x000001c067d9f690 code [0x000001c067d9f8a0, 0x000001c067d9ffc0]
Event: 0.418 Thread 0x000001c07ef12800 1062       3       jdk.internal.jrtfs.JrtPath::getFileName (78 bytes)
Event: 0.419 Thread 0x000001c07ef12800 nmethod 1062 0x000001c067da0210 code [0x000001c067da04c0, 0x000001c067da13d0]
Event: 0.419 Thread 0x000001c07ef12800 1061       3       java.util.stream.ReferencePipeline$3$1::accept (23 bytes)
Event: 0.419 Thread 0x000001c07ef12800 nmethod 1061 0x000001c067da1890 code [0x000001c067da1a60, 0x000001c067da1da0]
Event: 0.419 Thread 0x000001c07ef12800 1066       3       jdk.internal.jrtfs.JrtFileSystemProvider::toJrtPath (27 bytes)
Event: 0.420 Thread 0x000001c07ef12800 nmethod 1066 0x000001c067da1e90 code [0x000001c067da2080, 0x000001c067da2660]
Event: 0.420 Thread 0x000001c07ef12800 1068  s    3       jdk.internal.jimage.ImageReader$SharedImageReader::findNode (36 bytes)

GC Heap History (17 events):
Event: 0.158 GC heap before
{Heap before GC invocations=0 (full 0):
 garbage-first heap   total 8192K, used 3072K [0x0000000082600000, 0x0000000100000000)
  region size 1024K, 3 young (3072K), 0 survivors (0K)
 Metaspace       used 2255K, capacity 5984K, committed 6016K, reserved 1056768K
  class space    used 263K, capacity 638K, committed 640K, reserved 1048576K
}
Event: 0.160 GC heap after
{Heap after GC invocations=1 (full 0):
 garbage-first heap   total 8192K, used 1090K [0x0000000082600000, 0x0000000100000000)
  region size 1024K, 1 young (1024K), 1 survivors (1024K)
 Metaspace       used 2255K, capacity 5984K, committed 6016K, reserved 1056768K
  class space    used 263K, capacity 638K, committed 640K, reserved 1048576K
}
Event: 0.187 GC heap before
{Heap before GC invocations=1 (full 0):
 garbage-first heap   total 8192K, used 2114K [0x0000000082600000, 0x0000000100000000)
  region size 1024K, 2 young (2048K), 1 survivors (1024K)
 Metaspace       used 3155K, capacity 6726K, committed 6912K, reserved 1056768K
  class space    used 368K, capacity 717K, committed 768K, reserved 1048576K
}
Event: 0.189 GC heap after
{Heap after GC invocations=2 (full 0):
 garbage-first heap   total 8192K, used 1620K [0x0000000082600000, 0x0000000100000000)
  region size 1024K, 1 young (1024K), 1 survivors (1024K)
 Metaspace       used 3155K, capacity 6726K, committed 6912K, reserved 1056768K
  class space    used 368K, capacity 717K, committed 768K, reserved 1048576K
}
Event: 0.240 GC heap before
{Heap before GC invocations=2 (full 0):
 garbage-first heap   total 8192K, used 1620K [0x0000000082600000, 0x0000000100000000)
  region size 1024K, 2 young (2048K), 1 survivors (1024K)
 Metaspace       used 5333K, capacity 8836K, committed 8960K, reserved 1056768K
  class space    used 660K, capacity 1016K, committed 1024K, reserved 1048576K
}
Event: 0.241 GC heap after
{Heap after GC invocations=3 (full 0):
 garbage-first heap   total 8192K, used 1787K [0x0000000082600000, 0x0000000100000000)
  region size 1024K, 1 young (1024K), 1 survivors (1024K)
 Metaspace       used 5333K, capacity 8836K, committed 8960K, reserved 1056768K
  class space    used 660K, capacity 1016K, committed 1024K, reserved 1048576K
}
Event: 0.273 GC heap before
{Heap before GC invocations=3 (full 0):
 garbage-first heap   total 8192K, used 2811K [0x0000000082600000, 0x0000000100000000)
  region size 1024K, 2 young (2048K), 1 survivors (1024K)
 Metaspace       used 6482K, capacity 9934K, committed 10240K, reserved 1058816K
  class space    used 810K, capacity 1172K, committed 1280K, reserved 1048576K
}
Event: 0.274 GC heap after
{Heap after GC invocations=4 (full 0):
 garbage-first heap   total 8192K, used 2191K [0x0000000082600000, 0x0000000100000000)
  region size 1024K, 1 young (1024K), 1 survivors (1024K)
 Metaspace       used 6482K, capacity 9934K, committed 10240K, reserved 1058816K
  class space    used 810K, capacity 1172K, committed 1280K, reserved 1048576K
}
Event: 0.311 GC heap before
{Heap before GC invocations=4 (full 0):
 garbage-first heap   total 8192K, used 3215K [0x0000000082600000, 0x0000000100000000)
  region size 1024K, 2 young (2048K), 1 survivors (1024K)
 Metaspace       used 7503K, capacity 10868K, committed 11008K, reserved 1058816K
  class space    used 901K, capacity 1249K, committed 1280K, reserved 1048576K
}
Event: 0.313 GC heap after
{Heap after GC invocations=5 (full 0):
 garbage-first heap   total 10240K, used 2709K [0x0000000082600000, 0x0000000100000000)
  region size 1024K, 1 young (1024K), 1 survivors (1024K)
 Metaspace       used 7503K, capacity 10868K, committed 11008K, reserved 1058816K
  class space    used 901K, capacity 1249K, committed 1280K, reserved 1048576K
}
Event: 0.350 GC heap before
{Heap before GC invocations=5 (full 0):
 garbage-first heap   total 10240K, used 4757K [0x0000000082600000, 0x0000000100000000)
  region size 1024K, 3 young (3072K), 1 survivors (1024K)
 Metaspace       used 7882K, capacity 11027K, committed 11392K, reserved 1058816K
  class space    used 948K, capacity 1282K, committed 1408K, reserved 1048576K
}
Event: 0.352 GC heap after
{Heap after GC invocations=6 (full 0):
 garbage-first heap   total 10240K, used 3503K [0x0000000082600000, 0x0000000100000000)
  region size 1024K, 1 young (1024K), 1 survivors (1024K)
 Metaspace       used 7882K, capacity 11027K, committed 11392K, reserved 1058816K
  class space    used 948K, capacity 1282K, committed 1408K, reserved 1048576K
}
Event: 0.392 GC heap before
{Heap before GC invocations=6 (full 0):
 garbage-first heap   total 10240K, used 5551K [0x0000000082600000, 0x0000000100000000)
  region size 1024K, 3 young (3072K), 1 survivors (1024K)
 Metaspace       used 8411K, capacity 11330K, committed 11648K, reserved 1058816K
  class space    used 1007K, capacity 1319K, committed 1408K, reserved 1048576K
}
Event: 0.395 GC heap after
{Heap after GC invocations=7 (full 0):
 garbage-first heap   total 10240K, used 4556K [0x0000000082600000, 0x0000000100000000)
  region size 1024K, 1 young (1024K), 1 survivors (1024K)
 Metaspace       used 8411K, capacity 11330K, committed 11648K, reserved 1058816K
  class space    used 1007K, capacity 1319K, committed 1408K, reserved 1048576K
}
Event: 0.411 GC heap before
{Heap before GC invocations=7 (full 0):
 garbage-first heap   total 10240K, used 5580K [0x0000000082600000, 0x0000000100000000)
  region size 1024K, 2 young (2048K), 1 survivors (1024K)
 Metaspace       used 8504K, capacity 11358K, committed 11648K, reserved 1058816K
  class space    used 1019K, capacity 1329K, committed 1408K, reserved 1048576K
}
Event: 0.412 GC heap after
{Heap after GC invocations=8 (full 0):
 garbage-first heap   total 10240K, used 4980K [0x0000000082600000, 0x0000000100000000)
  region size 1024K, 1 young (1024K), 1 survivors (1024K)
 Metaspace       used 8504K, capacity 11358K, committed 11648K, reserved 1058816K
  class space    used 1019K, capacity 1329K, committed 1408K, reserved 1048576K
}
Event: 0.420 GC heap before
{Heap before GC invocations=8 (full 0):
 garbage-first heap   total 10240K, used 6004K [0x0000000082600000, 0x0000000100000000)
  region size 1024K, 2 young (2048K), 1 survivors (1024K)
 Metaspace       used 8563K, capacity 11372K, committed 11648K, reserved 1058816K
  class space    used 1025K, capacity 1334K, committed 1408K, reserved 1048576K
}

Deoptimization events (20 events):
Event: 0.377 Thread 0x000001c05d93b800 Uncommon trap: trap_request=0xffffffc6 fr.pc=0x000001c06f136804 relative=0x0000000000000524
Event: 0.377 Thread 0x000001c05d93b800 Uncommon trap: reason=bimorphic_or_optimized_type_check action=maybe_recompile pc=0x000001c06f136804 method=java.util.HashMap.getNode(ILjava/lang/Object;)Ljava/util/HashMap$Node; @ 126 c2
Event: 0.377 Thread 0x000001c05d93b800 DEOPT PACKING pc=0x000001c06f136804 sp=0x00000077328fdf40
Event: 0.377 Thread 0x000001c05d93b800 DEOPT UNPACKING pc=0x000001c06766912f sp=0x00000077328fdeb8 mode 2
Event: 0.378 Thread 0x000001c05d93b800 Uncommon trap: trap_request=0xffffffc6 fr.pc=0x000001c06f136804 relative=0x0000000000000524
Event: 0.378 Thread 0x000001c05d93b800 Uncommon trap: reason=bimorphic_or_optimized_type_check action=maybe_recompile pc=0x000001c06f136804 method=java.util.HashMap.getNode(ILjava/lang/Object;)Ljava/util/HashMap$Node; @ 126 c2
Event: 0.378 Thread 0x000001c05d93b800 DEOPT PACKING pc=0x000001c06f136804 sp=0x00000077328fde20
Event: 0.378 Thread 0x000001c05d93b800 DEOPT UNPACKING pc=0x000001c06766912f sp=0x00000077328fdd98 mode 2
Event: 0.386 Thread 0x000001c05d93b800 Uncommon trap: trap_request=0xffffff45 fr.pc=0x000001c06f13d7f4 relative=0x00000000000001d4
Event: 0.386 Thread 0x000001c05d93b800 Uncommon trap: reason=unstable_if action=reinterpret pc=0x000001c06f13d7f4 method=java.util.Arrays.hashCode([B)I @ 1 c2
Event: 0.386 Thread 0x000001c05d93b800 DEOPT PACKING pc=0x000001c06f13d7f4 sp=0x00000077328fe120
Event: 0.386 Thread 0x000001c05d93b800 DEOPT UNPACKING pc=0x000001c06766912f sp=0x00000077328fe090 mode 2
Event: 0.405 Thread 0x000001c05d93b800 Uncommon trap: trap_request=0xffffffde fr.pc=0x000001c06f1323d0 relative=0x0000000000000ab0
Event: 0.405 Thread 0x000001c05d93b800 Uncommon trap: reason=class_check action=maybe_recompile pc=0x000001c06f1323d0 method=java.util.HashMap.putVal(ILjava/lang/Object;Ljava/lang/Object;ZZ)Ljava/lang/Object; @ 203 c2
Event: 0.405 Thread 0x000001c05d93b800 DEOPT PACKING pc=0x000001c06f1323d0 sp=0x00000077328fe400
Event: 0.405 Thread 0x000001c05d93b800 DEOPT UNPACKING pc=0x000001c06766912f sp=0x00000077328fe358 mode 2
Event: 0.415 Thread 0x000001c05d93b800 Uncommon trap: trap_request=0xffffffde fr.pc=0x000001c06f133b20 relative=0x00000000000004e0
Event: 0.415 Thread 0x000001c05d93b800 Uncommon trap: reason=class_check action=maybe_recompile pc=0x000001c06f133b20 method=java.util.HashMap.getNode(ILjava/lang/Object;)Ljava/util/HashMap$Node; @ 126 c2
Event: 0.415 Thread 0x000001c05d93b800 DEOPT PACKING pc=0x000001c06f133b20 sp=0x00000077328fe350
Event: 0.415 Thread 0x000001c05d93b800 DEOPT UNPACKING pc=0x000001c06766912f sp=0x00000077328fe268 mode 2

Classes unloaded (0 events):
No events

Classes redefined (0 events):
No events

Internal exceptions (20 events):
Event: 0.163 Thread 0x000001c05d93b800 Exception <a 'sun/nio/fs/WindowsException'{0x0000000082d22e68}> (0x0000000082d22e68) 
thrown [t:/workspace/open/src/hotspot/share/prims/jni.cpp, line 598]
Event: 0.164 Thread 0x000001c05d93b800 Exception <a 'java/lang/NoSuchMethodError'{0x0000000082d2a168}: 'int java.lang.invoke.DirectMethodHandle$Holder.invokeVirtual(java.lang.Object, java.lang.Object, java.lang.Object)'> (0x0000000082d2a168) 
thrown [t:/workspace/open/src/hotspot/share/interpreter/linkResolver.cpp, line 767]
Event: 0.210 Thread 0x000001c05d93b800 Exception <a 'java/lang/NoSuchMethodError'{0x0000000082d76c48}: 'int java.lang.invoke.DirectMethodHandle$Holder.invokeStaticInit(java.lang.Object, java.lang.Object)'> (0x0000000082d76c48) 
thrown [t:/workspace/open/src/hotspot/share/interpreter/linkResolver.cpp, line 767]
Event: 0.250 Thread 0x000001c05d93b800 Exception <a 'java/lang/NoSuchMethodError'{0x0000000082d46068}: 'int java.lang.invoke.DirectMethodHandle$Holder.invokeVirtual(java.lang.Object, java.lang.Object)'> (0x0000000082d46068) 
thrown [t:/workspace/open/src/hotspot/share/interpreter/linkResolver.cpp, line 767]
Event: 0.254 Thread 0x000001c05d93b800 Exception <a 'java/lang/NoSuchMethodError'{0x0000000082d76708}: 'java.lang.Object java.lang.invoke.Invokers$Holder.linkToTargetMethod(java.lang.Object, java.lang.Object, java.lang.Object, java.lang.Object, java.lang.Object, java.lang.Object)'> (0x0000000082d76708) 
thrown [t:/workspace/open/src/hotspot/share/interpreter/linkResolver.cpp, line 767]
Event: 0.264 Thread 0x000001c05d93b800 Exception <a 'sun/nio/fs/WindowsException'{0x0000000082dc81b0}> (0x0000000082dc81b0) 
thrown [t:/workspace/open/src/hotspot/share/prims/jni.cpp, line 598]
Event: 0.264 Thread 0x000001c05d93b800 Exception <a 'sun/nio/fs/WindowsException'{0x0000000082dc83f0}> (0x0000000082dc83f0) 
thrown [t:/workspace/open/src/hotspot/share/prims/jni.cpp, line 598]
Event: 0.284 Thread 0x000001c05d93b800 Exception <a 'java/lang/NoSuchMethodError'{0x0000000082d401f8}: 'int java.lang.invoke.DirectMethodHandle$Holder.invokeSpecialIFC(java.lang.Object, java.lang.Object, int)'> (0x0000000082d401f8) 
thrown [t:/workspace/open/src/hotspot/share/interpreter/linkResolver.cpp, line 767]
Event: 0.311 Thread 0x000001c05d93b800 Exception <a 'sun/nio/fs/WindowsException'{0x0000000082dfdcb8}> (0x0000000082dfdcb8) 
thrown [t:/workspace/open/src/hotspot/share/prims/jni.cpp, line 598]
Event: 0.311 Thread 0x000001c05d93b800 Exception <a 'sun/nio/fs/WindowsException'{0x0000000082dfdf88}> (0x0000000082dfdf88) 
thrown [t:/workspace/open/src/hotspot/share/prims/jni.cpp, line 598]
Event: 0.311 Thread 0x000001c05d93b800 Exception <a 'sun/nio/fs/WindowsException'{0x0000000082dfeb98}> (0x0000000082dfeb98) 
thrown [t:/workspace/open/src/hotspot/share/prims/jni.cpp, line 598]
Event: 0.311 Thread 0x000001c05d93b800 Exception <a 'sun/nio/fs/WindowsException'{0x0000000082dfeea8}> (0x0000000082dfeea8) 
thrown [t:/workspace/open/src/hotspot/share/prims/jni.cpp, line 598]
Event: 0.330 Thread 0x000001c05d93b800 Exception <a 'java/lang/NoSuchMethodError'{0x0000000082fcc680}: 'int java.lang.invoke.DirectMethodHandle$Holder.invokeSpecial(java.lang.Object, java.lang.Object, java.lang.Object, java.lang.Object)'> (0x0000000082fcc680) 
thrown [t:/workspace/open/src/hotspot/share/interpreter/linkResolver.cpp, line 767]
Event: 0.332 Thread 0x000001c05d93b800 Exception <a 'java/lang/NoSuchMethodError'{0x0000000082fdde90}: 'java.lang.Object java.lang.invoke.DirectMethodHandle$Holder.invokeVirtual(java.lang.Object, java.lang.Object, java.lang.Object, int, int)'> (0x0000000082fdde90) 
thrown [t:/workspace/open/src/hotspot/share/interpreter/linkResolver.cpp, line 767]
Event: 0.333 Thread 0x000001c05d93b800 Exception <a 'java/lang/NoSuchMethodError'{0x0000000082fe4100}: 'java.lang.Object java.lang.invoke.DirectMethodHandle$Holder.invokeVirtual(java.lang.Object, java.lang.Object, int)'> (0x0000000082fe4100) 
thrown [t:/workspace/open/src/hotspot/share/interpreter/linkResolver.cpp, line 767]
Event: 0.333 Thread 0x000001c05d93b800 Exception <a 'java/lang/NoSuchMethodError'{0x0000000082fed580}: 'java.lang.Object java.lang.invoke.DirectMethodHandle$Holder.invokeSpecial(java.lang.Object, java.lang.Object, java.lang.Object, int, int)'> (0x0000000082fed580) 
thrown [t:/workspace/open/src/hotspot/share/interpreter/linkResolver.cpp, line 767]
Event: 0.386 Thread 0x000001c05d93b800 Implicit null exception at 0x000001c06f13d62c to 0x000001c06f13d7e4
Event: 0.406 Thread 0x000001c05d93b800 Exception <a 'sun/nio/fs/WindowsException'{0x0000000082fde0d8}> (0x0000000082fde0d8) 
thrown [t:/workspace/open/src/hotspot/share/prims/jni.cpp, line 598]
Event: 0.409 Thread 0x000001c05d93b800 Exception <a 'sun/nio/fs/WindowsException'{0x0000000082ff3450}> (0x0000000082ff3450) 
thrown [t:/workspace/open/src/hotspot/share/prims/jni.cpp, line 598]
Event: 0.413 Thread 0x000001c05d93b800 Exception <a 'java/lang/NoSuchMethodError'{0x0000000082f04008}: 'int java.lang.invoke.DirectMethodHandle$Holder.invokeSpecial(java.lang.Object, java.lang.Object, java.lang.Object, java.lang.Object, java.lang.Object)'> (0x0000000082f04008) 
thrown [t:/workspace/open/src/hotspot/share/interpreter/linkResolver.cpp, line 767]

Events (20 events):
Event: 0.411 loading class com/sun/tools/javac/tree/JCTree$JCCompilationUnit done
Event: 0.411 Executing VM operation: G1CollectForAllocation
Event: 0.412 Executing VM operation: G1CollectForAllocation done
Event: 0.412 loading class com/sun/tools/javac/tree/JCTree$JCCompilationUnit
Event: 0.412 loading class com/sun/tools/javac/tree/JCTree$JCCompilationUnit done
Event: 0.413 loading class com/sun/tools/javac/code/Symbol$ModuleSymbol
Event: 0.413 loading class com/sun/tools/javac/code/Symbol$ModuleSymbol done
Event: 0.413 loading class com/sun/tools/javac/comp/Enter
Event: 0.413 loading class com/sun/tools/javac/comp/Enter done
Event: 0.414 loading class com/sun/tools/javac/comp/TypeEnter$ImportsPhase
Event: 0.414 loading class com/sun/tools/javac/comp/TypeEnter$ImportsPhase done
Event: 0.414 loading class com/sun/tools/javac/code/Scope
Event: 0.414 loading class com/sun/tools/javac/code/Scope done
Event: 0.414 loading class com/sun/tools/javac/code/Symbol$PackageSymbol
Event: 0.414 loading class com/sun/tools/javac/code/Symbol$PackageSymbol done
Event: 0.414 loading class com/sun/tools/javac/comp/TypeEnter$ImportsPhase
Event: 0.414 loading class com/sun/tools/javac/comp/TypeEnter$ImportsPhase done
Event: 0.414 loading class com/sun/tools/javac/code/Symbol$PackageSymbol
Event: 0.414 loading class com/sun/tools/javac/code/Symbol$PackageSymbol done
Event: 0.420 Executing VM operation: G1CollectForAllocation


Dynamic libraries:
0x00007ff690130000 - 0x00007ff690137000 	C:\Program Files\Java\jdk-13.0.1\bin\javac.exe
0x00007ff92a710000 - 0x00007ff92a905000 	C:\WINDOWS\SYSTEM32\ntdll.dll
0x00007ff92a4f0000 - 0x00007ff92a5ad000 	C:\WINDOWS\System32\KERNEL32.DLL
0x00007ff927e50000 - 0x00007ff928118000 	C:\WINDOWS\System32\KERNELBASE.dll
0x00007ff928120000 - 0x00007ff928220000 	C:\WINDOWS\System32\ucrtbase.dll
0x00007ff920b40000 - 0x00007ff920b58000 	C:\Program Files\Java\jdk-13.0.1\bin\jli.dll
0x00007ff8fd520000 - 0x00007ff8fd535000 	C:\Program Files\Java\jdk-13.0.1\bin\VCRUNTIME140.dll
0x00007ff9296b0000 - 0x00007ff92975c000 	C:\WINDOWS\System32\ADVAPI32.dll
0x00007ff9289e0000 - 0x00007ff928a7e000 	C:\WINDOWS\System32\msvcrt.dll
0x00007ff928930000 - 0x00007ff9289cb000 	C:\WINDOWS\System32\sechost.dll
0x00007ff929430000 - 0x00007ff92955b000 	C:\WINDOWS\System32\RPCRT4.dll
0x00007ff929160000 - 0x00007ff929300000 	C:\WINDOWS\System32\USER32.dll
0x00007ff9282a0000 - 0x00007ff9282c2000 	C:\WINDOWS\System32\win32u.dll
0x00007ff927270000 - 0x00007ff92750a000 	C:\WINDOWS\WinSxS\amd64_microsoft.windows.common-controls_6595b64144ccf1df_6.0.19041.844_none_ca00b6081b84eb1d\COMCTL32.dll
0x00007ff9287d0000 - 0x00007ff9287fa000 	C:\WINDOWS\System32\GDI32.dll
0x00007ff928660000 - 0x00007ff92876b000 	C:\WINDOWS\System32\gdi32full.dll
0x00007ff9282d0000 - 0x00007ff92836d000 	C:\WINDOWS\System32\msvcp_win.dll
0x00007ff9251b0000 - 0x00007ff9251ba000 	C:\WINDOWS\SYSTEM32\VERSION.dll
0x00007ff929560000 - 0x00007ff929590000 	C:\WINDOWS\System32\IMM32.DLL
0x00007ff8efb10000 - 0x00007ff8efbab000 	C:\Program Files\Java\jdk-13.0.1\bin\msvcp140.dll
0x00007ff8eef80000 - 0x00007ff8efae6000 	C:\Program Files\Java\jdk-13.0.1\bin\server\jvm.dll
0x00007ff9289d0000 - 0x00007ff9289d8000 	C:\WINDOWS\System32\PSAPI.DLL
0x00007ff91e930000 - 0x00007ff91e957000 	C:\WINDOWS\SYSTEM32\WINMM.dll
0x00007ff908950000 - 0x00007ff908959000 	C:\WINDOWS\SYSTEM32\WSOCK32.dll
0x00007ff92a5b0000 - 0x00007ff92a61b000 	C:\WINDOWS\System32\WS2_32.dll
0x00007ff925a50000 - 0x00007ff925a62000 	C:\WINDOWS\SYSTEM32\kernel.appcore.dll
0x00007ff907310000 - 0x00007ff907320000 	C:\Program Files\Java\jdk-13.0.1\bin\verify.dll
0x00007ff927880000 - 0x00007ff927a64000 	C:\WINDOWS\SYSTEM32\DBGHELP.DLL
0x00007ff927630000 - 0x00007ff92765c000 	C:\WINDOWS\SYSTEM32\dbgcore.DLL
0x00007ff928480000 - 0x00007ff928500000 	C:\WINDOWS\System32\bcryptPrimitives.dll
0x00007ff8f80c0000 - 0x00007ff8f80e6000 	C:\Program Files\Java\jdk-13.0.1\bin\java.dll
0x00007ff8f2620000 - 0x00007ff8f2637000 	C:\Program Files\Java\jdk-13.0.1\bin\zip.dll
0x00007ff907080000 - 0x00007ff90708a000 	C:\Program Files\Java\jdk-13.0.1\bin\jimage.dll
0x00007ff929d80000 - 0x00007ff92a4c2000 	C:\WINDOWS\System32\SHELL32.dll
0x00007ff9252b0000 - 0x00007ff925a40000 	C:\WINDOWS\SYSTEM32\windows.storage.dll
0x00007ff928e00000 - 0x00007ff929155000 	C:\WINDOWS\System32\combase.dll
0x00007ff9271d0000 - 0x00007ff9271fc000 	C:\WINDOWS\SYSTEM32\Wldp.dll
0x00007ff928800000 - 0x00007ff9288ae000 	C:\WINDOWS\System32\SHCORE.dll
0x00007ff928770000 - 0x00007ff9287c5000 	C:\WINDOWS\System32\shlwapi.dll
0x00007ff927d90000 - 0x00007ff927daf000 	C:\WINDOWS\SYSTEM32\profapi.dll
0x00007ff8f2600000 - 0x00007ff8f2619000 	C:\Program Files\Java\jdk-13.0.1\bin\net.dll
0x00007ff919240000 - 0x00007ff91934b000 	C:\WINDOWS\SYSTEM32\WINHTTP.dll
0x00007ff9270b0000 - 0x00007ff92711a000 	C:\WINDOWS\system32\mswsock.dll
0x00007ff8efeb0000 - 0x00007ff8efec3000 	C:\Program Files\Java\jdk-13.0.1\bin\nio.dll

dbghelp: loaded successfully - version: 4.0.5 - missing functions: none
symbol engine: initialized successfully - sym options: 0x614 - pdb path: .;C:\Program Files\Java\jdk-13.0.1\bin;C:\WINDOWS\SYSTEM32;C:\WINDOWS\WinSxS\amd64_microsoft.windows.common-controls_6595b64144ccf1df_6.0.19041.844_none_ca00b6081b84eb1d;C:\Program Files\Java\jdk-13.0.1\bin\server

VM Arguments:
jvm_args: -Dapplication.home=C:\Program Files\Java\jdk-13.0.1 --add-modules=ALL-DEFAULT -Xms8m -Djdk.module.main=jdk.compiler 
java_command: jdk.compiler/com.sun.tools.javac.Main -d D:\JavaNetBeansProjects\Hotel Management System\build\classes -classpath D:\JavaNetBeansProjects\Hotel Management System\build\classes;C:\Program Files\NetBeans-12.0\netbeans\ide\modules\ext\postgresql-42.2.10.jar;C:\Users\Goutam\Downloads\jar_files.zip;C:\Users\Goutam\Downloads\mysql-connector-java-8.0.25.jar;C:\Users\Goutam\OneDrive\Desktop\mysql-connector-java-8.0.25.zip -sourcepath D:\JavaNetBeansProjects\Hotel Management System\src -target 13 -encoding UTF-8 -g -processorpath C:\Program Files\NetBeans-12.0\netbeans\ide\modules\ext\postgresql-42.2.10.jar;C:\Users\Goutam\Downloads\jar_files.zip;C:\Users\Goutam\Downloads\mysql-connector-java-8.0.25.jar;C:\Users\Goutam\OneDrive\Desktop\mysql-connector-java-8.0.25.zip;D:\JavaNetBeansProjects\Hotel Management System\build\empty -s D:\JavaNetBeansProjects\Hotel Management System\build\generated-sources\ap-source-output -source 13 D:\JavaNetBeansProjects\Hotel Management System\src\hotel\management\system\AddEmployee.java
java_class_path (initial): <not set>
Launcher Type: SUN_STANDARD

[Global flags]
     intx CICompilerCount                          = 4                                         {product} {ergonomic}
     uint ConcGCThreads                            = 2                                         {product} {ergonomic}
     uint G1ConcRefinementThreads                  = 8                                         {product} {ergonomic}
   size_t G1HeapRegionSize                         = 1048576                                   {product} {ergonomic}
    uintx GCDrainStackTargetSize                   = 64                                        {product} {ergonomic}
   size_t InitialHeapSize                          = 8388608                                   {product} {command line}
   size_t MarkStackSize                            = 4194304                                   {product} {ergonomic}
   size_t MaxHeapSize                              = 2107637760                                {product} {ergonomic}
   size_t MaxNewSize                               = 1264582656                                {product} {ergonomic}
   size_t MinHeapDeltaBytes                        = 1048576                                   {product} {ergonomic}
   size_t MinHeapSize                              = 8388608                                   {product} {command line}
    uintx NonNMethodCodeHeapSize                   = 5836300                                {pd product} {ergonomic}
    uintx NonProfiledCodeHeapSize                  = 122910970                              {pd product} {ergonomic}
    uintx ProfiledCodeHeapSize                     = 122910970                              {pd product} {ergonomic}
    uintx ReservedCodeCacheSize                    = 251658240                              {pd product} {ergonomic}
     bool SegmentedCodeCache                       = true                                      {product} {ergonomic}
   size_t SoftMaxHeapSize                          = 2107637760                             {manageable} {ergonomic}
     bool UseCompressedClassPointers               = true                                 {lp64_product} {ergonomic}
     bool UseCompressedOops                        = true                                 {lp64_product} {ergonomic}
     bool UseG1GC                                  = true                                      {product} {ergonomic}
     bool UseLargePagesIndividualAllocation        = false                                  {pd product} {ergonomic}

Logging:
Log output configuration:
 #0: stdout all=warning uptime,level,tags
 #1: stderr all=off uptime,level,tags

Environment Variables:
PATH=C:\Windows;C:\Windows\system32;C:\Windows\System32\Wbem;C:\Windows\System32\WindowsPowerShell\v1.0\;C:\Windows\System32\OpenSSH\;C:\Program Files (x86)\Intel\Intel(R) Management Engine Components\DAL;C:\Program Files\Intel\Intel(R) Management Engine Components\DAL;C:\Program Files (x86)\NVIDIA Corporation\PhysX\Common;C:\Program Files\Java\jre1.8.0_231\bin;C:\Program Files\Java\jdk-13.0.1\bin;C:\Program Files\PostgreSQL\12\bin;C:\WINDOWS\system32;C:\WINDOWS;C:\WINDOWS\System32\Wbem;C:\WINDOWS\System32\WindowsPowerShell\v1.0\;C:\WINDOWS\System32\OpenSSH\;C:\Program Files (x86)\Brackets\command;C:\Program Files\Git\cmd;C:\Program Files\nodejs\;C:\Program Files\MySQL\MySQL Shell 8.0\bin\;C:\Ruby27-x64\bin;C:\Users\Goutam\AppData\Local\Programs\Python\Python38-32\Scripts\;C:\Users\Goutam\AppData\Local\Programs\Python\Python38-32\;C:\Users\Goutam\AppData\Local\Microsoft\WindowsApps;C:\Users\Goutam\AppData\Local\Programs\Microsoft VS Code\bin;C:\Users\Goutam\AppData\Roaming\npm;C:\MinGW\bin;
USERNAME=Goutam
OS=Windows_NT
PROCESSOR_IDENTIFIER=Intel64 Family 6 Model 158 Stepping 10, GenuineIntel



---------------  S Y S T E M  ---------------

OS: Windows 10 , 64 bit Build 19041 (10.0.19041.928)

CPU:total 8 (initial active 8) (4 cores per cpu, 2 threads per core) family 6 model 158 stepping 10, cmov, cx8, fxsr, mmx, sse, sse2, sse3, ssse3, sse4.1, sse4.2, popcnt, avx, avx2, aes, clmul, erms, 3dnowpref, lzcnt, ht, tsc, tscinvbit, bmi1, bmi2, adx, fma

Memory: 4k page, system-wide physical 8034M (1839M free)
TotalPageFile size 23153M (AvailPageFile size 9M)
current process WorkingSet (physical memory assigned to process): 65M, peak: 65M
current process commit charge ("private bytes"): 105M, peak: 110M

vm_info: Java HotSpot(TM) 64-Bit Server VM (13.0.1+9) for windows-amd64 JRE (13.0.1+9), built on Oct  6 2019 12:37:49 by "mach5one" with unknown MS VC++:1916

END.
